[1.636s] Invoking command in '/home/imnotarobot/ros2_ws/src/Robile/robile_bringup': PYTHONPATH=/home/imnotarobot/ros2_ws/build/robile_bringup/prefix_override:/home/imnotarobot/ros2_ws/install/robile_bringup/lib/python3.10/site-packages:${PYTHONPATH} /usr/bin/python3 setup.py egg_info --egg-base ../../../build/robile_bringup build --build-base /home/imnotarobot/ros2_ws/build/robile_bringup/build install --record /home/imnotarobot/ros2_ws/build/robile_bringup/install.log --single-version-externally-managed
[1.957s] running egg_info
[1.958s] writing ../../../build/robile_bringup/robile_bringup.egg-info/PKG-INFO
[1.958s] writing dependency_links to ../../../build/robile_bringup/robile_bringup.egg-info/dependency_links.txt
[1.959s] writing entry points to ../../../build/robile_bringup/robile_bringup.egg-info/entry_points.txt
[1.959s] writing requirements to ../../../build/robile_bringup/robile_bringup.egg-info/requires.txt
[1.959s] writing top-level names to ../../../build/robile_bringup/robile_bringup.egg-info/top_level.txt
[1.961s] reading manifest file '../../../build/robile_bringup/robile_bringup.egg-info/SOURCES.txt'
[1.963s] writing manifest file '../../../build/robile_bringup/robile_bringup.egg-info/SOURCES.txt'
[1.963s] running build
[1.963s] running build_py
[1.963s] running install
[1.963s] /usr/lib/python3/dist-packages/setuptools/command/install.py:34: SetuptoolsDeprecationWarning: setup.py install is deprecated. Use build and pip and other standards-based tools.
[1.963s]   warnings.warn(
[1.964s] running install_lib
[1.965s] running install_data
[1.966s] running install_egg_info
[1.969s] removing '/home/imnotarobot/ros2_ws/install/robile_bringup/lib/python3.10/site-packages/robile_bringup-0.0.0-py3.10.egg-info' (and everything under it)
[1.969s] Copying ../../../build/robile_bringup/robile_bringup.egg-info to /home/imnotarobot/ros2_ws/install/robile_bringup/lib/python3.10/site-packages/robile_bringup-0.0.0-py3.10.egg-info
[1.970s] running install_scripts
[1.997s] writing list of installed files to '/home/imnotarobot/ros2_ws/build/robile_bringup/install.log'
[2.186s] Invoked command in '/home/imnotarobot/ros2_ws/src/Robile/robile_bringup' returned '0': PYTHONPATH=/home/imnotarobot/ros2_ws/build/robile_bringup/prefix_override:/home/imnotarobot/ros2_ws/install/robile_bringup/lib/python3.10/site-packages:${PYTHONPATH} /usr/bin/python3 setup.py egg_info --egg-base ../../../build/robile_bringup build --build-base /home/imnotarobot/ros2_ws/build/robile_bringup/build install --record /home/imnotarobot/ros2_ws/build/robile_bringup/install.log --single-version-externally-managed
