[0.111s] Invoking command in '/home/imnotarobot/ros2_ws/build/robile_navigation': AMENT_PREFIX_PATH=/home/imnotarobot/ros2_ws/install/robile_interfaces:${AMENT_PREFIX_PATH} CMAKE_PREFIX_PATH=/home/imnotarobot/ros2_ws/install/robile_interfaces:/opt/ros/humble LD_LIBRARY_PATH=/home/imnotarobot/ros2_ws/install/robile_interfaces/lib:${LD_LIBRARY_PATH} PYTHONPATH=/home/imnotarobot/ros2_ws/install/robile_interfaces/local/lib/python3.10/dist-packages:${PYTHONPATH} /usr/bin/cmake --build /home/imnotarobot/ros2_ws/build/robile_navigation -- -j12 -l12
[0.193s] Built target ament_cmake_python_copy_robile_navigation
[0.625s] running egg_info
[0.626s] writing robile_navigation.egg-info/PKG-INFO
[0.626s] writing dependency_links to robile_navigation.egg-info/dependency_links.txt
[0.626s] writing top-level names to robile_navigation.egg-info/top_level.txt
[0.632s] reading manifest file 'robile_navigation.egg-info/SOURCES.txt'
[0.634s] writing manifest file 'robile_navigation.egg-info/SOURCES.txt'
[0.683s] Built target ament_cmake_python_build_robile_navigation_egg
[0.696s] Invoked command in '/home/imnotarobot/ros2_ws/build/robile_navigation' returned '0': AMENT_PREFIX_PATH=/home/imnotarobot/ros2_ws/install/robile_interfaces:${AMENT_PREFIX_PATH} CMAKE_PREFIX_PATH=/home/imnotarobot/ros2_ws/install/robile_interfaces:/opt/ros/humble LD_LIBRARY_PATH=/home/imnotarobot/ros2_ws/install/robile_interfaces/lib:${LD_LIBRARY_PATH} PYTHONPATH=/home/imnotarobot/ros2_ws/install/robile_interfaces/local/lib/python3.10/dist-packages:${PYTHONPATH} /usr/bin/cmake --build /home/imnotarobot/ros2_ws/build/robile_navigation -- -j12 -l12
[0.734s] Invoking command in '/home/imnotarobot/ros2_ws/build/robile_navigation': AMENT_PREFIX_PATH=/home/imnotarobot/ros2_ws/install/robile_interfaces:${AMENT_PREFIX_PATH} CMAKE_PREFIX_PATH=/home/imnotarobot/ros2_ws/install/robile_interfaces:/opt/ros/humble LD_LIBRARY_PATH=/home/imnotarobot/ros2_ws/install/robile_interfaces/lib:${LD_LIBRARY_PATH} PYTHONPATH=/home/imnotarobot/ros2_ws/install/robile_interfaces/local/lib/python3.10/dist-packages:${PYTHONPATH} /usr/bin/cmake --install /home/imnotarobot/ros2_ws/build/robile_navigation
[0.744s] -- Install configuration: ""
[0.744s] -- Up-to-date: /home/imnotarobot/ros2_ws/install/robile_navigation/share/robile_navigation/launch
[0.744s] -- Up-to-date: /home/imnotarobot/ros2_ws/install/robile_navigation/share/robile_navigation/launch/navigation.launch.py
[0.744s] -- Up-to-date: /home/imnotarobot/ros2_ws/install/robile_navigation/share/robile_navigation/launch/robile_nav2_bringup.launch.py
[0.744s] -- Up-to-date: /home/imnotarobot/ros2_ws/install/robile_navigation/share/robile_navigation/launch/localization.launch.py
[0.744s] -- Up-to-date: /home/imnotarobot/ros2_ws/install/robile_navigation/share/robile_navigation/launch/online_async.launch.py
[0.745s] -- Up-to-date: /home/imnotarobot/ros2_ws/install/robile_navigation/share/robile_navigation/launch/landmark_based_localisation.launch.py
[0.745s] -- Up-to-date: /home/imnotarobot/ros2_ws/install/robile_navigation/share/robile_navigation/config
[0.745s] -- Up-to-date: /home/imnotarobot/ros2_ws/install/robile_navigation/share/robile_navigation/config/nav2_params.yaml
[0.745s] -- Up-to-date: /home/imnotarobot/ros2_ws/install/robile_navigation/share/robile_navigation/config/smacPlannerLattice.json
[0.745s] -- Up-to-date: /home/imnotarobot/ros2_ws/install/robile_navigation/share/robile_navigation/config/mapper_params_online_async.yaml
[0.745s] -- Up-to-date: /home/imnotarobot/ros2_ws/install/robile_navigation/share/robile_navigation/config/robile_nav_params.yaml
[0.745s] -- Up-to-date: /home/imnotarobot/ros2_ws/install/robile_navigation/share/robile_navigation/config/amcl_config.yaml
[0.745s] -- Up-to-date: /home/imnotarobot/ros2_ws/install/robile_navigation/share/robile_navigation/config/robile_ros2_nav.rviz
[0.745s] -- Up-to-date: /home/imnotarobot/ros2_ws/install/robile_navigation/share/robile_navigation/maps
[0.745s] -- Up-to-date: /home/imnotarobot/ros2_ws/install/robile_navigation/share/robile_navigation/maps/map1.pgm
[0.746s] -- Up-to-date: /home/imnotarobot/ros2_ws/install/robile_navigation/share/robile_navigation/maps/map.yaml
[0.746s] -- Up-to-date: /home/imnotarobot/ros2_ws/install/robile_navigation/share/robile_navigation/maps/map1.yaml
[0.746s] -- Up-to-date: /home/imnotarobot/ros2_ws/install/robile_navigation/share/robile_navigation/maps/closed_walls_map.pgm
[0.746s] -- Up-to-date: /home/imnotarobot/ros2_ws/install/robile_navigation/share/robile_navigation/maps/map.pgm
[0.746s] -- Up-to-date: /home/imnotarobot/ros2_ws/install/robile_navigation/share/robile_navigation/maps/closed_walls_map.yaml
[0.746s] -- Up-to-date: /home/imnotarobot/ros2_ws/install/robile_navigation/share/robile_navigation/environment/pythonpath.sh
[0.746s] -- Up-to-date: /home/imnotarobot/ros2_ws/install/robile_navigation/share/robile_navigation/environment/pythonpath.dsv
[0.746s] -- Up-to-date: /home/imnotarobot/ros2_ws/install/robile_navigation/local/lib/python3.10/dist-packages/robile_navigation-0.0.0-py3.10.egg-info
[0.746s] -- Installing: /home/imnotarobot/ros2_ws/install/robile_navigation/local/lib/python3.10/dist-packages/robile_navigation-0.0.0-py3.10.egg-info/dependency_links.txt
[0.746s] -- Installing: /home/imnotarobot/ros2_ws/install/robile_navigation/local/lib/python3.10/dist-packages/robile_navigation-0.0.0-py3.10.egg-info/top_level.txt
[0.746s] -- Installing: /home/imnotarobot/ros2_ws/install/robile_navigation/local/lib/python3.10/dist-packages/robile_navigation-0.0.0-py3.10.egg-info/SOURCES.txt
[0.746s] -- Installing: /home/imnotarobot/ros2_ws/install/robile_navigation/local/lib/python3.10/dist-packages/robile_navigation-0.0.0-py3.10.egg-info/PKG-INFO
[0.746s] -- Up-to-date: /home/imnotarobot/ros2_ws/install/robile_navigation/local/lib/python3.10/dist-packages/robile_navigation
[0.747s] -- Up-to-date: /home/imnotarobot/ros2_ws/install/robile_navigation/local/lib/python3.10/dist-packages/robile_navigation/__init__.py
[0.795s] Listing '/home/imnotarobot/ros2_ws/install/robile_navigation/local/lib/python3.10/dist-packages/robile_navigation'...
[0.800s] -- Up-to-date: /home/imnotarobot/ros2_ws/install/robile_navigation/lib/robile_navigation/robile_rfid_tag_finder.py
[0.801s] -- Up-to-date: /home/imnotarobot/ros2_ws/install/robile_navigation/share/ament_index/resource_index/package_run_dependencies/robile_navigation
[0.801s] -- Up-to-date: /home/imnotarobot/ros2_ws/install/robile_navigation/share/ament_index/resource_index/parent_prefix_path/robile_navigation
[0.801s] -- Up-to-date: /home/imnotarobot/ros2_ws/install/robile_navigation/share/robile_navigation/environment/ament_prefix_path.sh
[0.801s] -- Up-to-date: /home/imnotarobot/ros2_ws/install/robile_navigation/share/robile_navigation/environment/ament_prefix_path.dsv
[0.801s] -- Up-to-date: /home/imnotarobot/ros2_ws/install/robile_navigation/share/robile_navigation/environment/path.sh
[0.801s] -- Up-to-date: /home/imnotarobot/ros2_ws/install/robile_navigation/share/robile_navigation/environment/path.dsv
[0.802s] -- Up-to-date: /home/imnotarobot/ros2_ws/install/robile_navigation/share/robile_navigation/local_setup.bash
[0.802s] -- Up-to-date: /home/imnotarobot/ros2_ws/install/robile_navigation/share/robile_navigation/local_setup.sh
[0.802s] -- Up-to-date: /home/imnotarobot/ros2_ws/install/robile_navigation/share/robile_navigation/local_setup.zsh
[0.802s] -- Up-to-date: /home/imnotarobot/ros2_ws/install/robile_navigation/share/robile_navigation/local_setup.dsv
[0.802s] -- Installing: /home/imnotarobot/ros2_ws/install/robile_navigation/share/robile_navigation/package.dsv
[0.806s] -- Up-to-date: /home/imnotarobot/ros2_ws/install/robile_navigation/share/ament_index/resource_index/packages/robile_navigation
[0.806s] -- Up-to-date: /home/imnotarobot/ros2_ws/install/robile_navigation/share/robile_navigation/cmake/robile_navigationConfig.cmake
[0.806s] -- Up-to-date: /home/imnotarobot/ros2_ws/install/robile_navigation/share/robile_navigation/cmake/robile_navigationConfig-version.cmake
[0.806s] -- Up-to-date: /home/imnotarobot/ros2_ws/install/robile_navigation/share/robile_navigation/package.xml
[0.809s] Invoked command in '/home/imnotarobot/ros2_ws/build/robile_navigation' returned '0': AMENT_PREFIX_PATH=/home/imnotarobot/ros2_ws/install/robile_interfaces:${AMENT_PREFIX_PATH} CMAKE_PREFIX_PATH=/home/imnotarobot/ros2_ws/install/robile_interfaces:/opt/ros/humble LD_LIBRARY_PATH=/home/imnotarobot/ros2_ws/install/robile_interfaces/lib:${LD_LIBRARY_PATH} PYTHONPATH=/home/imnotarobot/ros2_ws/install/robile_interfaces/local/lib/python3.10/dist-packages:${PYTHONPATH} /usr/bin/cmake --install /home/imnotarobot/ros2_ws/build/robile_navigation
