[0.000000] (-) TimerEvent: {}
[0.000231] (-) JobUnselected: {'identifier': 'kelo_tulip'}
[0.000269] (-) JobUnselected: {'identifier': 'py_trees_ros'}
[0.000286] (-) JobUnselected: {'identifier': 'robile_bringup'}
[0.000351] (-) JobUnselected: {'identifier': 'robile_control_simple'}
[0.000366] (-) JobUnselected: {'identifier': 'robile_description'}
[0.000380] (-) JobUnselected: {'identifier': 'robile_gazebo'}
[0.000393] (-) JobUnselected: {'identifier': 'robile_interfaces'}
[0.000418] (-) JobUnselected: {'identifier': 'robile_reach_goal'}
[0.000491] (robile_navigation) JobQueued: {'identifier': 'robile_navigation', 'dependencies': OrderedDict([('robile_interfaces', '/home/imnotarobot/ros2_ws/install/robile_interfaces')])}
[0.000543] (robile_navigation) JobStarted: {'identifier': 'robile_navigation'}
[0.028819] (robile_navigation) JobProgress: {'identifier': 'robile_navigation', 'progress': 'cmake'}
[0.029221] (robile_navigation) JobProgress: {'identifier': 'robile_navigation', 'progress': 'build'}
[0.029711] (robile_navigation) Command: {'cmd': ['/usr/bin/cmake', '--build', '/home/imnotarobot/ros2_ws/build/robile_navigation', '--', '-j12', '-l12'], 'cwd': '/home/imnotarobot/ros2_ws/build/robile_navigation', 'env': OrderedDict([('LANGUAGE', 'en'), ('ROBOT_ENV', 'map_name'), ('USER', 'imnotarobot'), ('LC_TIME', 'de_DE.UTF-8'), ('XDG_SESSION_TYPE', 'x11'), ('SHLVL', '1'), ('LD_LIBRARY_PATH', '/home/imnotarobot/ros2_ws/install/robile_interfaces/lib'), ('HOME', '/home/imnotarobot'), ('OLDPWD', '/home/imnotarobot/ros2_ws'), ('DESKTOP_SESSION', 'ubuntu'), ('GNOME_SHELL_SESSION_MODE', 'ubuntu'), ('GTK_MODULES', 'gail:atk-bridge'), ('LC_MONETARY', 'de_DE.UTF-8'), ('DBUS_STARTER_BUS_TYPE', 'session'), ('SYSTEMD_EXEC_PID', '14136'), ('DBUS_SESSION_BUS_ADDRESS', 'unix:path=/run/user/1001/bus,guid=8c35dbba40c3d834dce7401765956e90'), ('COLORTERM', 'truecolor'), ('COLCON_PREFIX_PATH', '/home/imnotarobot/ros2_ws/install'), ('GTK_IM_MODULE', 'ibus'), ('LOGNAME', 'imnotarobot'), ('_', '/usr/bin/colcon'), ('XDG_SESSION_CLASS', 'user'), ('USERNAME', 'imnotarobot'), ('TERM', 'xterm-256color'), ('GNOME_DESKTOP_SESSION_ID', 'this-is-deprecated'), ('ROBOT_NAME', 'robile_gazebo'), ('WINDOWPATH', '3'), ('PATH', '/home/imnotarobot/ros2_ws/install/py_trees_ros/bin:/home/imnotarobot/.local/bin:/usr/local/sbin:/usr/local/bin:/usr/sbin:/usr/bin:/sbin:/bin:/usr/games:/usr/local/games:/snap/bin:/snap/bin'), ('SESSION_MANAGER', 'local/primel:@/tmp/.ICE-unix/14136,unix/primel:/tmp/.ICE-unix/14136'), ('XDG_MENU_PREFIX', 'gnome-'), ('LC_ADDRESS', 'de_DE.UTF-8'), ('GNOME_TERMINAL_SCREEN', '/org/gnome/Terminal/screen/d28b1ede_2aec_423e_b077_ec952e0d72a2'), ('XDG_RUNTIME_DIR', '/run/user/1001'), ('DISPLAY', ':2'), ('LANG', 'en_US.UTF-8'), ('XDG_CURRENT_DESKTOP', 'ubuntu:GNOME'), ('LC_TELEPHONE', 'de_DE.UTF-8'), ('XMODIFIERS', '@im=ibus'), ('XDG_SESSION_DESKTOP', 'ubuntu'), ('XAUTHORITY', '/run/user/1001/gdm/Xauthority'), ('GNOME_TERMINAL_SERVICE', ':1.182'), ('SSH_AGENT_LAUNCHER', 'gnome-keyring'), ('SSH_AUTH_SOCK', '/run/user/1001/keyring/ssh'), ('AMENT_PREFIX_PATH', '/home/imnotarobot/ros2_ws/install/robile_reach_goal:/home/imnotarobot/ros2_ws/install/robile_navigation:/home/imnotarobot/ros2_ws/install/robile_interfaces:/home/imnotarobot/ros2_ws/install/robile_gazebo:/home/imnotarobot/ros2_ws/install/robile_description:/home/imnotarobot/ros2_ws/install/robile_control_simple:/home/imnotarobot/ros2_ws/install/robile_bringup:/home/imnotarobot/ros2_ws/install/py_trees_ros:/home/imnotarobot/ros2_ws/install/kelo_tulip'), ('SHELL', '/bin/bash'), ('LC_NAME', 'de_DE.UTF-8'), ('QT_ACCESSIBILITY', '1'), ('GDMSESSION', 'ubuntu'), ('LC_MEASUREMENT', 'de_DE.UTF-8'), ('GPG_AGENT_INFO', '/run/user/1001/gnupg/S.gpg-agent:0:1'), ('LC_IDENTIFICATION', 'de_DE.UTF-8'), ('QT_IM_MODULE', 'ibus'), ('PWD', '/home/imnotarobot/ros2_ws/build/robile_navigation'), ('LC_ALL', 'en_US.UTF-8'), ('XDG_CONFIG_DIRS', '/etc/xdg/xdg-ubuntu:/etc/xdg'), ('DBUS_STARTER_ADDRESS', 'unix:path=/run/user/1001/bus,guid=8c35dbba40c3d834dce7401765956e90'), ('XDG_DATA_DIRS', '/usr/share/ubuntu:/usr/share/gnome:/home/imnotarobot/.local/share/flatpak/exports/share:/var/lib/flatpak/exports/share:/usr/local/share/:/usr/share/:/var/lib/snapd/desktop'), ('PYTHONPATH', '/home/imnotarobot/ros2_ws/install/robile_reach_goal/lib/python3.10/site-packages:/home/imnotarobot/ros2_ws/install/robile_navigation/local/lib/python3.10/dist-packages:/home/imnotarobot/ros2_ws/install/robile_interfaces/local/lib/python3.10/dist-packages:/home/imnotarobot/ros2_ws/install/robile_control_simple/lib/python3.10/site-packages:/home/imnotarobot/ros2_ws/install/robile_bringup/lib/python3.10/site-packages:/home/imnotarobot/ros2_ws/install/py_trees_ros/lib/python3.10/site-packages'), ('LC_NUMERIC', 'de_DE.UTF-8'), ('LC_PAPER', 'de_DE.UTF-8'), ('COLCON', '1'), ('VTE_VERSION', '6800'), ('CMAKE_PREFIX_PATH', '/home/imnotarobot/ros2_ws/install/robile_interfaces:/home/imnotarobot/ros2_ws/install/robile_navigation:/home/imnotarobot/ros2_ws/install/robile_gazebo:/home/imnotarobot/ros2_ws/install/robile_description:/home/imnotarobot/ros2_ws/install/kelo_tulip:/home/imnotarobot/ros2_ws/install/robile_reach_goal:/home/imnotarobot/ros2_ws/install/robile_control_simple:/home/imnotarobot/ros2_ws/install/robile_bringup:/home/imnotarobot/ros2_ws/install/py_trees_ros')]), 'shell': False}
[0.069041] (robile_navigation) StdoutLine: {'line': b'Built target ament_cmake_python_copy_robile_navigation\n'}
[0.099364] (-) TimerEvent: {}
[0.199600] (-) TimerEvent: {}
[0.227513] (robile_navigation) StdoutLine: {'line': b'running egg_info\n'}
[0.227861] (robile_navigation) StdoutLine: {'line': b'writing robile_navigation.egg-info/PKG-INFO\n'}
[0.228014] (robile_navigation) StdoutLine: {'line': b'writing dependency_links to robile_navigation.egg-info/dependency_links.txt\n'}
[0.228178] (robile_navigation) StdoutLine: {'line': b'writing top-level names to robile_navigation.egg-info/top_level.txt\n'}
[0.229331] (robile_navigation) StdoutLine: {'line': b"reading manifest file 'robile_navigation.egg-info/SOURCES.txt'\n"}
[0.229776] (robile_navigation) StdoutLine: {'line': b"writing manifest file 'robile_navigation.egg-info/SOURCES.txt'\n"}
[0.247109] (robile_navigation) StdoutLine: {'line': b'Built target ament_cmake_python_build_robile_navigation_egg\n'}
[0.254255] (robile_navigation) CommandEnded: {'returncode': 0}
[0.268475] (robile_navigation) JobProgress: {'identifier': 'robile_navigation', 'progress': 'install'}
[0.274313] (robile_navigation) Command: {'cmd': ['/usr/bin/cmake', '--install', '/home/imnotarobot/ros2_ws/build/robile_navigation'], 'cwd': '/home/imnotarobot/ros2_ws/build/robile_navigation', 'env': OrderedDict([('LANGUAGE', 'en'), ('ROBOT_ENV', 'map_name'), ('USER', 'imnotarobot'), ('LC_TIME', 'de_DE.UTF-8'), ('XDG_SESSION_TYPE', 'x11'), ('SHLVL', '1'), ('LD_LIBRARY_PATH', '/home/imnotarobot/ros2_ws/install/robile_interfaces/lib'), ('HOME', '/home/imnotarobot'), ('OLDPWD', '/home/imnotarobot/ros2_ws'), ('DESKTOP_SESSION', 'ubuntu'), ('GNOME_SHELL_SESSION_MODE', 'ubuntu'), ('GTK_MODULES', 'gail:atk-bridge'), ('LC_MONETARY', 'de_DE.UTF-8'), ('DBUS_STARTER_BUS_TYPE', 'session'), ('SYSTEMD_EXEC_PID', '14136'), ('DBUS_SESSION_BUS_ADDRESS', 'unix:path=/run/user/1001/bus,guid=8c35dbba40c3d834dce7401765956e90'), ('COLORTERM', 'truecolor'), ('COLCON_PREFIX_PATH', '/home/imnotarobot/ros2_ws/install'), ('GTK_IM_MODULE', 'ibus'), ('LOGNAME', 'imnotarobot'), ('_', '/usr/bin/colcon'), ('XDG_SESSION_CLASS', 'user'), ('USERNAME', 'imnotarobot'), ('TERM', 'xterm-256color'), ('GNOME_DESKTOP_SESSION_ID', 'this-is-deprecated'), ('ROBOT_NAME', 'robile_gazebo'), ('WINDOWPATH', '3'), ('PATH', '/home/imnotarobot/ros2_ws/install/py_trees_ros/bin:/home/imnotarobot/.local/bin:/usr/local/sbin:/usr/local/bin:/usr/sbin:/usr/bin:/sbin:/bin:/usr/games:/usr/local/games:/snap/bin:/snap/bin'), ('SESSION_MANAGER', 'local/primel:@/tmp/.ICE-unix/14136,unix/primel:/tmp/.ICE-unix/14136'), ('XDG_MENU_PREFIX', 'gnome-'), ('LC_ADDRESS', 'de_DE.UTF-8'), ('GNOME_TERMINAL_SCREEN', '/org/gnome/Terminal/screen/d28b1ede_2aec_423e_b077_ec952e0d72a2'), ('XDG_RUNTIME_DIR', '/run/user/1001'), ('DISPLAY', ':2'), ('LANG', 'en_US.UTF-8'), ('XDG_CURRENT_DESKTOP', 'ubuntu:GNOME'), ('LC_TELEPHONE', 'de_DE.UTF-8'), ('XMODIFIERS', '@im=ibus'), ('XDG_SESSION_DESKTOP', 'ubuntu'), ('XAUTHORITY', '/run/user/1001/gdm/Xauthority'), ('GNOME_TERMINAL_SERVICE', ':1.182'), ('SSH_AGENT_LAUNCHER', 'gnome-keyring'), ('SSH_AUTH_SOCK', '/run/user/1001/keyring/ssh'), ('AMENT_PREFIX_PATH', '/home/imnotarobot/ros2_ws/install/robile_reach_goal:/home/imnotarobot/ros2_ws/install/robile_navigation:/home/imnotarobot/ros2_ws/install/robile_interfaces:/home/imnotarobot/ros2_ws/install/robile_gazebo:/home/imnotarobot/ros2_ws/install/robile_description:/home/imnotarobot/ros2_ws/install/robile_control_simple:/home/imnotarobot/ros2_ws/install/robile_bringup:/home/imnotarobot/ros2_ws/install/py_trees_ros:/home/imnotarobot/ros2_ws/install/kelo_tulip'), ('SHELL', '/bin/bash'), ('LC_NAME', 'de_DE.UTF-8'), ('QT_ACCESSIBILITY', '1'), ('GDMSESSION', 'ubuntu'), ('LC_MEASUREMENT', 'de_DE.UTF-8'), ('GPG_AGENT_INFO', '/run/user/1001/gnupg/S.gpg-agent:0:1'), ('LC_IDENTIFICATION', 'de_DE.UTF-8'), ('QT_IM_MODULE', 'ibus'), ('PWD', '/home/imnotarobot/ros2_ws/build/robile_navigation'), ('LC_ALL', 'en_US.UTF-8'), ('XDG_CONFIG_DIRS', '/etc/xdg/xdg-ubuntu:/etc/xdg'), ('DBUS_STARTER_ADDRESS', 'unix:path=/run/user/1001/bus,guid=8c35dbba40c3d834dce7401765956e90'), ('XDG_DATA_DIRS', '/usr/share/ubuntu:/usr/share/gnome:/home/imnotarobot/.local/share/flatpak/exports/share:/var/lib/flatpak/exports/share:/usr/local/share/:/usr/share/:/var/lib/snapd/desktop'), ('PYTHONPATH', '/home/imnotarobot/ros2_ws/install/robile_reach_goal/lib/python3.10/site-packages:/home/imnotarobot/ros2_ws/install/robile_navigation/local/lib/python3.10/dist-packages:/home/imnotarobot/ros2_ws/install/robile_interfaces/local/lib/python3.10/dist-packages:/home/imnotarobot/ros2_ws/install/robile_control_simple/lib/python3.10/site-packages:/home/imnotarobot/ros2_ws/install/robile_bringup/lib/python3.10/site-packages:/home/imnotarobot/ros2_ws/install/py_trees_ros/lib/python3.10/site-packages'), ('LC_NUMERIC', 'de_DE.UTF-8'), ('LC_PAPER', 'de_DE.UTF-8'), ('COLCON', '1'), ('VTE_VERSION', '6800'), ('CMAKE_PREFIX_PATH', '/home/imnotarobot/ros2_ws/install/robile_interfaces:/home/imnotarobot/ros2_ws/install/robile_navigation:/home/imnotarobot/ros2_ws/install/robile_gazebo:/home/imnotarobot/ros2_ws/install/robile_description:/home/imnotarobot/ros2_ws/install/kelo_tulip:/home/imnotarobot/ros2_ws/install/robile_reach_goal:/home/imnotarobot/ros2_ws/install/robile_control_simple:/home/imnotarobot/ros2_ws/install/robile_bringup:/home/imnotarobot/ros2_ws/install/py_trees_ros')]), 'shell': False}
[0.280396] (robile_navigation) StdoutLine: {'line': b'-- Install configuration: ""\n'}
[0.280644] (robile_navigation) StdoutLine: {'line': b'-- Up-to-date: /home/imnotarobot/ros2_ws/install/robile_navigation/share/robile_navigation/launch\n'}
[0.280770] (robile_navigation) StdoutLine: {'line': b'-- Up-to-date: /home/imnotarobot/ros2_ws/install/robile_navigation/share/robile_navigation/launch/navigation.launch.py\n'}
[0.280846] (robile_navigation) StdoutLine: {'line': b'-- Up-to-date: /home/imnotarobot/ros2_ws/install/robile_navigation/share/robile_navigation/launch/robile_nav2_bringup.launch.py\n'}
[0.280919] (robile_navigation) StdoutLine: {'line': b'-- Up-to-date: /home/imnotarobot/ros2_ws/install/robile_navigation/share/robile_navigation/launch/localization.launch.py\n'}
[0.281086] (robile_navigation) StdoutLine: {'line': b'-- Up-to-date: /home/imnotarobot/ros2_ws/install/robile_navigation/share/robile_navigation/launch/online_async.launch.py\n'}
[0.281230] (robile_navigation) StdoutLine: {'line': b'-- Up-to-date: /home/imnotarobot/ros2_ws/install/robile_navigation/share/robile_navigation/launch/landmark_based_localisation.launch.py\n'}
[0.281281] (robile_navigation) StdoutLine: {'line': b'-- Up-to-date: /home/imnotarobot/ros2_ws/install/robile_navigation/share/robile_navigation/config\n'}
[0.281330] (robile_navigation) StdoutLine: {'line': b'-- Up-to-date: /home/imnotarobot/ros2_ws/install/robile_navigation/share/robile_navigation/config/nav2_params.yaml\n'}
[0.281407] (robile_navigation) StdoutLine: {'line': b'-- Up-to-date: /home/imnotarobot/ros2_ws/install/robile_navigation/share/robile_navigation/config/smacPlannerLattice.json\n'}
[0.281457] (robile_navigation) StdoutLine: {'line': b'-- Up-to-date: /home/imnotarobot/ros2_ws/install/robile_navigation/share/robile_navigation/config/mapper_params_online_async.yaml\n'}
[0.281505] (robile_navigation) StdoutLine: {'line': b'-- Up-to-date: /home/imnotarobot/ros2_ws/install/robile_navigation/share/robile_navigation/config/robile_nav_params.yaml\n'}
[0.281554] (robile_navigation) StdoutLine: {'line': b'-- Up-to-date: /home/imnotarobot/ros2_ws/install/robile_navigation/share/robile_navigation/config/amcl_config.yaml\n'}
[0.281603] (robile_navigation) StdoutLine: {'line': b'-- Up-to-date: /home/imnotarobot/ros2_ws/install/robile_navigation/share/robile_navigation/config/robile_ros2_nav.rviz\n'}
[0.281741] (robile_navigation) StdoutLine: {'line': b'-- Up-to-date: /home/imnotarobot/ros2_ws/install/robile_navigation/share/robile_navigation/maps\n'}
[0.281817] (robile_navigation) StdoutLine: {'line': b'-- Up-to-date: /home/imnotarobot/ros2_ws/install/robile_navigation/share/robile_navigation/maps/map1.pgm\n'}
[0.281860] (robile_navigation) StdoutLine: {'line': b'-- Up-to-date: /home/imnotarobot/ros2_ws/install/robile_navigation/share/robile_navigation/maps/map.yaml\n'}
[0.281902] (robile_navigation) StdoutLine: {'line': b'-- Up-to-date: /home/imnotarobot/ros2_ws/install/robile_navigation/share/robile_navigation/maps/map1.yaml\n'}
[0.281945] (robile_navigation) StdoutLine: {'line': b'-- Up-to-date: /home/imnotarobot/ros2_ws/install/robile_navigation/share/robile_navigation/maps/closed_walls_map.pgm\n'}
[0.281987] (robile_navigation) StdoutLine: {'line': b'-- Up-to-date: /home/imnotarobot/ros2_ws/install/robile_navigation/share/robile_navigation/maps/map.pgm\n'}
[0.282029] (robile_navigation) StdoutLine: {'line': b'-- Up-to-date: /home/imnotarobot/ros2_ws/install/robile_navigation/share/robile_navigation/maps/closed_walls_map.yaml\n'}
[0.282072] (robile_navigation) StdoutLine: {'line': b'-- Up-to-date: /home/imnotarobot/ros2_ws/install/robile_navigation/share/robile_navigation/environment/pythonpath.sh\n'}
[0.282114] (robile_navigation) StdoutLine: {'line': b'-- Up-to-date: /home/imnotarobot/ros2_ws/install/robile_navigation/share/robile_navigation/environment/pythonpath.dsv\n'}
[0.282156] (robile_navigation) StdoutLine: {'line': b'-- Up-to-date: /home/imnotarobot/ros2_ws/install/robile_navigation/local/lib/python3.10/dist-packages/robile_navigation-0.0.0-py3.10.egg-info\n'}
[0.282199] (robile_navigation) StdoutLine: {'line': b'-- Installing: /home/imnotarobot/ros2_ws/install/robile_navigation/local/lib/python3.10/dist-packages/robile_navigation-0.0.0-py3.10.egg-info/dependency_links.txt\n'}
[0.282255] (robile_navigation) StdoutLine: {'line': b'-- Installing: /home/imnotarobot/ros2_ws/install/robile_navigation/local/lib/python3.10/dist-packages/robile_navigation-0.0.0-py3.10.egg-info/top_level.txt\n'}
[0.282309] (robile_navigation) StdoutLine: {'line': b'-- Installing: /home/imnotarobot/ros2_ws/install/robile_navigation/local/lib/python3.10/dist-packages/robile_navigation-0.0.0-py3.10.egg-info/SOURCES.txt\n'}
[0.282353] (robile_navigation) StdoutLine: {'line': b'-- Installing: /home/imnotarobot/ros2_ws/install/robile_navigation/local/lib/python3.10/dist-packages/robile_navigation-0.0.0-py3.10.egg-info/PKG-INFO\n'}
[0.282395] (robile_navigation) StdoutLine: {'line': b'-- Up-to-date: /home/imnotarobot/ros2_ws/install/robile_navigation/local/lib/python3.10/dist-packages/robile_navigation\n'}
[0.282437] (robile_navigation) StdoutLine: {'line': b'-- Up-to-date: /home/imnotarobot/ros2_ws/install/robile_navigation/local/lib/python3.10/dist-packages/robile_navigation/__init__.py\n'}
[0.299669] (-) TimerEvent: {}
[0.304698] (robile_navigation) StdoutLine: {'line': b"Listing '/home/imnotarobot/ros2_ws/install/robile_navigation/local/lib/python3.10/dist-packages/robile_navigation'...\n"}
[0.307484] (robile_navigation) StdoutLine: {'line': b'-- Up-to-date: /home/imnotarobot/ros2_ws/install/robile_navigation/lib/robile_navigation/robile_rfid_tag_finder.py\n'}
[0.307704] (robile_navigation) StdoutLine: {'line': b'-- Up-to-date: /home/imnotarobot/ros2_ws/install/robile_navigation/share/ament_index/resource_index/package_run_dependencies/robile_navigation\n'}
[0.307896] (robile_navigation) StdoutLine: {'line': b'-- Up-to-date: /home/imnotarobot/ros2_ws/install/robile_navigation/share/ament_index/resource_index/parent_prefix_path/robile_navigation\n'}
[0.307978] (robile_navigation) StdoutLine: {'line': b'-- Up-to-date: /home/imnotarobot/ros2_ws/install/robile_navigation/share/robile_navigation/environment/ament_prefix_path.sh\n'}
[0.308025] (robile_navigation) StdoutLine: {'line': b'-- Up-to-date: /home/imnotarobot/ros2_ws/install/robile_navigation/share/robile_navigation/environment/ament_prefix_path.dsv\n'}
[0.308071] (robile_navigation) StdoutLine: {'line': b'-- Up-to-date: /home/imnotarobot/ros2_ws/install/robile_navigation/share/robile_navigation/environment/path.sh\n'}
[0.308148] (robile_navigation) StdoutLine: {'line': b'-- Up-to-date: /home/imnotarobot/ros2_ws/install/robile_navigation/share/robile_navigation/environment/path.dsv\n'}
[0.308212] (robile_navigation) StdoutLine: {'line': b'-- Up-to-date: /home/imnotarobot/ros2_ws/install/robile_navigation/share/robile_navigation/local_setup.bash\n'}
[0.308255] (robile_navigation) StdoutLine: {'line': b'-- Up-to-date: /home/imnotarobot/ros2_ws/install/robile_navigation/share/robile_navigation/local_setup.sh\n'}
[0.308297] (robile_navigation) StdoutLine: {'line': b'-- Up-to-date: /home/imnotarobot/ros2_ws/install/robile_navigation/share/robile_navigation/local_setup.zsh\n'}
[0.308339] (robile_navigation) StdoutLine: {'line': b'-- Up-to-date: /home/imnotarobot/ros2_ws/install/robile_navigation/share/robile_navigation/local_setup.dsv\n'}
[0.308382] (robile_navigation) StdoutLine: {'line': b'-- Installing: /home/imnotarobot/ros2_ws/install/robile_navigation/share/robile_navigation/package.dsv\n'}
[0.308424] (robile_navigation) StdoutLine: {'line': b'-- Up-to-date: /home/imnotarobot/ros2_ws/install/robile_navigation/share/ament_index/resource_index/packages/robile_navigation\n'}
[0.308466] (robile_navigation) StdoutLine: {'line': b'-- Up-to-date: /home/imnotarobot/ros2_ws/install/robile_navigation/share/robile_navigation/cmake/robile_navigationConfig.cmake\n'}
[0.308509] (robile_navigation) StdoutLine: {'line': b'-- Up-to-date: /home/imnotarobot/ros2_ws/install/robile_navigation/share/robile_navigation/cmake/robile_navigationConfig-version.cmake\n'}
[0.308555] (robile_navigation) StdoutLine: {'line': b'-- Up-to-date: /home/imnotarobot/ros2_ws/install/robile_navigation/share/robile_navigation/package.xml\n'}
[0.309407] (robile_navigation) CommandEnded: {'returncode': 0}
[0.388372] (robile_navigation) JobEnded: {'identifier': 'robile_navigation', 'rc': 0}
[0.388738] (-) EventReactorShutdown: {}
