[0.449s] Invoking command in '/home/imnotarobot/ros2_ws/build/robile_interfaces': CMAKE_PREFIX_PATH=${CMAKE_PREFIX_PATH}:/home/imnotarobot/ros2_ws/install/robile_reach_goal:/home/imnotarobot/ros2_ws/install/robile_control_simple:/home/imnotarobot/ros2_ws/install/robile_bringup:/home/imnotarobot/ros2_ws/install/py_trees_ros:/opt/ros/humble /usr/bin/cmake --build /home/imnotarobot/ros2_ws/build/robile_interfaces -- -j12 -l12
[1.639s] [ 12%] Built target robile_interfaces__rosidl_generator_c
[1.640s] [ 12%] Built target robile_interfaces__cpp
[1.641s] [ 12%] Built target ament_cmake_python_copy_robile_interfaces
[1.641s] [ 25%] Built target robile_interfaces__rosidl_typesupport_c
[1.641s] [ 33%] Built target robile_interfaces__rosidl_typesupport_introspection_c
[1.641s] [ 43%] Built target robile_interfaces__rosidl_typesupport_fastrtps_cpp
[1.641s] [ 53%] Built target robile_interfaces__rosidl_typesupport_fastrtps_c
[1.642s] [ 64%] Built target robile_interfaces__rosidl_typesupport_introspection_cpp
[1.642s] [ 74%] Built target robile_interfaces__rosidl_typesupport_cpp
[1.642s] [ 74%] Built target robile_interfaces
[1.642s] [ 76%] Built target robile_interfaces__py
[1.642s] [ 84%] Built target robile_interfaces__rosidl_generator_py
[1.642s] [ 94%] Built target robile_interfaces__rosidl_typesupport_fastrtps_c__pyext
[1.643s] [ 94%] Built target robile_interfaces__rosidl_typesupport_introspection_c__pyext
[1.643s] [100%] Built target robile_interfaces__rosidl_typesupport_c__pyext
[1.643s] running egg_info
[1.643s] writing robile_interfaces.egg-info/PKG-INFO
[1.643s] writing dependency_links to robile_interfaces.egg-info/dependency_links.txt
[1.644s] writing top-level names to robile_interfaces.egg-info/top_level.txt
[1.644s] reading manifest file 'robile_interfaces.egg-info/SOURCES.txt'
[1.644s] writing manifest file 'robile_interfaces.egg-info/SOURCES.txt'
[1.644s] [100%] Built target ament_cmake_python_build_robile_interfaces_egg
[1.646s] Invoked command in '/home/imnotarobot/ros2_ws/build/robile_interfaces' returned '0': CMAKE_PREFIX_PATH=${CMAKE_PREFIX_PATH}:/home/imnotarobot/ros2_ws/install/robile_reach_goal:/home/imnotarobot/ros2_ws/install/robile_control_simple:/home/imnotarobot/ros2_ws/install/robile_bringup:/home/imnotarobot/ros2_ws/install/py_trees_ros:/opt/ros/humble /usr/bin/cmake --build /home/imnotarobot/ros2_ws/build/robile_interfaces -- -j12 -l12
[1.751s] Invoking command in '/home/imnotarobot/ros2_ws/build/robile_interfaces': CMAKE_PREFIX_PATH=${CMAKE_PREFIX_PATH}:/home/imnotarobot/ros2_ws/install/robile_reach_goal:/home/imnotarobot/ros2_ws/install/robile_control_simple:/home/imnotarobot/ros2_ws/install/robile_bringup:/home/imnotarobot/ros2_ws/install/py_trees_ros:/opt/ros/humble /usr/bin/cmake --install /home/imnotarobot/ros2_ws/build/robile_interfaces
[1.759s] -- Install configuration: ""
[1.760s] -- Up-to-date: /home/imnotarobot/ros2_ws/install/robile_interfaces/share/ament_index/resource_index/rosidl_interfaces/robile_interfaces
[1.760s] -- Up-to-date: /home/imnotarobot/ros2_ws/install/robile_interfaces/include/robile_interfaces/robile_interfaces
[1.760s] -- Up-to-date: /home/imnotarobot/ros2_ws/install/robile_interfaces/include/robile_interfaces/robile_interfaces/msg
[1.761s] -- Up-to-date: /home/imnotarobot/ros2_ws/install/robile_interfaces/include/robile_interfaces/robile_interfaces/msg/position_labelled_array.h
[1.761s] -- Up-to-date: /home/imnotarobot/ros2_ws/install/robile_interfaces/include/robile_interfaces/robile_interfaces/msg/position_labelled.h
[1.761s] -- Up-to-date: /home/imnotarobot/ros2_ws/install/robile_interfaces/include/robile_interfaces/robile_interfaces/msg/rosidl_generator_c__visibility_control.h
[1.761s] -- Up-to-date: /home/imnotarobot/ros2_ws/install/robile_interfaces/include/robile_interfaces/robile_interfaces/msg/detail
[1.762s] -- Up-to-date: /home/imnotarobot/ros2_ws/install/robile_interfaces/include/robile_interfaces/robile_interfaces/msg/detail/position_labelled_array__functions.c
[1.762s] -- Up-to-date: /home/imnotarobot/ros2_ws/install/robile_interfaces/include/robile_interfaces/robile_interfaces/msg/detail/position_labelled__functions.h
[1.762s] -- Up-to-date: /home/imnotarobot/ros2_ws/install/robile_interfaces/include/robile_interfaces/robile_interfaces/msg/detail/position_labelled_array__struct.h
[1.762s] -- Up-to-date: /home/imnotarobot/ros2_ws/install/robile_interfaces/include/robile_interfaces/robile_interfaces/msg/detail/position_labelled__functions.c
[1.762s] -- Up-to-date: /home/imnotarobot/ros2_ws/install/robile_interfaces/include/robile_interfaces/robile_interfaces/msg/detail/position_labelled__struct.h
[1.762s] -- Up-to-date: /home/imnotarobot/ros2_ws/install/robile_interfaces/include/robile_interfaces/robile_interfaces/msg/detail/position_labelled_array__functions.h
[1.763s] -- Up-to-date: /home/imnotarobot/ros2_ws/install/robile_interfaces/include/robile_interfaces/robile_interfaces/msg/detail/position_labelled_array__type_support.h
[1.763s] -- Up-to-date: /home/imnotarobot/ros2_ws/install/robile_interfaces/include/robile_interfaces/robile_interfaces/msg/detail/position_labelled__type_support.h
[1.763s] -- Up-to-date: /home/imnotarobot/ros2_ws/install/robile_interfaces/share/robile_interfaces/environment/library_path.sh
[1.763s] -- Up-to-date: /home/imnotarobot/ros2_ws/install/robile_interfaces/share/robile_interfaces/environment/library_path.dsv
[1.763s] -- Up-to-date: /home/imnotarobot/ros2_ws/install/robile_interfaces/lib/librobile_interfaces__rosidl_generator_c.so
[1.763s] -- Up-to-date: /home/imnotarobot/ros2_ws/install/robile_interfaces/include/robile_interfaces/robile_interfaces
[1.763s] -- Up-to-date: /home/imnotarobot/ros2_ws/install/robile_interfaces/include/robile_interfaces/robile_interfaces/msg
[1.763s] -- Up-to-date: /home/imnotarobot/ros2_ws/install/robile_interfaces/include/robile_interfaces/robile_interfaces/msg/detail
[1.764s] -- Up-to-date: /home/imnotarobot/ros2_ws/install/robile_interfaces/include/robile_interfaces/robile_interfaces/msg/detail/position_labelled__rosidl_typesupport_fastrtps_c.h
[1.764s] -- Up-to-date: /home/imnotarobot/ros2_ws/install/robile_interfaces/include/robile_interfaces/robile_interfaces/msg/detail/position_labelled_array__rosidl_typesupport_fastrtps_c.h
[1.764s] -- Up-to-date: /home/imnotarobot/ros2_ws/install/robile_interfaces/include/robile_interfaces/robile_interfaces/msg/rosidl_typesupport_fastrtps_c__visibility_control.h
[1.764s] -- Up-to-date: /home/imnotarobot/ros2_ws/install/robile_interfaces/lib/librobile_interfaces__rosidl_typesupport_fastrtps_c.so
[1.764s] -- Up-to-date: /home/imnotarobot/ros2_ws/install/robile_interfaces/include/robile_interfaces/robile_interfaces
[1.765s] -- Up-to-date: /home/imnotarobot/ros2_ws/install/robile_interfaces/include/robile_interfaces/robile_interfaces/msg
[1.765s] -- Up-to-date: /home/imnotarobot/ros2_ws/install/robile_interfaces/include/robile_interfaces/robile_interfaces/msg/position_labelled_array.hpp
[1.765s] -- Up-to-date: /home/imnotarobot/ros2_ws/install/robile_interfaces/include/robile_interfaces/robile_interfaces/msg/detail
[1.765s] -- Up-to-date: /home/imnotarobot/ros2_ws/install/robile_interfaces/include/robile_interfaces/robile_interfaces/msg/detail/position_labelled__traits.hpp
[1.766s] -- Up-to-date: /home/imnotarobot/ros2_ws/install/robile_interfaces/include/robile_interfaces/robile_interfaces/msg/detail/position_labelled_array__traits.hpp
[1.767s] -- Up-to-date: /home/imnotarobot/ros2_ws/install/robile_interfaces/include/robile_interfaces/robile_interfaces/msg/detail/position_labelled_array__struct.hpp
[1.767s] -- Up-to-date: /home/imnotarobot/ros2_ws/install/robile_interfaces/include/robile_interfaces/robile_interfaces/msg/detail/position_labelled_array__builder.hpp
[1.767s] -- Up-to-date: /home/imnotarobot/ros2_ws/install/robile_interfaces/include/robile_interfaces/robile_interfaces/msg/detail/position_labelled__builder.hpp
[1.767s] -- Up-to-date: /home/imnotarobot/ros2_ws/install/robile_interfaces/include/robile_interfaces/robile_interfaces/msg/detail/position_labelled__struct.hpp
[1.767s] -- Up-to-date: /home/imnotarobot/ros2_ws/install/robile_interfaces/include/robile_interfaces/robile_interfaces/msg/position_labelled.hpp
[1.768s] -- Up-to-date: /home/imnotarobot/ros2_ws/install/robile_interfaces/include/robile_interfaces/robile_interfaces
[1.768s] -- Up-to-date: /home/imnotarobot/ros2_ws/install/robile_interfaces/include/robile_interfaces/robile_interfaces/msg
[1.768s] -- Up-to-date: /home/imnotarobot/ros2_ws/install/robile_interfaces/include/robile_interfaces/robile_interfaces/msg/detail
[1.768s] -- Up-to-date: /home/imnotarobot/ros2_ws/install/robile_interfaces/include/robile_interfaces/robile_interfaces/msg/detail/position_labelled_array__rosidl_typesupport_fastrtps_cpp.hpp
[1.768s] -- Up-to-date: /home/imnotarobot/ros2_ws/install/robile_interfaces/include/robile_interfaces/robile_interfaces/msg/detail/position_labelled__rosidl_typesupport_fastrtps_cpp.hpp
[1.768s] -- Up-to-date: /home/imnotarobot/ros2_ws/install/robile_interfaces/include/robile_interfaces/robile_interfaces/msg/detail/dds_fastrtps
[1.768s] -- Up-to-date: /home/imnotarobot/ros2_ws/install/robile_interfaces/include/robile_interfaces/robile_interfaces/msg/rosidl_typesupport_fastrtps_cpp__visibility_control.h
[1.768s] -- Up-to-date: /home/imnotarobot/ros2_ws/install/robile_interfaces/lib/librobile_interfaces__rosidl_typesupport_fastrtps_cpp.so
[1.768s] -- Up-to-date: /home/imnotarobot/ros2_ws/install/robile_interfaces/include/robile_interfaces/robile_interfaces
[1.768s] -- Up-to-date: /home/imnotarobot/ros2_ws/install/robile_interfaces/include/robile_interfaces/robile_interfaces/msg
[1.768s] -- Up-to-date: /home/imnotarobot/ros2_ws/install/robile_interfaces/include/robile_interfaces/robile_interfaces/msg/rosidl_typesupport_introspection_c__visibility_control.h
[1.768s] -- Up-to-date: /home/imnotarobot/ros2_ws/install/robile_interfaces/include/robile_interfaces/robile_interfaces/msg/detail
[1.768s] -- Up-to-date: /home/imnotarobot/ros2_ws/install/robile_interfaces/include/robile_interfaces/robile_interfaces/msg/detail/position_labelled__type_support.c
[1.769s] -- Up-to-date: /home/imnotarobot/ros2_ws/install/robile_interfaces/include/robile_interfaces/robile_interfaces/msg/detail/position_labelled_array__rosidl_typesupport_introspection_c.h
[1.769s] -- Up-to-date: /home/imnotarobot/ros2_ws/install/robile_interfaces/include/robile_interfaces/robile_interfaces/msg/detail/position_labelled__rosidl_typesupport_introspection_c.h
[1.769s] -- Up-to-date: /home/imnotarobot/ros2_ws/install/robile_interfaces/include/robile_interfaces/robile_interfaces/msg/detail/position_labelled_array__type_support.c
[1.769s] -- Up-to-date: /home/imnotarobot/ros2_ws/install/robile_interfaces/lib/librobile_interfaces__rosidl_typesupport_introspection_c.so
[1.769s] -- Up-to-date: /home/imnotarobot/ros2_ws/install/robile_interfaces/lib/librobile_interfaces__rosidl_typesupport_c.so
[1.769s] -- Up-to-date: /home/imnotarobot/ros2_ws/install/robile_interfaces/include/robile_interfaces/robile_interfaces
[1.769s] -- Up-to-date: /home/imnotarobot/ros2_ws/install/robile_interfaces/include/robile_interfaces/robile_interfaces/msg
[1.769s] -- Up-to-date: /home/imnotarobot/ros2_ws/install/robile_interfaces/include/robile_interfaces/robile_interfaces/msg/detail
[1.769s] -- Up-to-date: /home/imnotarobot/ros2_ws/install/robile_interfaces/include/robile_interfaces/robile_interfaces/msg/detail/position_labelled_array__type_support.cpp
[1.769s] -- Up-to-date: /home/imnotarobot/ros2_ws/install/robile_interfaces/include/robile_interfaces/robile_interfaces/msg/detail/position_labelled__type_support.cpp
[1.769s] -- Up-to-date: /home/imnotarobot/ros2_ws/install/robile_interfaces/include/robile_interfaces/robile_interfaces/msg/detail/position_labelled_array__rosidl_typesupport_introspection_cpp.hpp
[1.769s] -- Up-to-date: /home/imnotarobot/ros2_ws/install/robile_interfaces/include/robile_interfaces/robile_interfaces/msg/detail/position_labelled__rosidl_typesupport_introspection_cpp.hpp
[1.769s] -- Up-to-date: /home/imnotarobot/ros2_ws/install/robile_interfaces/lib/librobile_interfaces__rosidl_typesupport_introspection_cpp.so
[1.769s] -- Up-to-date: /home/imnotarobot/ros2_ws/install/robile_interfaces/lib/librobile_interfaces__rosidl_typesupport_cpp.so
[1.769s] -- Up-to-date: /home/imnotarobot/ros2_ws/install/robile_interfaces/share/robile_interfaces/environment/pythonpath.sh
[1.769s] -- Up-to-date: /home/imnotarobot/ros2_ws/install/robile_interfaces/share/robile_interfaces/environment/pythonpath.dsv
[1.769s] -- Up-to-date: /home/imnotarobot/ros2_ws/install/robile_interfaces/local/lib/python3.10/dist-packages/robile_interfaces-0.0.0-py3.10.egg-info
[1.769s] -- Installing: /home/imnotarobot/ros2_ws/install/robile_interfaces/local/lib/python3.10/dist-packages/robile_interfaces-0.0.0-py3.10.egg-info/dependency_links.txt
[1.769s] -- Installing: /home/imnotarobot/ros2_ws/install/robile_interfaces/local/lib/python3.10/dist-packages/robile_interfaces-0.0.0-py3.10.egg-info/top_level.txt
[1.769s] -- Installing: /home/imnotarobot/ros2_ws/install/robile_interfaces/local/lib/python3.10/dist-packages/robile_interfaces-0.0.0-py3.10.egg-info/SOURCES.txt
[1.769s] -- Installing: /home/imnotarobot/ros2_ws/install/robile_interfaces/local/lib/python3.10/dist-packages/robile_interfaces-0.0.0-py3.10.egg-info/PKG-INFO
[1.770s] -- Up-to-date: /home/imnotarobot/ros2_ws/install/robile_interfaces/local/lib/python3.10/dist-packages/robile_interfaces
[1.770s] -- Up-to-date: /home/imnotarobot/ros2_ws/install/robile_interfaces/local/lib/python3.10/dist-packages/robile_interfaces/_robile_interfaces_s.ep.rosidl_typesupport_introspection_c.c
[1.770s] -- Up-to-date: /home/imnotarobot/ros2_ws/install/robile_interfaces/local/lib/python3.10/dist-packages/robile_interfaces/robile_interfaces_s__rosidl_typesupport_c.cpython-310-x86_64-linux-gnu.so
[1.770s] -- Up-to-date: /home/imnotarobot/ros2_ws/install/robile_interfaces/local/lib/python3.10/dist-packages/robile_interfaces/librobile_interfaces__rosidl_generator_py.so
[1.770s] -- Up-to-date: /home/imnotarobot/ros2_ws/install/robile_interfaces/local/lib/python3.10/dist-packages/robile_interfaces/__init__.py
[1.770s] -- Up-to-date: /home/imnotarobot/ros2_ws/install/robile_interfaces/local/lib/python3.10/dist-packages/robile_interfaces/robile_interfaces_s__rosidl_typesupport_introspection_c.cpython-310-x86_64-linux-gnu.so
[1.770s] -- Up-to-date: /home/imnotarobot/ros2_ws/install/robile_interfaces/local/lib/python3.10/dist-packages/robile_interfaces/robile_interfaces_s__rosidl_typesupport_fastrtps_c.cpython-310-x86_64-linux-gnu.so
[1.770s] -- Up-to-date: /home/imnotarobot/ros2_ws/install/robile_interfaces/local/lib/python3.10/dist-packages/robile_interfaces/_robile_interfaces_s.ep.rosidl_typesupport_c.c
[1.770s] -- Up-to-date: /home/imnotarobot/ros2_ws/install/robile_interfaces/local/lib/python3.10/dist-packages/robile_interfaces/_robile_interfaces_s.ep.rosidl_typesupport_fastrtps_c.c
[1.770s] -- Up-to-date: /home/imnotarobot/ros2_ws/install/robile_interfaces/local/lib/python3.10/dist-packages/robile_interfaces/msg
[1.770s] -- Up-to-date: /home/imnotarobot/ros2_ws/install/robile_interfaces/local/lib/python3.10/dist-packages/robile_interfaces/msg/_position_labelled_s.c
[1.770s] -- Up-to-date: /home/imnotarobot/ros2_ws/install/robile_interfaces/local/lib/python3.10/dist-packages/robile_interfaces/msg/_position_labelled_array.py
[1.770s] -- Up-to-date: /home/imnotarobot/ros2_ws/install/robile_interfaces/local/lib/python3.10/dist-packages/robile_interfaces/msg/__init__.py
[1.770s] -- Up-to-date: /home/imnotarobot/ros2_ws/install/robile_interfaces/local/lib/python3.10/dist-packages/robile_interfaces/msg/_position_labelled_array_s.c
[1.770s] -- Up-to-date: /home/imnotarobot/ros2_ws/install/robile_interfaces/local/lib/python3.10/dist-packages/robile_interfaces/msg/_position_labelled.py
[1.806s] Listing '/home/imnotarobot/ros2_ws/install/robile_interfaces/local/lib/python3.10/dist-packages/robile_interfaces'...
[1.806s] Listing '/home/imnotarobot/ros2_ws/install/robile_interfaces/local/lib/python3.10/dist-packages/robile_interfaces/msg'...
[1.812s] -- Up-to-date: /home/imnotarobot/ros2_ws/install/robile_interfaces/local/lib/python3.10/dist-packages/robile_interfaces/robile_interfaces_s__rosidl_typesupport_fastrtps_c.cpython-310-x86_64-linux-gnu.so
[1.812s] -- Up-to-date: /home/imnotarobot/ros2_ws/install/robile_interfaces/local/lib/python3.10/dist-packages/robile_interfaces/robile_interfaces_s__rosidl_typesupport_introspection_c.cpython-310-x86_64-linux-gnu.so
[1.812s] -- Up-to-date: /home/imnotarobot/ros2_ws/install/robile_interfaces/local/lib/python3.10/dist-packages/robile_interfaces/robile_interfaces_s__rosidl_typesupport_c.cpython-310-x86_64-linux-gnu.so
[1.813s] -- Up-to-date: /home/imnotarobot/ros2_ws/install/robile_interfaces/lib/librobile_interfaces__rosidl_generator_py.so
[1.813s] -- Up-to-date: /home/imnotarobot/ros2_ws/install/robile_interfaces/share/robile_interfaces/msg/PositionLabelled.idl
[1.813s] -- Up-to-date: /home/imnotarobot/ros2_ws/install/robile_interfaces/share/robile_interfaces/msg/PositionLabelledArray.idl
[1.813s] -- Up-to-date: /home/imnotarobot/ros2_ws/install/robile_interfaces/share/robile_interfaces/msg/PositionLabelled.msg
[1.813s] -- Up-to-date: /home/imnotarobot/ros2_ws/install/robile_interfaces/share/robile_interfaces/msg/PositionLabelledArray.msg
[1.813s] -- Up-to-date: /home/imnotarobot/ros2_ws/install/robile_interfaces/share/ament_index/resource_index/package_run_dependencies/robile_interfaces
[1.813s] -- Up-to-date: /home/imnotarobot/ros2_ws/install/robile_interfaces/share/ament_index/resource_index/parent_prefix_path/robile_interfaces
[1.813s] -- Up-to-date: /home/imnotarobot/ros2_ws/install/robile_interfaces/share/robile_interfaces/environment/ament_prefix_path.sh
[1.813s] -- Up-to-date: /home/imnotarobot/ros2_ws/install/robile_interfaces/share/robile_interfaces/environment/ament_prefix_path.dsv
[1.814s] -- Up-to-date: /home/imnotarobot/ros2_ws/install/robile_interfaces/share/robile_interfaces/environment/path.sh
[1.814s] -- Up-to-date: /home/imnotarobot/ros2_ws/install/robile_interfaces/share/robile_interfaces/environment/path.dsv
[1.814s] -- Up-to-date: /home/imnotarobot/ros2_ws/install/robile_interfaces/share/robile_interfaces/local_setup.bash
[1.815s] -- Up-to-date: /home/imnotarobot/ros2_ws/install/robile_interfaces/share/robile_interfaces/local_setup.sh
[1.815s] -- Up-to-date: /home/imnotarobot/ros2_ws/install/robile_interfaces/share/robile_interfaces/local_setup.zsh
[1.817s] -- Up-to-date: /home/imnotarobot/ros2_ws/install/robile_interfaces/share/robile_interfaces/local_setup.dsv
[1.817s] -- Installing: /home/imnotarobot/ros2_ws/install/robile_interfaces/share/robile_interfaces/package.dsv
[1.817s] -- Up-to-date: /home/imnotarobot/ros2_ws/install/robile_interfaces/share/ament_index/resource_index/packages/robile_interfaces
[1.818s] -- Up-to-date: /home/imnotarobot/ros2_ws/install/robile_interfaces/share/robile_interfaces/cmake/export_robile_interfaces__rosidl_generator_cExport.cmake
[1.818s] -- Up-to-date: /home/imnotarobot/ros2_ws/install/robile_interfaces/share/robile_interfaces/cmake/export_robile_interfaces__rosidl_generator_cExport-noconfig.cmake
[1.818s] -- Up-to-date: /home/imnotarobot/ros2_ws/install/robile_interfaces/share/robile_interfaces/cmake/export_robile_interfaces__rosidl_typesupport_fastrtps_cExport.cmake
[1.818s] -- Up-to-date: /home/imnotarobot/ros2_ws/install/robile_interfaces/share/robile_interfaces/cmake/export_robile_interfaces__rosidl_typesupport_fastrtps_cExport-noconfig.cmake
[1.818s] -- Up-to-date: /home/imnotarobot/ros2_ws/install/robile_interfaces/share/robile_interfaces/cmake/export_robile_interfaces__rosidl_generator_cppExport.cmake
[1.819s] -- Up-to-date: /home/imnotarobot/ros2_ws/install/robile_interfaces/share/robile_interfaces/cmake/export_robile_interfaces__rosidl_typesupport_fastrtps_cppExport.cmake
[1.820s] -- Up-to-date: /home/imnotarobot/ros2_ws/install/robile_interfaces/share/robile_interfaces/cmake/export_robile_interfaces__rosidl_typesupport_fastrtps_cppExport-noconfig.cmake
[1.820s] -- Up-to-date: /home/imnotarobot/ros2_ws/install/robile_interfaces/share/robile_interfaces/cmake/robile_interfaces__rosidl_typesupport_introspection_cExport.cmake
[1.820s] -- Up-to-date: /home/imnotarobot/ros2_ws/install/robile_interfaces/share/robile_interfaces/cmake/robile_interfaces__rosidl_typesupport_introspection_cExport-noconfig.cmake
[1.820s] -- Up-to-date: /home/imnotarobot/ros2_ws/install/robile_interfaces/share/robile_interfaces/cmake/robile_interfaces__rosidl_typesupport_cExport.cmake
[1.820s] -- Up-to-date: /home/imnotarobot/ros2_ws/install/robile_interfaces/share/robile_interfaces/cmake/robile_interfaces__rosidl_typesupport_cExport-noconfig.cmake
[1.821s] -- Up-to-date: /home/imnotarobot/ros2_ws/install/robile_interfaces/share/robile_interfaces/cmake/robile_interfaces__rosidl_typesupport_introspection_cppExport.cmake
[1.821s] -- Up-to-date: /home/imnotarobot/ros2_ws/install/robile_interfaces/share/robile_interfaces/cmake/robile_interfaces__rosidl_typesupport_introspection_cppExport-noconfig.cmake
[1.821s] -- Up-to-date: /home/imnotarobot/ros2_ws/install/robile_interfaces/share/robile_interfaces/cmake/robile_interfaces__rosidl_typesupport_cppExport.cmake
[1.821s] -- Up-to-date: /home/imnotarobot/ros2_ws/install/robile_interfaces/share/robile_interfaces/cmake/robile_interfaces__rosidl_typesupport_cppExport-noconfig.cmake
[1.821s] -- Up-to-date: /home/imnotarobot/ros2_ws/install/robile_interfaces/share/robile_interfaces/cmake/export_robile_interfaces__rosidl_generator_pyExport.cmake
[1.822s] -- Up-to-date: /home/imnotarobot/ros2_ws/install/robile_interfaces/share/robile_interfaces/cmake/export_robile_interfaces__rosidl_generator_pyExport-noconfig.cmake
[1.822s] -- Up-to-date: /home/imnotarobot/ros2_ws/install/robile_interfaces/share/robile_interfaces/cmake/rosidl_cmake-extras.cmake
[1.822s] -- Up-to-date: /home/imnotarobot/ros2_ws/install/robile_interfaces/share/robile_interfaces/cmake/ament_cmake_export_dependencies-extras.cmake
[1.822s] -- Up-to-date: /home/imnotarobot/ros2_ws/install/robile_interfaces/share/robile_interfaces/cmake/ament_cmake_export_include_directories-extras.cmake
[1.822s] -- Up-to-date: /home/imnotarobot/ros2_ws/install/robile_interfaces/share/robile_interfaces/cmake/ament_cmake_export_libraries-extras.cmake
[1.823s] -- Up-to-date: /home/imnotarobot/ros2_ws/install/robile_interfaces/share/robile_interfaces/cmake/ament_cmake_export_targets-extras.cmake
[1.823s] -- Up-to-date: /home/imnotarobot/ros2_ws/install/robile_interfaces/share/robile_interfaces/cmake/rosidl_cmake_export_typesupport_targets-extras.cmake
[1.823s] -- Up-to-date: /home/imnotarobot/ros2_ws/install/robile_interfaces/share/robile_interfaces/cmake/rosidl_cmake_export_typesupport_libraries-extras.cmake
[1.823s] -- Up-to-date: /home/imnotarobot/ros2_ws/install/robile_interfaces/share/robile_interfaces/cmake/robile_interfacesConfig.cmake
[1.824s] -- Up-to-date: /home/imnotarobot/ros2_ws/install/robile_interfaces/share/robile_interfaces/cmake/robile_interfacesConfig-version.cmake
[1.824s] -- Up-to-date: /home/imnotarobot/ros2_ws/install/robile_interfaces/share/robile_interfaces/package.xml
[1.977s] Invoked command in '/home/imnotarobot/ros2_ws/build/robile_interfaces' returned '0': CMAKE_PREFIX_PATH=${CMAKE_PREFIX_PATH}:/home/imnotarobot/ros2_ws/install/robile_reach_goal:/home/imnotarobot/ros2_ws/install/robile_control_simple:/home/imnotarobot/ros2_ws/install/robile_bringup:/home/imnotarobot/ros2_ws/install/py_trees_ros:/opt/ros/humble /usr/bin/cmake --install /home/imnotarobot/ros2_ws/build/robile_interfaces
