running egg_info
creating ../../build/py_trees_ros/py_trees_ros.egg-info
writing ../../build/py_trees_ros/py_trees_ros.egg-info/PKG-INFO
writing dependency_links to ../../build/py_trees_ros/py_trees_ros.egg-info/dependency_links.txt
writing entry points to ../../build/py_trees_ros/py_trees_ros.egg-info/entry_points.txt
writing top-level names to ../../build/py_trees_ros/py_trees_ros.egg-info/top_level.txt
writing manifest file '../../build/py_trees_ros/py_trees_ros.egg-info/SOURCES.txt'
reading manifest file '../../build/py_trees_ros/py_trees_ros.egg-info/SOURCES.txt'
adding license file 'LICENSE'
writing manifest file '../../build/py_trees_ros/py_trees_ros.egg-info/SOURCES.txt'
running build
running build_py
creating /home/imnotarobot/ros2_ws/build/py_trees_ros/build
creating /home/imnotarobot/ros2_ws/build/py_trees_ros/build/lib
creating /home/imnotarobot/ros2_ws/build/py_trees_ros/build/lib/py_trees_ros
copying py_trees_ros/actions.py -> /home/imnotarobot/ros2_ws/build/py_trees_ros/build/lib/py_trees_ros
copying py_trees_ros/transforms.py -> /home/imnotarobot/ros2_ws/build/py_trees_ros/build/lib/py_trees_ros
copying py_trees_ros/conversions.py -> /home/imnotarobot/ros2_ws/build/py_trees_ros/build/lib/py_trees_ros
copying py_trees_ros/__init__.py -> /home/imnotarobot/ros2_ws/build/py_trees_ros/build/lib/py_trees_ros
copying py_trees_ros/visitors.py -> /home/imnotarobot/ros2_ws/build/py_trees_ros/build/lib/py_trees_ros
copying py_trees_ros/blackboard.py -> /home/imnotarobot/ros2_ws/build/py_trees_ros/build/lib/py_trees_ros
copying py_trees_ros/battery.py -> /home/imnotarobot/ros2_ws/build/py_trees_ros/build/lib/py_trees_ros
copying py_trees_ros/exceptions.py -> /home/imnotarobot/ros2_ws/build/py_trees_ros/build/lib/py_trees_ros
copying py_trees_ros/action_clients.py -> /home/imnotarobot/ros2_ws/build/py_trees_ros/build/lib/py_trees_ros
copying py_trees_ros/version.py -> /home/imnotarobot/ros2_ws/build/py_trees_ros/build/lib/py_trees_ros
copying py_trees_ros/utilities.py -> /home/imnotarobot/ros2_ws/build/py_trees_ros/build/lib/py_trees_ros
copying py_trees_ros/trees.py -> /home/imnotarobot/ros2_ws/build/py_trees_ros/build/lib/py_trees_ros
copying py_trees_ros/publishers.py -> /home/imnotarobot/ros2_ws/build/py_trees_ros/build/lib/py_trees_ros
copying py_trees_ros/subscribers.py -> /home/imnotarobot/ros2_ws/build/py_trees_ros/build/lib/py_trees_ros
creating /home/imnotarobot/ros2_ws/build/py_trees_ros/build/lib/py_trees_ros/programs
copying py_trees_ros/programs/__init__.py -> /home/imnotarobot/ros2_ws/build/py_trees_ros/build/lib/py_trees_ros/programs
copying py_trees_ros/programs/blackboard_watcher.py -> /home/imnotarobot/ros2_ws/build/py_trees_ros/build/lib/py_trees_ros/programs
copying py_trees_ros/programs/multi_talker.py -> /home/imnotarobot/ros2_ws/build/py_trees_ros/build/lib/py_trees_ros/programs
copying py_trees_ros/programs/tree_watcher.py -> /home/imnotarobot/ros2_ws/build/py_trees_ros/build/lib/py_trees_ros/programs
copying py_trees_ros/programs/echo.py -> /home/imnotarobot/ros2_ws/build/py_trees_ros/build/lib/py_trees_ros/programs
creating /home/imnotarobot/ros2_ws/build/py_trees_ros/build/lib/py_trees_ros/mock
copying py_trees_ros/mock/actions.py -> /home/imnotarobot/ros2_ws/build/py_trees_ros/build/lib/py_trees_ros/mock
copying py_trees_ros/mock/__init__.py -> /home/imnotarobot/ros2_ws/build/py_trees_ros/build/lib/py_trees_ros/mock
copying py_trees_ros/mock/dock.py -> /home/imnotarobot/ros2_ws/build/py_trees_ros/build/lib/py_trees_ros/mock
running install
running install_lib
creating /home/imnotarobot/ros2_ws/install/py_trees_ros/lib/python3.10/site-packages/py_trees_ros
copying /home/imnotarobot/ros2_ws/build/py_trees_ros/build/lib/py_trees_ros/actions.py -> /home/imnotarobot/ros2_ws/install/py_trees_ros/lib/python3.10/site-packages/py_trees_ros
copying /home/imnotarobot/ros2_ws/build/py_trees_ros/build/lib/py_trees_ros/transforms.py -> /home/imnotarobot/ros2_ws/install/py_trees_ros/lib/python3.10/site-packages/py_trees_ros
copying /home/imnotarobot/ros2_ws/build/py_trees_ros/build/lib/py_trees_ros/conversions.py -> /home/imnotarobot/ros2_ws/install/py_trees_ros/lib/python3.10/site-packages/py_trees_ros
copying /home/imnotarobot/ros2_ws/build/py_trees_ros/build/lib/py_trees_ros/__init__.py -> /home/imnotarobot/ros2_ws/install/py_trees_ros/lib/python3.10/site-packages/py_trees_ros
creating /home/imnotarobot/ros2_ws/install/py_trees_ros/lib/python3.10/site-packages/py_trees_ros/programs
copying /home/imnotarobot/ros2_ws/build/py_trees_ros/build/lib/py_trees_ros/programs/__init__.py -> /home/imnotarobot/ros2_ws/install/py_trees_ros/lib/python3.10/site-packages/py_trees_ros/programs
copying /home/imnotarobot/ros2_ws/build/py_trees_ros/build/lib/py_trees_ros/programs/blackboard_watcher.py -> /home/imnotarobot/ros2_ws/install/py_trees_ros/lib/python3.10/site-packages/py_trees_ros/programs
copying /home/imnotarobot/ros2_ws/build/py_trees_ros/build/lib/py_trees_ros/programs/multi_talker.py -> /home/imnotarobot/ros2_ws/install/py_trees_ros/lib/python3.10/site-packages/py_trees_ros/programs
copying /home/imnotarobot/ros2_ws/build/py_trees_ros/build/lib/py_trees_ros/programs/tree_watcher.py -> /home/imnotarobot/ros2_ws/install/py_trees_ros/lib/python3.10/site-packages/py_trees_ros/programs
copying /home/imnotarobot/ros2_ws/build/py_trees_ros/build/lib/py_trees_ros/programs/echo.py -> /home/imnotarobot/ros2_ws/install/py_trees_ros/lib/python3.10/site-packages/py_trees_ros/programs
copying /home/imnotarobot/ros2_ws/build/py_trees_ros/build/lib/py_trees_ros/visitors.py -> /home/imnotarobot/ros2_ws/install/py_trees_ros/lib/python3.10/site-packages/py_trees_ros
copying /home/imnotarobot/ros2_ws/build/py_trees_ros/build/lib/py_trees_ros/blackboard.py -> /home/imnotarobot/ros2_ws/install/py_trees_ros/lib/python3.10/site-packages/py_trees_ros
copying /home/imnotarobot/ros2_ws/build/py_trees_ros/build/lib/py_trees_ros/battery.py -> /home/imnotarobot/ros2_ws/install/py_trees_ros/lib/python3.10/site-packages/py_trees_ros
copying /home/imnotarobot/ros2_ws/build/py_trees_ros/build/lib/py_trees_ros/exceptions.py -> /home/imnotarobot/ros2_ws/install/py_trees_ros/lib/python3.10/site-packages/py_trees_ros
copying /home/imnotarobot/ros2_ws/build/py_trees_ros/build/lib/py_trees_ros/action_clients.py -> /home/imnotarobot/ros2_ws/install/py_trees_ros/lib/python3.10/site-packages/py_trees_ros
creating /home/imnotarobot/ros2_ws/install/py_trees_ros/lib/python3.10/site-packages/py_trees_ros/mock
copying /home/imnotarobot/ros2_ws/build/py_trees_ros/build/lib/py_trees_ros/mock/actions.py -> /home/imnotarobot/ros2_ws/install/py_trees_ros/lib/python3.10/site-packages/py_trees_ros/mock
copying /home/imnotarobot/ros2_ws/build/py_trees_ros/build/lib/py_trees_ros/mock/__init__.py -> /home/imnotarobot/ros2_ws/install/py_trees_ros/lib/python3.10/site-packages/py_trees_ros/mock
copying /home/imnotarobot/ros2_ws/build/py_trees_ros/build/lib/py_trees_ros/mock/dock.py -> /home/imnotarobot/ros2_ws/install/py_trees_ros/lib/python3.10/site-packages/py_trees_ros/mock
copying /home/imnotarobot/ros2_ws/build/py_trees_ros/build/lib/py_trees_ros/version.py -> /home/imnotarobot/ros2_ws/install/py_trees_ros/lib/python3.10/site-packages/py_trees_ros
copying /home/imnotarobot/ros2_ws/build/py_trees_ros/build/lib/py_trees_ros/utilities.py -> /home/imnotarobot/ros2_ws/install/py_trees_ros/lib/python3.10/site-packages/py_trees_ros
copying /home/imnotarobot/ros2_ws/build/py_trees_ros/build/lib/py_trees_ros/trees.py -> /home/imnotarobot/ros2_ws/install/py_trees_ros/lib/python3.10/site-packages/py_trees_ros
copying /home/imnotarobot/ros2_ws/build/py_trees_ros/build/lib/py_trees_ros/publishers.py -> /home/imnotarobot/ros2_ws/install/py_trees_ros/lib/python3.10/site-packages/py_trees_ros
copying /home/imnotarobot/ros2_ws/build/py_trees_ros/build/lib/py_trees_ros/subscribers.py -> /home/imnotarobot/ros2_ws/install/py_trees_ros/lib/python3.10/site-packages/py_trees_ros
byte-compiling /home/imnotarobot/ros2_ws/install/py_trees_ros/lib/python3.10/site-packages/py_trees_ros/actions.py to actions.cpython-310.pyc
byte-compiling /home/imnotarobot/ros2_ws/install/py_trees_ros/lib/python3.10/site-packages/py_trees_ros/transforms.py to transforms.cpython-310.pyc
byte-compiling /home/imnotarobot/ros2_ws/install/py_trees_ros/lib/python3.10/site-packages/py_trees_ros/conversions.py to conversions.cpython-310.pyc
byte-compiling /home/imnotarobot/ros2_ws/install/py_trees_ros/lib/python3.10/site-packages/py_trees_ros/__init__.py to __init__.cpython-310.pyc
byte-compiling /home/imnotarobot/ros2_ws/install/py_trees_ros/lib/python3.10/site-packages/py_trees_ros/programs/__init__.py to __init__.cpython-310.pyc
byte-compiling /home/imnotarobot/ros2_ws/install/py_trees_ros/lib/python3.10/site-packages/py_trees_ros/programs/blackboard_watcher.py to blackboard_watcher.cpython-310.pyc
byte-compiling /home/imnotarobot/ros2_ws/install/py_trees_ros/lib/python3.10/site-packages/py_trees_ros/programs/multi_talker.py to multi_talker.cpython-310.pyc
byte-compiling /home/imnotarobot/ros2_ws/install/py_trees_ros/lib/python3.10/site-packages/py_trees_ros/programs/tree_watcher.py to tree_watcher.cpython-310.pyc
byte-compiling /home/imnotarobot/ros2_ws/install/py_trees_ros/lib/python3.10/site-packages/py_trees_ros/programs/echo.py to echo.cpython-310.pyc
byte-compiling /home/imnotarobot/ros2_ws/install/py_trees_ros/lib/python3.10/site-packages/py_trees_ros/visitors.py to visitors.cpython-310.pyc
byte-compiling /home/imnotarobot/ros2_ws/install/py_trees_ros/lib/python3.10/site-packages/py_trees_ros/blackboard.py to blackboard.cpython-310.pyc
byte-compiling /home/imnotarobot/ros2_ws/install/py_trees_ros/lib/python3.10/site-packages/py_trees_ros/battery.py to battery.cpython-310.pyc
byte-compiling /home/imnotarobot/ros2_ws/install/py_trees_ros/lib/python3.10/site-packages/py_trees_ros/exceptions.py to exceptions.cpython-310.pyc
byte-compiling /home/imnotarobot/ros2_ws/install/py_trees_ros/lib/python3.10/site-packages/py_trees_ros/action_clients.py to action_clients.cpython-310.pyc
byte-compiling /home/imnotarobot/ros2_ws/install/py_trees_ros/lib/python3.10/site-packages/py_trees_ros/mock/actions.py to actions.cpython-310.pyc
byte-compiling /home/imnotarobot/ros2_ws/install/py_trees_ros/lib/python3.10/site-packages/py_trees_ros/mock/__init__.py to __init__.cpython-310.pyc
byte-compiling /home/imnotarobot/ros2_ws/install/py_trees_ros/lib/python3.10/site-packages/py_trees_ros/mock/dock.py to dock.cpython-310.pyc
byte-compiling /home/imnotarobot/ros2_ws/install/py_trees_ros/lib/python3.10/site-packages/py_trees_ros/version.py to version.cpython-310.pyc
byte-compiling /home/imnotarobot/ros2_ws/install/py_trees_ros/lib/python3.10/site-packages/py_trees_ros/utilities.py to utilities.cpython-310.pyc
byte-compiling /home/imnotarobot/ros2_ws/install/py_trees_ros/lib/python3.10/site-packages/py_trees_ros/trees.py to trees.cpython-310.pyc
byte-compiling /home/imnotarobot/ros2_ws/install/py_trees_ros/lib/python3.10/site-packages/py_trees_ros/publishers.py to publishers.cpython-310.pyc
byte-compiling /home/imnotarobot/ros2_ws/install/py_trees_ros/lib/python3.10/site-packages/py_trees_ros/subscribers.py to subscribers.cpython-310.pyc
running install_data
copying package.xml -> /home/imnotarobot/ros2_ws/install/py_trees_ros/share/py_trees_ros
creating /home/imnotarobot/ros2_ws/install/py_trees_ros/share/ament_index
creating /home/imnotarobot/ros2_ws/install/py_trees_ros/share/ament_index/resource_index
creating /home/imnotarobot/ros2_ws/install/py_trees_ros/share/ament_index/resource_index/packages
copying resources/py_trees_ros -> /home/imnotarobot/ros2_ws/install/py_trees_ros/share/ament_index/resource_index/packages
running install_egg_info
Copying ../../build/py_trees_ros/py_trees_ros.egg-info to /home/imnotarobot/ros2_ws/install/py_trees_ros/lib/python3.10/site-packages/py_trees_ros-2.2.2-py3.10.egg-info
running install_scripts
Installing py-trees-blackboard-watcher script to /home/imnotarobot/ros2_ws/install/py_trees_ros/bin
Installing py-trees-tree-watcher script to /home/imnotarobot/ros2_ws/install/py_trees_ros/bin
writing list of installed files to '/home/imnotarobot/ros2_ws/build/py_trees_ros/install.log'
