[0.000000] (-) TimerEvent: {}
[0.000137] (-) JobUnselected: {'identifier': 'kelo_tulip'}
[0.000201] (-) JobUnselected: {'identifier': 'py_trees_ros'}
[0.000218] (-) JobUnselected: {'identifier': 'robile_bringup'}
[0.000232] (-) JobUnselected: {'identifier': 'robile_control_simple'}
[0.000247] (-) JobUnselected: {'identifier': 'robile_description'}
[0.000262] (-) JobUnselected: {'identifier': 'robile_gazebo'}
[0.000276] (-) JobUnselected: {'identifier': 'robile_interfaces'}
[0.000290] (-) JobUnselected: {'identifier': 'robile_reach_goal'}
[0.000306] (robile_navigation) JobQueued: {'identifier': 'robile_navigation', 'dependencies': OrderedDict([('robile_interfaces', '/home/imnotarobot/ros2_ws/install/robile_interfaces')])}
[0.000364] (robile_navigation) JobStarted: {'identifier': 'robile_navigation'}
[0.020110] (robile_navigation) JobProgress: {'identifier': 'robile_navigation', 'progress': 'cmake'}
[0.021151] (robile_navigation) JobProgress: {'identifier': 'robile_navigation', 'progress': 'build'}
[0.021183] (robile_navigation) Command: {'cmd': ['/usr/bin/cmake', '--build', '/home/imnotarobot/ros2_ws/build/robile_navigation', '--', '-j12', '-l12'], 'cwd': '/home/imnotarobot/ros2_ws/build/robile_navigation', 'env': OrderedDict([('LANGUAGE', 'en'), ('ROBOT_ENV', 'map_name'), ('USER', 'imnotarobot'), ('LC_TIME', 'de_DE.UTF-8'), ('XDG_SESSION_TYPE', 'x11'), ('SHLVL', '1'), ('LD_LIBRARY_PATH', '/home/imnotarobot/ros2_ws/install/robile_interfaces/lib'), ('HOME', '/home/imnotarobot'), ('OLDPWD', '/home/imnotarobot/ros2_ws'), ('DESKTOP_SESSION', 'ubuntu'), ('GNOME_SHELL_SESSION_MODE', 'ubuntu'), ('GTK_MODULES', 'gail:atk-bridge'), ('LC_MONETARY', 'de_DE.UTF-8'), ('DBUS_STARTER_BUS_TYPE', 'session'), ('SYSTEMD_EXEC_PID', '14136'), ('DBUS_SESSION_BUS_ADDRESS', 'unix:path=/run/user/1001/bus,guid=8c35dbba40c3d834dce7401765956e90'), ('COLORTERM', 'truecolor'), ('GTK_IM_MODULE', 'ibus'), ('LOGNAME', 'imnotarobot'), ('_', '/usr/bin/colcon'), ('XDG_SESSION_CLASS', 'user'), ('USERNAME', 'imnotarobot'), ('TERM', 'xterm-256color'), ('GNOME_DESKTOP_SESSION_ID', 'this-is-deprecated'), ('ROBOT_NAME', 'robile_gazebo'), ('WINDOWPATH', '3'), ('PATH', '/home/imnotarobot/.local/bin:/usr/local/sbin:/usr/local/bin:/usr/sbin:/usr/bin:/sbin:/bin:/usr/games:/usr/local/games:/snap/bin:/snap/bin'), ('SESSION_MANAGER', 'local/primel:@/tmp/.ICE-unix/14136,unix/primel:/tmp/.ICE-unix/14136'), ('XDG_MENU_PREFIX', 'gnome-'), ('LC_ADDRESS', 'de_DE.UTF-8'), ('GNOME_TERMINAL_SCREEN', '/org/gnome/Terminal/screen/702252f2_2d22_4ad5_a33d_1c03d43c1ae2'), ('XDG_RUNTIME_DIR', '/run/user/1001'), ('DISPLAY', ':2'), ('LANG', 'en_US.UTF-8'), ('XDG_CURRENT_DESKTOP', 'ubuntu:GNOME'), ('LC_TELEPHONE', 'de_DE.UTF-8'), ('XMODIFIERS', '@im=ibus'), ('XDG_SESSION_DESKTOP', 'ubuntu'), ('XAUTHORITY', '/run/user/1001/gdm/Xauthority'), ('GNOME_TERMINAL_SERVICE', ':1.177'), ('SSH_AGENT_LAUNCHER', 'gnome-keyring'), ('SSH_AUTH_SOCK', '/run/user/1001/keyring/ssh'), ('AMENT_PREFIX_PATH', '/home/imnotarobot/ros2_ws/install/robile_interfaces'), ('SHELL', '/bin/bash'), ('LC_NAME', 'de_DE.UTF-8'), ('QT_ACCESSIBILITY', '1'), ('GDMSESSION', 'ubuntu'), ('LC_MEASUREMENT', 'de_DE.UTF-8'), ('GPG_AGENT_INFO', '/run/user/1001/gnupg/S.gpg-agent:0:1'), ('LC_IDENTIFICATION', 'de_DE.UTF-8'), ('QT_IM_MODULE', 'ibus'), ('PWD', '/home/imnotarobot/ros2_ws/build/robile_navigation'), ('LC_ALL', 'en_US.UTF-8'), ('XDG_CONFIG_DIRS', '/etc/xdg/xdg-ubuntu:/etc/xdg'), ('DBUS_STARTER_ADDRESS', 'unix:path=/run/user/1001/bus,guid=8c35dbba40c3d834dce7401765956e90'), ('XDG_DATA_DIRS', '/usr/share/ubuntu:/usr/share/gnome:/home/imnotarobot/.local/share/flatpak/exports/share:/var/lib/flatpak/exports/share:/usr/local/share/:/usr/share/:/var/lib/snapd/desktop'), ('LC_NUMERIC', 'de_DE.UTF-8'), ('PYTHONPATH', '/home/imnotarobot/ros2_ws/install/robile_interfaces/local/lib/python3.10/dist-packages'), ('LC_PAPER', 'de_DE.UTF-8'), ('COLCON', '1'), ('VTE_VERSION', '6800'), ('CMAKE_PREFIX_PATH', '/home/imnotarobot/ros2_ws/install/robile_interfaces')]), 'shell': False}
[0.059510] (robile_navigation) StdoutLine: {'line': b'Built target ament_cmake_python_copy_robile_navigation\n'}
[0.099562] (-) TimerEvent: {}
[0.199779] (-) TimerEvent: {}
[0.212385] (robile_navigation) StdoutLine: {'line': b'running egg_info\n'}
[0.212975] (robile_navigation) StdoutLine: {'line': b'writing robile_navigation.egg-info/PKG-INFO\n'}
[0.213260] (robile_navigation) StdoutLine: {'line': b'writing dependency_links to robile_navigation.egg-info/dependency_links.txt\n'}
[0.213500] (robile_navigation) StdoutLine: {'line': b'writing top-level names to robile_navigation.egg-info/top_level.txt\n'}
[0.214704] (robile_navigation) StdoutLine: {'line': b"reading manifest file 'robile_navigation.egg-info/SOURCES.txt'\n"}
[0.215089] (robile_navigation) StdoutLine: {'line': b"writing manifest file 'robile_navigation.egg-info/SOURCES.txt'\n"}
[0.231724] (robile_navigation) StdoutLine: {'line': b'Built target ament_cmake_python_build_robile_navigation_egg\n'}
[0.239414] (robile_navigation) CommandEnded: {'returncode': 0}
[0.252614] (robile_navigation) JobProgress: {'identifier': 'robile_navigation', 'progress': 'install'}
[0.258383] (robile_navigation) Command: {'cmd': ['/usr/bin/cmake', '--install', '/home/imnotarobot/ros2_ws/build/robile_navigation'], 'cwd': '/home/imnotarobot/ros2_ws/build/robile_navigation', 'env': OrderedDict([('LANGUAGE', 'en'), ('ROBOT_ENV', 'map_name'), ('USER', 'imnotarobot'), ('LC_TIME', 'de_DE.UTF-8'), ('XDG_SESSION_TYPE', 'x11'), ('SHLVL', '1'), ('LD_LIBRARY_PATH', '/home/imnotarobot/ros2_ws/install/robile_interfaces/lib'), ('HOME', '/home/imnotarobot'), ('OLDPWD', '/home/imnotarobot/ros2_ws'), ('DESKTOP_SESSION', 'ubuntu'), ('GNOME_SHELL_SESSION_MODE', 'ubuntu'), ('GTK_MODULES', 'gail:atk-bridge'), ('LC_MONETARY', 'de_DE.UTF-8'), ('DBUS_STARTER_BUS_TYPE', 'session'), ('SYSTEMD_EXEC_PID', '14136'), ('DBUS_SESSION_BUS_ADDRESS', 'unix:path=/run/user/1001/bus,guid=8c35dbba40c3d834dce7401765956e90'), ('COLORTERM', 'truecolor'), ('GTK_IM_MODULE', 'ibus'), ('LOGNAME', 'imnotarobot'), ('_', '/usr/bin/colcon'), ('XDG_SESSION_CLASS', 'user'), ('USERNAME', 'imnotarobot'), ('TERM', 'xterm-256color'), ('GNOME_DESKTOP_SESSION_ID', 'this-is-deprecated'), ('ROBOT_NAME', 'robile_gazebo'), ('WINDOWPATH', '3'), ('PATH', '/home/imnotarobot/.local/bin:/usr/local/sbin:/usr/local/bin:/usr/sbin:/usr/bin:/sbin:/bin:/usr/games:/usr/local/games:/snap/bin:/snap/bin'), ('SESSION_MANAGER', 'local/primel:@/tmp/.ICE-unix/14136,unix/primel:/tmp/.ICE-unix/14136'), ('XDG_MENU_PREFIX', 'gnome-'), ('LC_ADDRESS', 'de_DE.UTF-8'), ('GNOME_TERMINAL_SCREEN', '/org/gnome/Terminal/screen/702252f2_2d22_4ad5_a33d_1c03d43c1ae2'), ('XDG_RUNTIME_DIR', '/run/user/1001'), ('DISPLAY', ':2'), ('LANG', 'en_US.UTF-8'), ('XDG_CURRENT_DESKTOP', 'ubuntu:GNOME'), ('LC_TELEPHONE', 'de_DE.UTF-8'), ('XMODIFIERS', '@im=ibus'), ('XDG_SESSION_DESKTOP', 'ubuntu'), ('XAUTHORITY', '/run/user/1001/gdm/Xauthority'), ('GNOME_TERMINAL_SERVICE', ':1.177'), ('SSH_AGENT_LAUNCHER', 'gnome-keyring'), ('SSH_AUTH_SOCK', '/run/user/1001/keyring/ssh'), ('AMENT_PREFIX_PATH', '/home/imnotarobot/ros2_ws/install/robile_interfaces'), ('SHELL', '/bin/bash'), ('LC_NAME', 'de_DE.UTF-8'), ('QT_ACCESSIBILITY', '1'), ('GDMSESSION', 'ubuntu'), ('LC_MEASUREMENT', 'de_DE.UTF-8'), ('GPG_AGENT_INFO', '/run/user/1001/gnupg/S.gpg-agent:0:1'), ('LC_IDENTIFICATION', 'de_DE.UTF-8'), ('QT_IM_MODULE', 'ibus'), ('PWD', '/home/imnotarobot/ros2_ws/build/robile_navigation'), ('LC_ALL', 'en_US.UTF-8'), ('XDG_CONFIG_DIRS', '/etc/xdg/xdg-ubuntu:/etc/xdg'), ('DBUS_STARTER_ADDRESS', 'unix:path=/run/user/1001/bus,guid=8c35dbba40c3d834dce7401765956e90'), ('XDG_DATA_DIRS', '/usr/share/ubuntu:/usr/share/gnome:/home/imnotarobot/.local/share/flatpak/exports/share:/var/lib/flatpak/exports/share:/usr/local/share/:/usr/share/:/var/lib/snapd/desktop'), ('LC_NUMERIC', 'de_DE.UTF-8'), ('PYTHONPATH', '/home/imnotarobot/ros2_ws/install/robile_interfaces/local/lib/python3.10/dist-packages'), ('LC_PAPER', 'de_DE.UTF-8'), ('COLCON', '1'), ('VTE_VERSION', '6800'), ('CMAKE_PREFIX_PATH', '/home/imnotarobot/ros2_ws/install/robile_interfaces')]), 'shell': False}
[0.263977] (robile_navigation) StdoutLine: {'line': b'-- Install configuration: ""\n'}
[0.264145] (robile_navigation) StdoutLine: {'line': b'-- Up-to-date: /home/imnotarobot/ros2_ws/install/robile_navigation/share/robile_navigation/launch\n'}
[0.264234] (robile_navigation) StdoutLine: {'line': b'-- Up-to-date: /home/imnotarobot/ros2_ws/install/robile_navigation/share/robile_navigation/launch/navigation.launch.py\n'}
[0.264287] (robile_navigation) StdoutLine: {'line': b'-- Up-to-date: /home/imnotarobot/ros2_ws/install/robile_navigation/share/robile_navigation/launch/robile_nav2_bringup.launch.py\n'}
[0.264351] (robile_navigation) StdoutLine: {'line': b'-- Up-to-date: /home/imnotarobot/ros2_ws/install/robile_navigation/share/robile_navigation/launch/localization.launch.py\n'}
[0.264400] (robile_navigation) StdoutLine: {'line': b'-- Up-to-date: /home/imnotarobot/ros2_ws/install/robile_navigation/share/robile_navigation/launch/online_async.launch.py\n'}
[0.264448] (robile_navigation) StdoutLine: {'line': b'-- Up-to-date: /home/imnotarobot/ros2_ws/install/robile_navigation/share/robile_navigation/launch/landmark_based_localisation.launch.py\n'}
[0.264578] (robile_navigation) StdoutLine: {'line': b'-- Up-to-date: /home/imnotarobot/ros2_ws/install/robile_navigation/share/robile_navigation/config\n'}
[0.264642] (robile_navigation) StdoutLine: {'line': b'-- Up-to-date: /home/imnotarobot/ros2_ws/install/robile_navigation/share/robile_navigation/config/nav2_params.yaml\n'}
[0.264688] (robile_navigation) StdoutLine: {'line': b'-- Up-to-date: /home/imnotarobot/ros2_ws/install/robile_navigation/share/robile_navigation/config/smacPlannerLattice.json\n'}
[0.264736] (robile_navigation) StdoutLine: {'line': b'-- Up-to-date: /home/imnotarobot/ros2_ws/install/robile_navigation/share/robile_navigation/config/mapper_params_online_async.yaml\n'}
[0.264783] (robile_navigation) StdoutLine: {'line': b'-- Up-to-date: /home/imnotarobot/ros2_ws/install/robile_navigation/share/robile_navigation/config/robile_nav_params.yaml\n'}
[0.264830] (robile_navigation) StdoutLine: {'line': b'-- Up-to-date: /home/imnotarobot/ros2_ws/install/robile_navigation/share/robile_navigation/config/amcl_config.yaml\n'}
[0.264877] (robile_navigation) StdoutLine: {'line': b'-- Up-to-date: /home/imnotarobot/ros2_ws/install/robile_navigation/share/robile_navigation/config/robile_ros2_nav.rviz\n'}
[0.264925] (robile_navigation) StdoutLine: {'line': b'-- Up-to-date: /home/imnotarobot/ros2_ws/install/robile_navigation/share/robile_navigation/maps\n'}
[0.264971] (robile_navigation) StdoutLine: {'line': b'-- Up-to-date: /home/imnotarobot/ros2_ws/install/robile_navigation/share/robile_navigation/maps/map1.pgm\n'}
[0.265042] (robile_navigation) StdoutLine: {'line': b'-- Up-to-date: /home/imnotarobot/ros2_ws/install/robile_navigation/share/robile_navigation/maps/map.yaml\n'}
[0.265132] (robile_navigation) StdoutLine: {'line': b'-- Up-to-date: /home/imnotarobot/ros2_ws/install/robile_navigation/share/robile_navigation/maps/map1.yaml\n'}
[0.265243] (robile_navigation) StdoutLine: {'line': b'-- Up-to-date: /home/imnotarobot/ros2_ws/install/robile_navigation/share/robile_navigation/maps/closed_walls_map.pgm\n'}
[0.265308] (robile_navigation) StdoutLine: {'line': b'-- Up-to-date: /home/imnotarobot/ros2_ws/install/robile_navigation/share/robile_navigation/maps/map.pgm\n'}
[0.265352] (robile_navigation) StdoutLine: {'line': b'-- Up-to-date: /home/imnotarobot/ros2_ws/install/robile_navigation/share/robile_navigation/maps/closed_walls_map.yaml\n'}
[0.265397] (robile_navigation) StdoutLine: {'line': b'-- Up-to-date: /home/imnotarobot/ros2_ws/install/robile_navigation/share/robile_navigation/environment/pythonpath.sh\n'}
[0.265441] (robile_navigation) StdoutLine: {'line': b'-- Up-to-date: /home/imnotarobot/ros2_ws/install/robile_navigation/share/robile_navigation/environment/pythonpath.dsv\n'}
[0.265484] (robile_navigation) StdoutLine: {'line': b'-- Up-to-date: /home/imnotarobot/ros2_ws/install/robile_navigation/local/lib/python3.10/dist-packages/robile_navigation-0.0.0-py3.10.egg-info\n'}
[0.265529] (robile_navigation) StdoutLine: {'line': b'-- Installing: /home/imnotarobot/ros2_ws/install/robile_navigation/local/lib/python3.10/dist-packages/robile_navigation-0.0.0-py3.10.egg-info/dependency_links.txt\n'}
[0.265578] (robile_navigation) StdoutLine: {'line': b'-- Installing: /home/imnotarobot/ros2_ws/install/robile_navigation/local/lib/python3.10/dist-packages/robile_navigation-0.0.0-py3.10.egg-info/top_level.txt\n'}
[0.265622] (robile_navigation) StdoutLine: {'line': b'-- Installing: /home/imnotarobot/ros2_ws/install/robile_navigation/local/lib/python3.10/dist-packages/robile_navigation-0.0.0-py3.10.egg-info/SOURCES.txt\n'}
[0.265667] (robile_navigation) StdoutLine: {'line': b'-- Installing: /home/imnotarobot/ros2_ws/install/robile_navigation/local/lib/python3.10/dist-packages/robile_navigation-0.0.0-py3.10.egg-info/PKG-INFO\n'}
[0.265744] (robile_navigation) StdoutLine: {'line': b'-- Up-to-date: /home/imnotarobot/ros2_ws/install/robile_navigation/local/lib/python3.10/dist-packages/robile_navigation\n'}
[0.265791] (robile_navigation) StdoutLine: {'line': b'-- Up-to-date: /home/imnotarobot/ros2_ws/install/robile_navigation/local/lib/python3.10/dist-packages/robile_navigation/__init__.py\n'}
[0.285812] (robile_navigation) StdoutLine: {'line': b"Listing '/home/imnotarobot/ros2_ws/install/robile_navigation/local/lib/python3.10/dist-packages/robile_navigation'...\n"}
[0.288758] (robile_navigation) StdoutLine: {'line': b'-- Up-to-date: /home/imnotarobot/ros2_ws/install/robile_navigation/lib/robile_navigation/robile_rfid_tag_finder.py\n'}
[0.289055] (robile_navigation) StdoutLine: {'line': b'-- Up-to-date: /home/imnotarobot/ros2_ws/install/robile_navigation/share/ament_index/resource_index/package_run_dependencies/robile_navigation\n'}
[0.289126] (robile_navigation) StdoutLine: {'line': b'-- Up-to-date: /home/imnotarobot/ros2_ws/install/robile_navigation/share/ament_index/resource_index/parent_prefix_path/robile_navigation\n'}
[0.289179] (robile_navigation) StdoutLine: {'line': b'-- Up-to-date: /home/imnotarobot/ros2_ws/install/robile_navigation/share/robile_navigation/environment/ament_prefix_path.sh\n'}
[0.289328] (robile_navigation) StdoutLine: {'line': b'-- Up-to-date: /home/imnotarobot/ros2_ws/install/robile_navigation/share/robile_navigation/environment/ament_prefix_path.dsv\n'}
[0.289388] (robile_navigation) StdoutLine: {'line': b'-- Up-to-date: /home/imnotarobot/ros2_ws/install/robile_navigation/share/robile_navigation/environment/path.sh\n'}
[0.289438] (robile_navigation) StdoutLine: {'line': b'-- Up-to-date: /home/imnotarobot/ros2_ws/install/robile_navigation/share/robile_navigation/environment/path.dsv\n'}
[0.289485] (robile_navigation) StdoutLine: {'line': b'-- Up-to-date: /home/imnotarobot/ros2_ws/install/robile_navigation/share/robile_navigation/local_setup.bash\n'}
[0.289529] (robile_navigation) StdoutLine: {'line': b'-- Up-to-date: /home/imnotarobot/ros2_ws/install/robile_navigation/share/robile_navigation/local_setup.sh\n'}
[0.289574] (robile_navigation) StdoutLine: {'line': b'-- Up-to-date: /home/imnotarobot/ros2_ws/install/robile_navigation/share/robile_navigation/local_setup.zsh\n'}
[0.289618] (robile_navigation) StdoutLine: {'line': b'-- Up-to-date: /home/imnotarobot/ros2_ws/install/robile_navigation/share/robile_navigation/local_setup.dsv\n'}
[0.289662] (robile_navigation) StdoutLine: {'line': b'-- Installing: /home/imnotarobot/ros2_ws/install/robile_navigation/share/robile_navigation/package.dsv\n'}
[0.289706] (robile_navigation) StdoutLine: {'line': b'-- Up-to-date: /home/imnotarobot/ros2_ws/install/robile_navigation/share/ament_index/resource_index/packages/robile_navigation\n'}
[0.289750] (robile_navigation) StdoutLine: {'line': b'-- Up-to-date: /home/imnotarobot/ros2_ws/install/robile_navigation/share/robile_navigation/cmake/robile_navigationConfig.cmake\n'}
[0.289793] (robile_navigation) StdoutLine: {'line': b'-- Up-to-date: /home/imnotarobot/ros2_ws/install/robile_navigation/share/robile_navigation/cmake/robile_navigationConfig-version.cmake\n'}
[0.289837] (robile_navigation) StdoutLine: {'line': b'-- Up-to-date: /home/imnotarobot/ros2_ws/install/robile_navigation/share/robile_navigation/package.xml\n'}
[0.290611] (robile_navigation) CommandEnded: {'returncode': 0}
[0.299846] (-) TimerEvent: {}
[0.369195] (robile_navigation) JobEnded: {'identifier': 'robile_navigation', 'rc': 0}
[0.369676] (-) EventReactorShutdown: {}
