[0.385s] Invoking command in '/home/imnotarobot/ros2_ws/build/kelo_tulip': CMAKE_PREFIX_PATH=${CMAKE_PREFIX_PATH}:/home/imnotarobot/ros2_ws/install/robile_reach_goal:/home/imnotarobot/ros2_ws/install/robile_control_simple:/home/imnotarobot/ros2_ws/install/robile_bringup:/home/imnotarobot/ros2_ws/install/py_trees_ros:/opt/ros/humble /usr/bin/cmake --build /home/imnotarobot/ros2_ws/build/kelo_tulip -- -j12 -l12
[1.578s] [ 60%] Built target soem
[1.578s] [ 75%] Built target tulip_velocity_controller
[1.578s] [100%] Built target platform_driver
[1.579s] Invoked command in '/home/imnotarobot/ros2_ws/build/kelo_tulip' returned '0': CMAKE_PREFIX_PATH=${CMAKE_PREFIX_PATH}:/home/imnotarobot/ros2_ws/install/robile_reach_goal:/home/imnotarobot/ros2_ws/install/robile_control_simple:/home/imnotarobot/ros2_ws/install/robile_bringup:/home/imnotarobot/ros2_ws/install/py_trees_ros:/opt/ros/humble /usr/bin/cmake --build /home/imnotarobot/ros2_ws/build/kelo_tulip -- -j12 -l12
[1.605s] Invoking command in '/home/imnotarobot/ros2_ws/build/kelo_tulip': CMAKE_PREFIX_PATH=${CMAKE_PREFIX_PATH}:/home/imnotarobot/ros2_ws/install/robile_reach_goal:/home/imnotarobot/ros2_ws/install/robile_control_simple:/home/imnotarobot/ros2_ws/install/robile_bringup:/home/imnotarobot/ros2_ws/install/py_trees_ros:/opt/ros/humble /usr/bin/cmake --install /home/imnotarobot/ros2_ws/build/kelo_tulip
[1.614s] -- Install configuration: ""
[1.614s] -- Up-to-date: /home/imnotarobot/ros2_ws/install/kelo_tulip/lib/kelo_tulip/platform_driver
[1.615s] -- Up-to-date: /home/imnotarobot/ros2_ws/install/kelo_tulip/lib/libtulip_velocity_controller.a
[1.615s] -- Up-to-date: /home/imnotarobot/ros2_ws/install/kelo_tulip/include
[1.615s] -- Up-to-date: /home/imnotarobot/ros2_ws/install/kelo_tulip/include/kelo_tulip
[1.615s] -- Up-to-date: /home/imnotarobot/ros2_ws/install/kelo_tulip/include/kelo_tulip/soem
[1.615s] -- Up-to-date: /home/imnotarobot/ros2_ws/install/kelo_tulip/include/kelo_tulip/soem/osal
[1.615s] -- Up-to-date: /home/imnotarobot/ros2_ws/install/kelo_tulip/include/kelo_tulip/soem/osal/linux
[1.615s] -- Up-to-date: /home/imnotarobot/ros2_ws/install/kelo_tulip/include/kelo_tulip/soem/osal/linux/osal_defs.h
[1.615s] -- Up-to-date: /home/imnotarobot/ros2_ws/install/kelo_tulip/include/kelo_tulip/soem/osal/linux/osal.c
[1.615s] -- Up-to-date: /home/imnotarobot/ros2_ws/install/kelo_tulip/include/kelo_tulip/soem/osal/intime
[1.615s] -- Up-to-date: /home/imnotarobot/ros2_ws/install/kelo_tulip/include/kelo_tulip/soem/osal/intime/osal_defs.h
[1.615s] -- Up-to-date: /home/imnotarobot/ros2_ws/install/kelo_tulip/include/kelo_tulip/soem/osal/intime/osal.c
[1.615s] -- Up-to-date: /home/imnotarobot/ros2_ws/install/kelo_tulip/include/kelo_tulip/soem/osal/rtk
[1.615s] -- Up-to-date: /home/imnotarobot/ros2_ws/install/kelo_tulip/include/kelo_tulip/soem/osal/rtk/osal_defs.h
[1.615s] -- Up-to-date: /home/imnotarobot/ros2_ws/install/kelo_tulip/include/kelo_tulip/soem/osal/rtk/osal.c
[1.616s] -- Up-to-date: /home/imnotarobot/ros2_ws/install/kelo_tulip/include/kelo_tulip/soem/osal/osal.h
[1.616s] -- Up-to-date: /home/imnotarobot/ros2_ws/install/kelo_tulip/include/kelo_tulip/soem/osal/vxworks
[1.616s] -- Up-to-date: /home/imnotarobot/ros2_ws/install/kelo_tulip/include/kelo_tulip/soem/osal/vxworks/osal_defs.h
[1.616s] -- Up-to-date: /home/imnotarobot/ros2_ws/install/kelo_tulip/include/kelo_tulip/soem/osal/vxworks/osal.c
[1.616s] -- Up-to-date: /home/imnotarobot/ros2_ws/install/kelo_tulip/include/kelo_tulip/soem/osal/rtems
[1.616s] -- Up-to-date: /home/imnotarobot/ros2_ws/install/kelo_tulip/include/kelo_tulip/soem/osal/rtems/osal_defs.h
[1.616s] -- Up-to-date: /home/imnotarobot/ros2_ws/install/kelo_tulip/include/kelo_tulip/soem/osal/rtems/osal.c
[1.616s] -- Up-to-date: /home/imnotarobot/ros2_ws/install/kelo_tulip/include/kelo_tulip/soem/osal/win32
[1.616s] -- Up-to-date: /home/imnotarobot/ros2_ws/install/kelo_tulip/include/kelo_tulip/soem/osal/win32/osal_defs.h
[1.616s] -- Up-to-date: /home/imnotarobot/ros2_ws/install/kelo_tulip/include/kelo_tulip/soem/osal/win32/osal_win32.h
[1.616s] -- Up-to-date: /home/imnotarobot/ros2_ws/install/kelo_tulip/include/kelo_tulip/soem/osal/win32/stdint.h
[1.617s] -- Up-to-date: /home/imnotarobot/ros2_ws/install/kelo_tulip/include/kelo_tulip/soem/osal/win32/osal.c
[1.617s] -- Up-to-date: /home/imnotarobot/ros2_ws/install/kelo_tulip/include/kelo_tulip/soem/osal/win32/inttypes.h
[1.617s] -- Up-to-date: /home/imnotarobot/ros2_ws/install/kelo_tulip/include/kelo_tulip/soem/ethercateoe.h
[1.617s] -- Up-to-date: /home/imnotarobot/ros2_ws/install/kelo_tulip/include/kelo_tulip/soem/ethercatconfiglist.h
[1.617s] -- Up-to-date: /home/imnotarobot/ros2_ws/install/kelo_tulip/include/kelo_tulip/soem/ethercattype.h
[1.617s] -- Up-to-date: /home/imnotarobot/ros2_ws/install/kelo_tulip/include/kelo_tulip/soem/ethercatdc.h
[1.617s] -- Up-to-date: /home/imnotarobot/ros2_ws/install/kelo_tulip/include/kelo_tulip/soem/oshw
[1.617s] -- Up-to-date: /home/imnotarobot/ros2_ws/install/kelo_tulip/include/kelo_tulip/soem/oshw/linux
[1.617s] -- Up-to-date: /home/imnotarobot/ros2_ws/install/kelo_tulip/include/kelo_tulip/soem/oshw/linux/nicdrv.c
[1.617s] -- Up-to-date: /home/imnotarobot/ros2_ws/install/kelo_tulip/include/kelo_tulip/soem/oshw/linux/oshw.h
[1.617s] -- Up-to-date: /home/imnotarobot/ros2_ws/install/kelo_tulip/include/kelo_tulip/soem/oshw/linux/nicdrv.h
[1.617s] -- Up-to-date: /home/imnotarobot/ros2_ws/install/kelo_tulip/include/kelo_tulip/soem/oshw/linux/oshw.c
[1.617s] -- Up-to-date: /home/imnotarobot/ros2_ws/install/kelo_tulip/include/kelo_tulip/soem/oshw/intime
[1.617s] -- Up-to-date: /home/imnotarobot/ros2_ws/install/kelo_tulip/include/kelo_tulip/soem/oshw/intime/nicdrv.c
[1.618s] -- Up-to-date: /home/imnotarobot/ros2_ws/install/kelo_tulip/include/kelo_tulip/soem/oshw/intime/oshw.h
[1.618s] -- Up-to-date: /home/imnotarobot/ros2_ws/install/kelo_tulip/include/kelo_tulip/soem/oshw/intime/nicdrv.h
[1.618s] -- Up-to-date: /home/imnotarobot/ros2_ws/install/kelo_tulip/include/kelo_tulip/soem/oshw/intime/oshw.c
[1.618s] -- Up-to-date: /home/imnotarobot/ros2_ws/install/kelo_tulip/include/kelo_tulip/soem/oshw/rtk
[1.618s] -- Up-to-date: /home/imnotarobot/ros2_ws/install/kelo_tulip/include/kelo_tulip/soem/oshw/rtk/nicdrv.c
[1.618s] -- Up-to-date: /home/imnotarobot/ros2_ws/install/kelo_tulip/include/kelo_tulip/soem/oshw/rtk/oshw.h
[1.619s] -- Up-to-date: /home/imnotarobot/ros2_ws/install/kelo_tulip/include/kelo_tulip/soem/oshw/rtk/nicdrv.h
[1.619s] -- Up-to-date: /home/imnotarobot/ros2_ws/install/kelo_tulip/include/kelo_tulip/soem/oshw/rtk/fec
[1.619s] -- Up-to-date: /home/imnotarobot/ros2_ws/install/kelo_tulip/include/kelo_tulip/soem/oshw/rtk/fec/fec_ecat.h
[1.619s] -- Up-to-date: /home/imnotarobot/ros2_ws/install/kelo_tulip/include/kelo_tulip/soem/oshw/rtk/fec/fec_ecat.c
[1.619s] -- Up-to-date: /home/imnotarobot/ros2_ws/install/kelo_tulip/include/kelo_tulip/soem/oshw/rtk/lw_mac
[1.619s] -- Up-to-date: /home/imnotarobot/ros2_ws/install/kelo_tulip/include/kelo_tulip/soem/oshw/rtk/lw_mac/lw_emac.c
[1.619s] -- Up-to-date: /home/imnotarobot/ros2_ws/install/kelo_tulip/include/kelo_tulip/soem/oshw/rtk/lw_mac/lw_emac.h
[1.619s] -- Up-to-date: /home/imnotarobot/ros2_ws/install/kelo_tulip/include/kelo_tulip/soem/oshw/rtk/oshw.c
[1.619s] -- Up-to-date: /home/imnotarobot/ros2_ws/install/kelo_tulip/include/kelo_tulip/soem/oshw/vxworks
[1.619s] -- Up-to-date: /home/imnotarobot/ros2_ws/install/kelo_tulip/include/kelo_tulip/soem/oshw/vxworks/nicdrv.c
[1.619s] -- Up-to-date: /home/imnotarobot/ros2_ws/install/kelo_tulip/include/kelo_tulip/soem/oshw/vxworks/oshw.h
[1.619s] -- Up-to-date: /home/imnotarobot/ros2_ws/install/kelo_tulip/include/kelo_tulip/soem/oshw/vxworks/nicdrv.h
[1.619s] -- Up-to-date: /home/imnotarobot/ros2_ws/install/kelo_tulip/include/kelo_tulip/soem/oshw/vxworks/oshw.c
[1.619s] -- Up-to-date: /home/imnotarobot/ros2_ws/install/kelo_tulip/include/kelo_tulip/soem/oshw/rtems
[1.619s] -- Up-to-date: /home/imnotarobot/ros2_ws/install/kelo_tulip/include/kelo_tulip/soem/oshw/rtems/nicdrv.c
[1.620s] -- Up-to-date: /home/imnotarobot/ros2_ws/install/kelo_tulip/include/kelo_tulip/soem/oshw/rtems/oshw.h
[1.620s] -- Up-to-date: /home/imnotarobot/ros2_ws/install/kelo_tulip/include/kelo_tulip/soem/oshw/rtems/nicdrv.h
[1.620s] -- Up-to-date: /home/imnotarobot/ros2_ws/install/kelo_tulip/include/kelo_tulip/soem/oshw/rtems/oshw.c
[1.620s] -- Up-to-date: /home/imnotarobot/ros2_ws/install/kelo_tulip/include/kelo_tulip/soem/oshw/win32
[1.620s] -- Up-to-date: /home/imnotarobot/ros2_ws/install/kelo_tulip/include/kelo_tulip/soem/oshw/win32/nicdrv.c
[1.620s] -- Up-to-date: /home/imnotarobot/ros2_ws/install/kelo_tulip/include/kelo_tulip/soem/oshw/win32/oshw.h
[1.620s] -- Up-to-date: /home/imnotarobot/ros2_ws/install/kelo_tulip/include/kelo_tulip/soem/oshw/win32/nicdrv.h
[1.620s] -- Up-to-date: /home/imnotarobot/ros2_ws/install/kelo_tulip/include/kelo_tulip/soem/oshw/win32/wpcap
[1.621s] -- Up-to-date: /home/imnotarobot/ros2_ws/install/kelo_tulip/include/kelo_tulip/soem/oshw/win32/wpcap/Include
[1.621s] -- Up-to-date: /home/imnotarobot/ros2_ws/install/kelo_tulip/include/kelo_tulip/soem/oshw/win32/wpcap/Include/pcap-namedb.h
[1.621s] -- Up-to-date: /home/imnotarobot/ros2_ws/install/kelo_tulip/include/kelo_tulip/soem/oshw/win32/wpcap/Include/pcap.h
[1.621s] -- Up-to-date: /home/imnotarobot/ros2_ws/install/kelo_tulip/include/kelo_tulip/soem/oshw/win32/wpcap/Include/Packet32.h
[1.621s] -- Up-to-date: /home/imnotarobot/ros2_ws/install/kelo_tulip/include/kelo_tulip/soem/oshw/win32/wpcap/Include/remote-ext.h
[1.621s] -- Up-to-date: /home/imnotarobot/ros2_ws/install/kelo_tulip/include/kelo_tulip/soem/oshw/win32/wpcap/Include/Win32-Extensions.h
[1.621s] -- Up-to-date: /home/imnotarobot/ros2_ws/install/kelo_tulip/include/kelo_tulip/soem/oshw/win32/wpcap/Include/pcap
[1.621s] -- Up-to-date: /home/imnotarobot/ros2_ws/install/kelo_tulip/include/kelo_tulip/soem/oshw/win32/wpcap/Include/pcap/namedb.h
[1.621s] -- Up-to-date: /home/imnotarobot/ros2_ws/install/kelo_tulip/include/kelo_tulip/soem/oshw/win32/wpcap/Include/pcap/pcap.h
[1.621s] -- Up-to-date: /home/imnotarobot/ros2_ws/install/kelo_tulip/include/kelo_tulip/soem/oshw/win32/wpcap/Include/pcap/vlan.h
[1.621s] -- Up-to-date: /home/imnotarobot/ros2_ws/install/kelo_tulip/include/kelo_tulip/soem/oshw/win32/wpcap/Include/pcap/bpf.h
[1.621s] -- Up-to-date: /home/imnotarobot/ros2_ws/install/kelo_tulip/include/kelo_tulip/soem/oshw/win32/wpcap/Include/pcap/sll.h
[1.621s] -- Up-to-date: /home/imnotarobot/ros2_ws/install/kelo_tulip/include/kelo_tulip/soem/oshw/win32/wpcap/Include/pcap/usb.h
[1.621s] -- Up-to-date: /home/imnotarobot/ros2_ws/install/kelo_tulip/include/kelo_tulip/soem/oshw/win32/wpcap/Include/pcap/bluetooth.h
[1.621s] -- Up-to-date: /home/imnotarobot/ros2_ws/install/kelo_tulip/include/kelo_tulip/soem/oshw/win32/wpcap/Include/bittypes.h
[1.621s] -- Up-to-date: /home/imnotarobot/ros2_ws/install/kelo_tulip/include/kelo_tulip/soem/oshw/win32/wpcap/Include/pcap-stdinc.h
[1.621s] -- Up-to-date: /home/imnotarobot/ros2_ws/install/kelo_tulip/include/kelo_tulip/soem/oshw/win32/wpcap/Include/pcap-bpf.h
[1.621s] -- Up-to-date: /home/imnotarobot/ros2_ws/install/kelo_tulip/include/kelo_tulip/soem/oshw/win32/wpcap/Include/ip6_misc.h
[1.622s] -- Up-to-date: /home/imnotarobot/ros2_ws/install/kelo_tulip/include/kelo_tulip/soem/oshw/win32/wpcap/Lib
[1.622s] -- Up-to-date: /home/imnotarobot/ros2_ws/install/kelo_tulip/include/kelo_tulip/soem/oshw/win32/wpcap/Lib/libpacket.a
[1.622s] -- Up-to-date: /home/imnotarobot/ros2_ws/install/kelo_tulip/include/kelo_tulip/soem/oshw/win32/wpcap/Lib/x64
[1.622s] -- Up-to-date: /home/imnotarobot/ros2_ws/install/kelo_tulip/include/kelo_tulip/soem/oshw/win32/wpcap/Lib/x64/wpcap.lib
[1.622s] -- Up-to-date: /home/imnotarobot/ros2_ws/install/kelo_tulip/include/kelo_tulip/soem/oshw/win32/wpcap/Lib/x64/Packet.lib
[1.622s] -- Up-to-date: /home/imnotarobot/ros2_ws/install/kelo_tulip/include/kelo_tulip/soem/oshw/win32/wpcap/Lib/libwpcap.a
[1.622s] -- Up-to-date: /home/imnotarobot/ros2_ws/install/kelo_tulip/include/kelo_tulip/soem/oshw/win32/wpcap/Lib/wpcap.lib
[1.622s] -- Up-to-date: /home/imnotarobot/ros2_ws/install/kelo_tulip/include/kelo_tulip/soem/oshw/win32/wpcap/Lib/Packet.lib
[1.622s] -- Up-to-date: /home/imnotarobot/ros2_ws/install/kelo_tulip/include/kelo_tulip/soem/oshw/win32/oshw.c
[1.622s] -- Up-to-date: /home/imnotarobot/ros2_ws/install/kelo_tulip/include/kelo_tulip/soem/ethercatfoe.h
[1.622s] -- Up-to-date: /home/imnotarobot/ros2_ws/install/kelo_tulip/include/kelo_tulip/soem/ethercatmain.h
[1.622s] -- Up-to-date: /home/imnotarobot/ros2_ws/install/kelo_tulip/include/kelo_tulip/soem/ethercatsoe.h
[1.622s] -- Up-to-date: /home/imnotarobot/ros2_ws/install/kelo_tulip/include/kelo_tulip/soem/ethercatconfig.h
[1.623s] -- Up-to-date: /home/imnotarobot/ros2_ws/install/kelo_tulip/include/kelo_tulip/soem/ethercat.h
[1.623s] -- Up-to-date: /home/imnotarobot/ros2_ws/install/kelo_tulip/include/kelo_tulip/soem/ethercatcoe.h
[1.623s] -- Up-to-date: /home/imnotarobot/ros2_ws/install/kelo_tulip/include/kelo_tulip/soem/ethercatprint.h
[1.623s] -- Up-to-date: /home/imnotarobot/ros2_ws/install/kelo_tulip/include/kelo_tulip/soem/ethercatbase.h
[1.623s] -- Up-to-date: /home/imnotarobot/ros2_ws/install/kelo_tulip/include/kelo_tulip/Utils.h
[1.623s] -- Up-to-date: /home/imnotarobot/ros2_ws/install/kelo_tulip/include/kelo_tulip/KeloDriveAPI.h
[1.623s] -- Up-to-date: /home/imnotarobot/ros2_ws/install/kelo_tulip/include/kelo_tulip/WheelConfig.h
[1.623s] -- Up-to-date: /home/imnotarobot/ros2_ws/install/kelo_tulip/include/kelo_tulip/Structs.h
[1.623s] -- Up-to-date: /home/imnotarobot/ros2_ws/install/kelo_tulip/include/kelo_tulip/modules
[1.623s] -- Up-to-date: /home/imnotarobot/ros2_ws/install/kelo_tulip/include/kelo_tulip/modules/RobileMasterBattery.h
[1.623s] -- Up-to-date: /home/imnotarobot/ros2_ws/install/kelo_tulip/include/kelo_tulip/VelocityPlatformController.h
[1.623s] -- Up-to-date: /home/imnotarobot/ros2_ws/install/kelo_tulip/include/kelo_tulip/EtherCATModule.h
[1.623s] -- Up-to-date: /home/imnotarobot/ros2_ws/install/kelo_tulip/include/kelo_tulip/PlatformDriver.h
[1.624s] -- Up-to-date: /home/imnotarobot/ros2_ws/install/kelo_tulip/include/kelo_tulip
[1.624s] -- Up-to-date: /home/imnotarobot/ros2_ws/install/kelo_tulip/include/kelo_tulip/soem
[1.624s] -- Up-to-date: /home/imnotarobot/ros2_ws/install/kelo_tulip/include/kelo_tulip/soem/osal
[1.624s] -- Up-to-date: /home/imnotarobot/ros2_ws/install/kelo_tulip/include/kelo_tulip/soem/osal/linux
[1.624s] -- Up-to-date: /home/imnotarobot/ros2_ws/install/kelo_tulip/include/kelo_tulip/soem/osal/linux/osal_defs.h
[1.624s] -- Up-to-date: /home/imnotarobot/ros2_ws/install/kelo_tulip/include/kelo_tulip/soem/osal/linux/osal.c
[1.624s] -- Up-to-date: /home/imnotarobot/ros2_ws/install/kelo_tulip/include/kelo_tulip/soem/osal/intime
[1.624s] -- Up-to-date: /home/imnotarobot/ros2_ws/install/kelo_tulip/include/kelo_tulip/soem/osal/intime/osal_defs.h
[1.624s] -- Up-to-date: /home/imnotarobot/ros2_ws/install/kelo_tulip/include/kelo_tulip/soem/osal/intime/osal.c
[1.624s] -- Up-to-date: /home/imnotarobot/ros2_ws/install/kelo_tulip/include/kelo_tulip/soem/osal/rtk
[1.624s] -- Up-to-date: /home/imnotarobot/ros2_ws/install/kelo_tulip/include/kelo_tulip/soem/osal/rtk/osal_defs.h
[1.624s] -- Up-to-date: /home/imnotarobot/ros2_ws/install/kelo_tulip/include/kelo_tulip/soem/osal/rtk/osal.c
[1.624s] -- Up-to-date: /home/imnotarobot/ros2_ws/install/kelo_tulip/include/kelo_tulip/soem/osal/osal.h
[1.624s] -- Up-to-date: /home/imnotarobot/ros2_ws/install/kelo_tulip/include/kelo_tulip/soem/osal/vxworks
[1.624s] -- Up-to-date: /home/imnotarobot/ros2_ws/install/kelo_tulip/include/kelo_tulip/soem/osal/vxworks/osal_defs.h
[1.624s] -- Up-to-date: /home/imnotarobot/ros2_ws/install/kelo_tulip/include/kelo_tulip/soem/osal/vxworks/osal.c
[1.625s] -- Up-to-date: /home/imnotarobot/ros2_ws/install/kelo_tulip/include/kelo_tulip/soem/osal/rtems
[1.625s] -- Up-to-date: /home/imnotarobot/ros2_ws/install/kelo_tulip/include/kelo_tulip/soem/osal/rtems/osal_defs.h
[1.625s] -- Up-to-date: /home/imnotarobot/ros2_ws/install/kelo_tulip/include/kelo_tulip/soem/osal/rtems/osal.c
[1.625s] -- Up-to-date: /home/imnotarobot/ros2_ws/install/kelo_tulip/include/kelo_tulip/soem/osal/win32
[1.625s] -- Up-to-date: /home/imnotarobot/ros2_ws/install/kelo_tulip/include/kelo_tulip/soem/osal/win32/osal_defs.h
[1.625s] -- Up-to-date: /home/imnotarobot/ros2_ws/install/kelo_tulip/include/kelo_tulip/soem/osal/win32/osal_win32.h
[1.625s] -- Up-to-date: /home/imnotarobot/ros2_ws/install/kelo_tulip/include/kelo_tulip/soem/osal/win32/stdint.h
[1.625s] -- Up-to-date: /home/imnotarobot/ros2_ws/install/kelo_tulip/include/kelo_tulip/soem/osal/win32/osal.c
[1.625s] -- Up-to-date: /home/imnotarobot/ros2_ws/install/kelo_tulip/include/kelo_tulip/soem/osal/win32/inttypes.h
[1.625s] -- Up-to-date: /home/imnotarobot/ros2_ws/install/kelo_tulip/include/kelo_tulip/soem/ethercateoe.h
[1.625s] -- Up-to-date: /home/imnotarobot/ros2_ws/install/kelo_tulip/include/kelo_tulip/soem/ethercatconfiglist.h
[1.625s] -- Up-to-date: /home/imnotarobot/ros2_ws/install/kelo_tulip/include/kelo_tulip/soem/ethercattype.h
[1.625s] -- Up-to-date: /home/imnotarobot/ros2_ws/install/kelo_tulip/include/kelo_tulip/soem/ethercatdc.h
[1.625s] -- Up-to-date: /home/imnotarobot/ros2_ws/install/kelo_tulip/include/kelo_tulip/soem/oshw
[1.626s] -- Up-to-date: /home/imnotarobot/ros2_ws/install/kelo_tulip/include/kelo_tulip/soem/oshw/linux
[1.626s] -- Up-to-date: /home/imnotarobot/ros2_ws/install/kelo_tulip/include/kelo_tulip/soem/oshw/linux/nicdrv.c
[1.626s] -- Up-to-date: /home/imnotarobot/ros2_ws/install/kelo_tulip/include/kelo_tulip/soem/oshw/linux/oshw.h
[1.626s] -- Up-to-date: /home/imnotarobot/ros2_ws/install/kelo_tulip/include/kelo_tulip/soem/oshw/linux/nicdrv.h
[1.626s] -- Up-to-date: /home/imnotarobot/ros2_ws/install/kelo_tulip/include/kelo_tulip/soem/oshw/linux/oshw.c
[1.626s] -- Up-to-date: /home/imnotarobot/ros2_ws/install/kelo_tulip/include/kelo_tulip/soem/oshw/intime
[1.626s] -- Up-to-date: /home/imnotarobot/ros2_ws/install/kelo_tulip/include/kelo_tulip/soem/oshw/intime/nicdrv.c
[1.626s] -- Up-to-date: /home/imnotarobot/ros2_ws/install/kelo_tulip/include/kelo_tulip/soem/oshw/intime/oshw.h
[1.626s] -- Up-to-date: /home/imnotarobot/ros2_ws/install/kelo_tulip/include/kelo_tulip/soem/oshw/intime/nicdrv.h
[1.626s] -- Up-to-date: /home/imnotarobot/ros2_ws/install/kelo_tulip/include/kelo_tulip/soem/oshw/intime/oshw.c
[1.626s] -- Up-to-date: /home/imnotarobot/ros2_ws/install/kelo_tulip/include/kelo_tulip/soem/oshw/rtk
[1.626s] -- Up-to-date: /home/imnotarobot/ros2_ws/install/kelo_tulip/include/kelo_tulip/soem/oshw/rtk/nicdrv.c
[1.626s] -- Up-to-date: /home/imnotarobot/ros2_ws/install/kelo_tulip/include/kelo_tulip/soem/oshw/rtk/oshw.h
[1.626s] -- Up-to-date: /home/imnotarobot/ros2_ws/install/kelo_tulip/include/kelo_tulip/soem/oshw/rtk/nicdrv.h
[1.626s] -- Up-to-date: /home/imnotarobot/ros2_ws/install/kelo_tulip/include/kelo_tulip/soem/oshw/rtk/fec
[1.627s] -- Up-to-date: /home/imnotarobot/ros2_ws/install/kelo_tulip/include/kelo_tulip/soem/oshw/rtk/fec/fec_ecat.h
[1.627s] -- Up-to-date: /home/imnotarobot/ros2_ws/install/kelo_tulip/include/kelo_tulip/soem/oshw/rtk/fec/fec_ecat.c
[1.627s] -- Up-to-date: /home/imnotarobot/ros2_ws/install/kelo_tulip/include/kelo_tulip/soem/oshw/rtk/lw_mac
[1.627s] -- Up-to-date: /home/imnotarobot/ros2_ws/install/kelo_tulip/include/kelo_tulip/soem/oshw/rtk/lw_mac/lw_emac.c
[1.627s] -- Up-to-date: /home/imnotarobot/ros2_ws/install/kelo_tulip/include/kelo_tulip/soem/oshw/rtk/lw_mac/lw_emac.h
[1.627s] -- Up-to-date: /home/imnotarobot/ros2_ws/install/kelo_tulip/include/kelo_tulip/soem/oshw/rtk/oshw.c
[1.627s] -- Up-to-date: /home/imnotarobot/ros2_ws/install/kelo_tulip/include/kelo_tulip/soem/oshw/vxworks
[1.627s] -- Up-to-date: /home/imnotarobot/ros2_ws/install/kelo_tulip/include/kelo_tulip/soem/oshw/vxworks/nicdrv.c
[1.627s] -- Up-to-date: /home/imnotarobot/ros2_ws/install/kelo_tulip/include/kelo_tulip/soem/oshw/vxworks/oshw.h
[1.627s] -- Up-to-date: /home/imnotarobot/ros2_ws/install/kelo_tulip/include/kelo_tulip/soem/oshw/vxworks/nicdrv.h
[1.627s] -- Up-to-date: /home/imnotarobot/ros2_ws/install/kelo_tulip/include/kelo_tulip/soem/oshw/vxworks/oshw.c
[1.627s] -- Up-to-date: /home/imnotarobot/ros2_ws/install/kelo_tulip/include/kelo_tulip/soem/oshw/rtems
[1.627s] -- Up-to-date: /home/imnotarobot/ros2_ws/install/kelo_tulip/include/kelo_tulip/soem/oshw/rtems/nicdrv.c
[1.628s] -- Up-to-date: /home/imnotarobot/ros2_ws/install/kelo_tulip/include/kelo_tulip/soem/oshw/rtems/oshw.h
[1.628s] -- Up-to-date: /home/imnotarobot/ros2_ws/install/kelo_tulip/include/kelo_tulip/soem/oshw/rtems/nicdrv.h
[1.628s] -- Up-to-date: /home/imnotarobot/ros2_ws/install/kelo_tulip/include/kelo_tulip/soem/oshw/rtems/oshw.c
[1.628s] -- Up-to-date: /home/imnotarobot/ros2_ws/install/kelo_tulip/include/kelo_tulip/soem/oshw/win32
[1.628s] -- Up-to-date: /home/imnotarobot/ros2_ws/install/kelo_tulip/include/kelo_tulip/soem/oshw/win32/nicdrv.c
[1.628s] -- Up-to-date: /home/imnotarobot/ros2_ws/install/kelo_tulip/include/kelo_tulip/soem/oshw/win32/oshw.h
[1.628s] -- Up-to-date: /home/imnotarobot/ros2_ws/install/kelo_tulip/include/kelo_tulip/soem/oshw/win32/nicdrv.h
[1.628s] -- Up-to-date: /home/imnotarobot/ros2_ws/install/kelo_tulip/include/kelo_tulip/soem/oshw/win32/wpcap
[1.628s] -- Up-to-date: /home/imnotarobot/ros2_ws/install/kelo_tulip/include/kelo_tulip/soem/oshw/win32/wpcap/Include
[1.628s] -- Up-to-date: /home/imnotarobot/ros2_ws/install/kelo_tulip/include/kelo_tulip/soem/oshw/win32/wpcap/Include/pcap-namedb.h
[1.628s] -- Up-to-date: /home/imnotarobot/ros2_ws/install/kelo_tulip/include/kelo_tulip/soem/oshw/win32/wpcap/Include/pcap.h
[1.628s] -- Up-to-date: /home/imnotarobot/ros2_ws/install/kelo_tulip/include/kelo_tulip/soem/oshw/win32/wpcap/Include/Packet32.h
[1.628s] -- Up-to-date: /home/imnotarobot/ros2_ws/install/kelo_tulip/include/kelo_tulip/soem/oshw/win32/wpcap/Include/remote-ext.h
[1.628s] -- Up-to-date: /home/imnotarobot/ros2_ws/install/kelo_tulip/include/kelo_tulip/soem/oshw/win32/wpcap/Include/Win32-Extensions.h
[1.628s] -- Up-to-date: /home/imnotarobot/ros2_ws/install/kelo_tulip/include/kelo_tulip/soem/oshw/win32/wpcap/Include/pcap
[1.628s] -- Up-to-date: /home/imnotarobot/ros2_ws/install/kelo_tulip/include/kelo_tulip/soem/oshw/win32/wpcap/Include/pcap/namedb.h
[1.628s] -- Up-to-date: /home/imnotarobot/ros2_ws/install/kelo_tulip/include/kelo_tulip/soem/oshw/win32/wpcap/Include/pcap/pcap.h
[1.629s] -- Up-to-date: /home/imnotarobot/ros2_ws/install/kelo_tulip/include/kelo_tulip/soem/oshw/win32/wpcap/Include/pcap/vlan.h
[1.629s] -- Up-to-date: /home/imnotarobot/ros2_ws/install/kelo_tulip/include/kelo_tulip/soem/oshw/win32/wpcap/Include/pcap/bpf.h
[1.629s] -- Up-to-date: /home/imnotarobot/ros2_ws/install/kelo_tulip/include/kelo_tulip/soem/oshw/win32/wpcap/Include/pcap/sll.h
[1.629s] -- Up-to-date: /home/imnotarobot/ros2_ws/install/kelo_tulip/include/kelo_tulip/soem/oshw/win32/wpcap/Include/pcap/usb.h
[1.629s] -- Up-to-date: /home/imnotarobot/ros2_ws/install/kelo_tulip/include/kelo_tulip/soem/oshw/win32/wpcap/Include/pcap/bluetooth.h
[1.629s] -- Up-to-date: /home/imnotarobot/ros2_ws/install/kelo_tulip/include/kelo_tulip/soem/oshw/win32/wpcap/Include/bittypes.h
[1.629s] -- Up-to-date: /home/imnotarobot/ros2_ws/install/kelo_tulip/include/kelo_tulip/soem/oshw/win32/wpcap/Include/pcap-stdinc.h
[1.629s] -- Up-to-date: /home/imnotarobot/ros2_ws/install/kelo_tulip/include/kelo_tulip/soem/oshw/win32/wpcap/Include/pcap-bpf.h
[1.629s] -- Up-to-date: /home/imnotarobot/ros2_ws/install/kelo_tulip/include/kelo_tulip/soem/oshw/win32/wpcap/Include/ip6_misc.h
[1.629s] -- Up-to-date: /home/imnotarobot/ros2_ws/install/kelo_tulip/include/kelo_tulip/soem/oshw/win32/wpcap/Lib
[1.629s] -- Up-to-date: /home/imnotarobot/ros2_ws/install/kelo_tulip/include/kelo_tulip/soem/oshw/win32/wpcap/Lib/libpacket.a
[1.629s] -- Up-to-date: /home/imnotarobot/ros2_ws/install/kelo_tulip/include/kelo_tulip/soem/oshw/win32/wpcap/Lib/x64
[1.629s] -- Up-to-date: /home/imnotarobot/ros2_ws/install/kelo_tulip/include/kelo_tulip/soem/oshw/win32/wpcap/Lib/x64/wpcap.lib
[1.629s] -- Up-to-date: /home/imnotarobot/ros2_ws/install/kelo_tulip/include/kelo_tulip/soem/oshw/win32/wpcap/Lib/x64/Packet.lib
[1.629s] -- Up-to-date: /home/imnotarobot/ros2_ws/install/kelo_tulip/include/kelo_tulip/soem/oshw/win32/wpcap/Lib/libwpcap.a
[1.629s] -- Up-to-date: /home/imnotarobot/ros2_ws/install/kelo_tulip/include/kelo_tulip/soem/oshw/win32/wpcap/Lib/wpcap.lib
[1.630s] -- Up-to-date: /home/imnotarobot/ros2_ws/install/kelo_tulip/include/kelo_tulip/soem/oshw/win32/wpcap/Lib/Packet.lib
[1.630s] -- Up-to-date: /home/imnotarobot/ros2_ws/install/kelo_tulip/include/kelo_tulip/soem/oshw/win32/oshw.c
[1.630s] -- Up-to-date: /home/imnotarobot/ros2_ws/install/kelo_tulip/include/kelo_tulip/soem/ethercatfoe.h
[1.630s] -- Up-to-date: /home/imnotarobot/ros2_ws/install/kelo_tulip/include/kelo_tulip/soem/ethercatmain.h
[1.630s] -- Up-to-date: /home/imnotarobot/ros2_ws/install/kelo_tulip/include/kelo_tulip/soem/ethercatsoe.h
[1.630s] -- Up-to-date: /home/imnotarobot/ros2_ws/install/kelo_tulip/include/kelo_tulip/soem/ethercatconfig.h
[1.630s] -- Up-to-date: /home/imnotarobot/ros2_ws/install/kelo_tulip/include/kelo_tulip/soem/ethercat.h
[1.630s] -- Up-to-date: /home/imnotarobot/ros2_ws/install/kelo_tulip/include/kelo_tulip/soem/ethercatcoe.h
[1.630s] -- Up-to-date: /home/imnotarobot/ros2_ws/install/kelo_tulip/include/kelo_tulip/soem/ethercatprint.h
[1.630s] -- Up-to-date: /home/imnotarobot/ros2_ws/install/kelo_tulip/include/kelo_tulip/soem/ethercatbase.h
[1.630s] -- Up-to-date: /home/imnotarobot/ros2_ws/install/kelo_tulip/include/kelo_tulip/Utils.h
[1.630s] -- Up-to-date: /home/imnotarobot/ros2_ws/install/kelo_tulip/include/kelo_tulip/KeloDriveAPI.h
[1.630s] -- Up-to-date: /home/imnotarobot/ros2_ws/install/kelo_tulip/include/kelo_tulip/WheelConfig.h
[1.630s] -- Up-to-date: /home/imnotarobot/ros2_ws/install/kelo_tulip/include/kelo_tulip/Structs.h
[1.631s] -- Up-to-date: /home/imnotarobot/ros2_ws/install/kelo_tulip/include/kelo_tulip/modules
[1.631s] -- Up-to-date: /home/imnotarobot/ros2_ws/install/kelo_tulip/include/kelo_tulip/modules/RobileMasterBattery.h
[1.631s] -- Up-to-date: /home/imnotarobot/ros2_ws/install/kelo_tulip/include/kelo_tulip/VelocityPlatformController.h
[1.631s] -- Up-to-date: /home/imnotarobot/ros2_ws/install/kelo_tulip/include/kelo_tulip/EtherCATModule.h
[1.631s] -- Up-to-date: /home/imnotarobot/ros2_ws/install/kelo_tulip/include/kelo_tulip/PlatformDriver.h
[1.631s] -- Up-to-date: /home/imnotarobot/ros2_ws/install/kelo_tulip/share/kelo_tulip/launch
[1.631s] -- Up-to-date: /home/imnotarobot/ros2_ws/install/kelo_tulip/share/kelo_tulip/launch/example_joypad.launch.py
[1.631s] -- Up-to-date: /home/imnotarobot/ros2_ws/install/kelo_tulip/share/kelo_tulip/launch/example.launch.py
[1.631s] -- Up-to-date: /home/imnotarobot/ros2_ws/install/kelo_tulip/share/kelo_tulip/config
[1.631s] -- Up-to-date: /home/imnotarobot/ros2_ws/install/kelo_tulip/share/kelo_tulip/config/robile4.yaml
[1.631s] -- Up-to-date: /home/imnotarobot/ros2_ws/install/kelo_tulip/share/kelo_tulip/config/example.yaml
[1.631s] -- Up-to-date: /home/imnotarobot/ros2_ws/install/kelo_tulip/share/kelo_tulip/config/robile3.yaml
[1.631s] -- Up-to-date: /home/imnotarobot/ros2_ws/install/kelo_tulip/share/kelo_tulip/config/robile1.yaml
[1.631s] -- Up-to-date: /home/imnotarobot/ros2_ws/install/kelo_tulip/share/kelo_tulip/config/robile2.yaml
[1.632s] -- Up-to-date: /home/imnotarobot/ros2_ws/install/kelo_tulip/share/ament_index/resource_index/package_run_dependencies/kelo_tulip
[1.632s] -- Up-to-date: /home/imnotarobot/ros2_ws/install/kelo_tulip/share/ament_index/resource_index/parent_prefix_path/kelo_tulip
[1.632s] -- Up-to-date: /home/imnotarobot/ros2_ws/install/kelo_tulip/share/kelo_tulip/environment/ament_prefix_path.sh
[1.632s] -- Up-to-date: /home/imnotarobot/ros2_ws/install/kelo_tulip/share/kelo_tulip/environment/ament_prefix_path.dsv
[1.632s] -- Up-to-date: /home/imnotarobot/ros2_ws/install/kelo_tulip/share/kelo_tulip/environment/path.sh
[1.632s] -- Up-to-date: /home/imnotarobot/ros2_ws/install/kelo_tulip/share/kelo_tulip/environment/path.dsv
[1.632s] -- Up-to-date: /home/imnotarobot/ros2_ws/install/kelo_tulip/share/kelo_tulip/local_setup.bash
[1.632s] -- Up-to-date: /home/imnotarobot/ros2_ws/install/kelo_tulip/share/kelo_tulip/local_setup.sh
[1.632s] -- Up-to-date: /home/imnotarobot/ros2_ws/install/kelo_tulip/share/kelo_tulip/local_setup.zsh
[1.632s] -- Up-to-date: /home/imnotarobot/ros2_ws/install/kelo_tulip/share/kelo_tulip/local_setup.dsv
[1.632s] -- Installing: /home/imnotarobot/ros2_ws/install/kelo_tulip/share/kelo_tulip/package.dsv
[1.632s] -- Up-to-date: /home/imnotarobot/ros2_ws/install/kelo_tulip/share/ament_index/resource_index/packages/kelo_tulip
[1.633s] -- Up-to-date: /home/imnotarobot/ros2_ws/install/kelo_tulip/share/kelo_tulip/cmake/kelo_tulipConfig.cmake
[1.633s] -- Up-to-date: /home/imnotarobot/ros2_ws/install/kelo_tulip/share/kelo_tulip/cmake/kelo_tulipConfig-version.cmake
[1.633s] -- Up-to-date: /home/imnotarobot/ros2_ws/install/kelo_tulip/share/kelo_tulip/package.xml
[1.633s] -- Up-to-date: /home/imnotarobot/ros2_ws/install/kelo_tulip/lib/libsoem.a
[1.686s] Invoked command in '/home/imnotarobot/ros2_ws/build/kelo_tulip' returned '0': CMAKE_PREFIX_PATH=${CMAKE_PREFIX_PATH}:/home/imnotarobot/ros2_ws/install/robile_reach_goal:/home/imnotarobot/ros2_ws/install/robile_control_simple:/home/imnotarobot/ros2_ws/install/robile_bringup:/home/imnotarobot/ros2_ws/install/py_trees_ros:/opt/ros/humble /usr/bin/cmake --install /home/imnotarobot/ros2_ws/build/kelo_tulip
