[  2%] Built target robile_interfaces__cpp
[ 12%] Built target robile_interfaces__rosidl_generator_c
[ 12%] Built target ament_cmake_python_copy_robile_interfaces
[ 23%] Built target robile_interfaces__rosidl_typesupport_fastrtps_cpp
[ 33%] Built target robile_interfaces__rosidl_typesupport_cpp
[ 43%] Built target robile_interfaces__rosidl_typesupport_introspection_c
[ 64%] Built target robile_interfaces__rosidl_typesupport_c
[ 64%] Built target robile_interfaces__rosidl_typesupport_introspection_cpp
[ 74%] Built target robile_interfaces__rosidl_typesupport_fastrtps_c
[ 74%] Built target robile_interfaces
[ 76%] Built target robile_interfaces__py
[ 84%] Built target robile_interfaces__rosidl_generator_py
[100%] Built target robile_interfaces__rosidl_typesupport_introspection_c__pyext
[100%] Built target robile_interfaces__rosidl_typesupport_fastrtps_c__pyext
[100%] Built target robile_interfaces__rosidl_typesupport_c__pyext
running egg_info
writing robile_interfaces.egg-info/PKG-INFO
writing dependency_links to robile_interfaces.egg-info/dependency_links.txt
writing top-level names to robile_interfaces.egg-info/top_level.txt
reading manifest file 'robile_interfaces.egg-info/SOURCES.txt'
writing manifest file 'robile_interfaces.egg-info/SOURCES.txt'
[100%] Built target ament_cmake_python_build_robile_interfaces_egg
-- Install configuration: ""
-- Up-to-date: /home/imnotarobot/ros2_ws/install/robile_interfaces/share/ament_index/resource_index/rosidl_interfaces/robile_interfaces
-- Up-to-date: /home/imnotarobot/ros2_ws/install/robile_interfaces/include/robile_interfaces/robile_interfaces
-- Up-to-date: /home/imnotarobot/ros2_ws/install/robile_interfaces/include/robile_interfaces/robile_interfaces/msg
-- Up-to-date: /home/imnotarobot/ros2_ws/install/robile_interfaces/include/robile_interfaces/robile_interfaces/msg/position_labelled_array.h
-- Up-to-date: /home/imnotarobot/ros2_ws/install/robile_interfaces/include/robile_interfaces/robile_interfaces/msg/position_labelled.h
-- Up-to-date: /home/imnotarobot/ros2_ws/install/robile_interfaces/include/robile_interfaces/robile_interfaces/msg/rosidl_generator_c__visibility_control.h
-- Up-to-date: /home/imnotarobot/ros2_ws/install/robile_interfaces/include/robile_interfaces/robile_interfaces/msg/detail
-- Up-to-date: /home/imnotarobot/ros2_ws/install/robile_interfaces/include/robile_interfaces/robile_interfaces/msg/detail/position_labelled_array__functions.c
-- Up-to-date: /home/imnotarobot/ros2_ws/install/robile_interfaces/include/robile_interfaces/robile_interfaces/msg/detail/position_labelled__functions.h
-- Up-to-date: /home/imnotarobot/ros2_ws/install/robile_interfaces/include/robile_interfaces/robile_interfaces/msg/detail/position_labelled_array__struct.h
-- Up-to-date: /home/imnotarobot/ros2_ws/install/robile_interfaces/include/robile_interfaces/robile_interfaces/msg/detail/position_labelled__functions.c
-- Up-to-date: /home/imnotarobot/ros2_ws/install/robile_interfaces/include/robile_interfaces/robile_interfaces/msg/detail/position_labelled__struct.h
-- Up-to-date: /home/imnotarobot/ros2_ws/install/robile_interfaces/include/robile_interfaces/robile_interfaces/msg/detail/position_labelled_array__functions.h
-- Up-to-date: /home/imnotarobot/ros2_ws/install/robile_interfaces/include/robile_interfaces/robile_interfaces/msg/detail/position_labelled_array__type_support.h
-- Up-to-date: /home/imnotarobot/ros2_ws/install/robile_interfaces/include/robile_interfaces/robile_interfaces/msg/detail/position_labelled__type_support.h
-- Up-to-date: /home/imnotarobot/ros2_ws/install/robile_interfaces/share/robile_interfaces/environment/library_path.sh
-- Up-to-date: /home/imnotarobot/ros2_ws/install/robile_interfaces/share/robile_interfaces/environment/library_path.dsv
-- Up-to-date: /home/imnotarobot/ros2_ws/install/robile_interfaces/lib/librobile_interfaces__rosidl_generator_c.so
-- Up-to-date: /home/imnotarobot/ros2_ws/install/robile_interfaces/include/robile_interfaces/robile_interfaces
-- Up-to-date: /home/imnotarobot/ros2_ws/install/robile_interfaces/include/robile_interfaces/robile_interfaces/msg
-- Up-to-date: /home/imnotarobot/ros2_ws/install/robile_interfaces/include/robile_interfaces/robile_interfaces/msg/detail
-- Up-to-date: /home/imnotarobot/ros2_ws/install/robile_interfaces/include/robile_interfaces/robile_interfaces/msg/detail/position_labelled__rosidl_typesupport_fastrtps_c.h
-- Up-to-date: /home/imnotarobot/ros2_ws/install/robile_interfaces/include/robile_interfaces/robile_interfaces/msg/detail/position_labelled_array__rosidl_typesupport_fastrtps_c.h
-- Up-to-date: /home/imnotarobot/ros2_ws/install/robile_interfaces/include/robile_interfaces/robile_interfaces/msg/rosidl_typesupport_fastrtps_c__visibility_control.h
-- Up-to-date: /home/imnotarobot/ros2_ws/install/robile_interfaces/lib/librobile_interfaces__rosidl_typesupport_fastrtps_c.so
-- Up-to-date: /home/imnotarobot/ros2_ws/install/robile_interfaces/include/robile_interfaces/robile_interfaces
-- Up-to-date: /home/imnotarobot/ros2_ws/install/robile_interfaces/include/robile_interfaces/robile_interfaces/msg
-- Up-to-date: /home/imnotarobot/ros2_ws/install/robile_interfaces/include/robile_interfaces/robile_interfaces/msg/position_labelled_array.hpp
-- Up-to-date: /home/imnotarobot/ros2_ws/install/robile_interfaces/include/robile_interfaces/robile_interfaces/msg/detail
-- Up-to-date: /home/imnotarobot/ros2_ws/install/robile_interfaces/include/robile_interfaces/robile_interfaces/msg/detail/position_labelled__traits.hpp
-- Up-to-date: /home/imnotarobot/ros2_ws/install/robile_interfaces/include/robile_interfaces/robile_interfaces/msg/detail/position_labelled_array__traits.hpp
-- Up-to-date: /home/imnotarobot/ros2_ws/install/robile_interfaces/include/robile_interfaces/robile_interfaces/msg/detail/position_labelled_array__struct.hpp
-- Up-to-date: /home/imnotarobot/ros2_ws/install/robile_interfaces/include/robile_interfaces/robile_interfaces/msg/detail/position_labelled_array__builder.hpp
-- Up-to-date: /home/imnotarobot/ros2_ws/install/robile_interfaces/include/robile_interfaces/robile_interfaces/msg/detail/position_labelled__builder.hpp
-- Up-to-date: /home/imnotarobot/ros2_ws/install/robile_interfaces/include/robile_interfaces/robile_interfaces/msg/detail/position_labelled__struct.hpp
-- Up-to-date: /home/imnotarobot/ros2_ws/install/robile_interfaces/include/robile_interfaces/robile_interfaces/msg/position_labelled.hpp
-- Up-to-date: /home/imnotarobot/ros2_ws/install/robile_interfaces/include/robile_interfaces/robile_interfaces
-- Up-to-date: /home/imnotarobot/ros2_ws/install/robile_interfaces/include/robile_interfaces/robile_interfaces/msg
-- Up-to-date: /home/imnotarobot/ros2_ws/install/robile_interfaces/include/robile_interfaces/robile_interfaces/msg/detail
-- Up-to-date: /home/imnotarobot/ros2_ws/install/robile_interfaces/include/robile_interfaces/robile_interfaces/msg/detail/position_labelled_array__rosidl_typesupport_fastrtps_cpp.hpp
-- Up-to-date: /home/imnotarobot/ros2_ws/install/robile_interfaces/include/robile_interfaces/robile_interfaces/msg/detail/position_labelled__rosidl_typesupport_fastrtps_cpp.hpp
-- Up-to-date: /home/imnotarobot/ros2_ws/install/robile_interfaces/include/robile_interfaces/robile_interfaces/msg/detail/dds_fastrtps
-- Up-to-date: /home/imnotarobot/ros2_ws/install/robile_interfaces/include/robile_interfaces/robile_interfaces/msg/rosidl_typesupport_fastrtps_cpp__visibility_control.h
-- Up-to-date: /home/imnotarobot/ros2_ws/install/robile_interfaces/lib/librobile_interfaces__rosidl_typesupport_fastrtps_cpp.so
-- Up-to-date: /home/imnotarobot/ros2_ws/install/robile_interfaces/include/robile_interfaces/robile_interfaces
-- Up-to-date: /home/imnotarobot/ros2_ws/install/robile_interfaces/include/robile_interfaces/robile_interfaces/msg
-- Up-to-date: /home/imnotarobot/ros2_ws/install/robile_interfaces/include/robile_interfaces/robile_interfaces/msg/rosidl_typesupport_introspection_c__visibility_control.h
-- Up-to-date: /home/imnotarobot/ros2_ws/install/robile_interfaces/include/robile_interfaces/robile_interfaces/msg/detail
-- Up-to-date: /home/imnotarobot/ros2_ws/install/robile_interfaces/include/robile_interfaces/robile_interfaces/msg/detail/position_labelled__type_support.c
-- Up-to-date: /home/imnotarobot/ros2_ws/install/robile_interfaces/include/robile_interfaces/robile_interfaces/msg/detail/position_labelled_array__rosidl_typesupport_introspection_c.h
-- Up-to-date: /home/imnotarobot/ros2_ws/install/robile_interfaces/include/robile_interfaces/robile_interfaces/msg/detail/position_labelled__rosidl_typesupport_introspection_c.h
-- Up-to-date: /home/imnotarobot/ros2_ws/install/robile_interfaces/include/robile_interfaces/robile_interfaces/msg/detail/position_labelled_array__type_support.c
-- Up-to-date: /home/imnotarobot/ros2_ws/install/robile_interfaces/lib/librobile_interfaces__rosidl_typesupport_introspection_c.so
-- Up-to-date: /home/imnotarobot/ros2_ws/install/robile_interfaces/lib/librobile_interfaces__rosidl_typesupport_c.so
-- Up-to-date: /home/imnotarobot/ros2_ws/install/robile_interfaces/include/robile_interfaces/robile_interfaces
-- Up-to-date: /home/imnotarobot/ros2_ws/install/robile_interfaces/include/robile_interfaces/robile_interfaces/msg
-- Up-to-date: /home/imnotarobot/ros2_ws/install/robile_interfaces/include/robile_interfaces/robile_interfaces/msg/detail
-- Up-to-date: /home/imnotarobot/ros2_ws/install/robile_interfaces/include/robile_interfaces/robile_interfaces/msg/detail/position_labelled_array__type_support.cpp
-- Up-to-date: /home/imnotarobot/ros2_ws/install/robile_interfaces/include/robile_interfaces/robile_interfaces/msg/detail/position_labelled__type_support.cpp
-- Up-to-date: /home/imnotarobot/ros2_ws/install/robile_interfaces/include/robile_interfaces/robile_interfaces/msg/detail/position_labelled_array__rosidl_typesupport_introspection_cpp.hpp
-- Up-to-date: /home/imnotarobot/ros2_ws/install/robile_interfaces/include/robile_interfaces/robile_interfaces/msg/detail/position_labelled__rosidl_typesupport_introspection_cpp.hpp
-- Up-to-date: /home/imnotarobot/ros2_ws/install/robile_interfaces/lib/librobile_interfaces__rosidl_typesupport_introspection_cpp.so
-- Up-to-date: /home/imnotarobot/ros2_ws/install/robile_interfaces/lib/librobile_interfaces__rosidl_typesupport_cpp.so
-- Up-to-date: /home/imnotarobot/ros2_ws/install/robile_interfaces/share/robile_interfaces/environment/pythonpath.sh
-- Up-to-date: /home/imnotarobot/ros2_ws/install/robile_interfaces/share/robile_interfaces/environment/pythonpath.dsv
-- Up-to-date: /home/imnotarobot/ros2_ws/install/robile_interfaces/local/lib/python3.10/dist-packages/robile_interfaces-0.0.0-py3.10.egg-info
-- Installing: /home/imnotarobot/ros2_ws/install/robile_interfaces/local/lib/python3.10/dist-packages/robile_interfaces-0.0.0-py3.10.egg-info/dependency_links.txt
-- Installing: /home/imnotarobot/ros2_ws/install/robile_interfaces/local/lib/python3.10/dist-packages/robile_interfaces-0.0.0-py3.10.egg-info/top_level.txt
-- Installing: /home/imnotarobot/ros2_ws/install/robile_interfaces/local/lib/python3.10/dist-packages/robile_interfaces-0.0.0-py3.10.egg-info/SOURCES.txt
-- Installing: /home/imnotarobot/ros2_ws/install/robile_interfaces/local/lib/python3.10/dist-packages/robile_interfaces-0.0.0-py3.10.egg-info/PKG-INFO
-- Up-to-date: /home/imnotarobot/ros2_ws/install/robile_interfaces/local/lib/python3.10/dist-packages/robile_interfaces
-- Up-to-date: /home/imnotarobot/ros2_ws/install/robile_interfaces/local/lib/python3.10/dist-packages/robile_interfaces/_robile_interfaces_s.ep.rosidl_typesupport_introspection_c.c
-- Up-to-date: /home/imnotarobot/ros2_ws/install/robile_interfaces/local/lib/python3.10/dist-packages/robile_interfaces/robile_interfaces_s__rosidl_typesupport_c.cpython-310-x86_64-linux-gnu.so
-- Up-to-date: /home/imnotarobot/ros2_ws/install/robile_interfaces/local/lib/python3.10/dist-packages/robile_interfaces/librobile_interfaces__rosidl_generator_py.so
-- Up-to-date: /home/imnotarobot/ros2_ws/install/robile_interfaces/local/lib/python3.10/dist-packages/robile_interfaces/__init__.py
-- Up-to-date: /home/imnotarobot/ros2_ws/install/robile_interfaces/local/lib/python3.10/dist-packages/robile_interfaces/robile_interfaces_s__rosidl_typesupport_introspection_c.cpython-310-x86_64-linux-gnu.so
-- Up-to-date: /home/imnotarobot/ros2_ws/install/robile_interfaces/local/lib/python3.10/dist-packages/robile_interfaces/robile_interfaces_s__rosidl_typesupport_fastrtps_c.cpython-310-x86_64-linux-gnu.so
-- Up-to-date: /home/imnotarobot/ros2_ws/install/robile_interfaces/local/lib/python3.10/dist-packages/robile_interfaces/_robile_interfaces_s.ep.rosidl_typesupport_c.c
-- Up-to-date: /home/imnotarobot/ros2_ws/install/robile_interfaces/local/lib/python3.10/dist-packages/robile_interfaces/_robile_interfaces_s.ep.rosidl_typesupport_fastrtps_c.c
-- Up-to-date: /home/imnotarobot/ros2_ws/install/robile_interfaces/local/lib/python3.10/dist-packages/robile_interfaces/msg
-- Up-to-date: /home/imnotarobot/ros2_ws/install/robile_interfaces/local/lib/python3.10/dist-packages/robile_interfaces/msg/_position_labelled_s.c
-- Up-to-date: /home/imnotarobot/ros2_ws/install/robile_interfaces/local/lib/python3.10/dist-packages/robile_interfaces/msg/_position_labelled_array.py
-- Up-to-date: /home/imnotarobot/ros2_ws/install/robile_interfaces/local/lib/python3.10/dist-packages/robile_interfaces/msg/__init__.py
-- Up-to-date: /home/imnotarobot/ros2_ws/install/robile_interfaces/local/lib/python3.10/dist-packages/robile_interfaces/msg/_position_labelled_array_s.c
-- Up-to-date: /home/imnotarobot/ros2_ws/install/robile_interfaces/local/lib/python3.10/dist-packages/robile_interfaces/msg/_position_labelled.py
Listing '/home/imnotarobot/ros2_ws/install/robile_interfaces/local/lib/python3.10/dist-packages/robile_interfaces'...
Listing '/home/imnotarobot/ros2_ws/install/robile_interfaces/local/lib/python3.10/dist-packages/robile_interfaces/msg'...
-- Up-to-date: /home/imnotarobot/ros2_ws/install/robile_interfaces/local/lib/python3.10/dist-packages/robile_interfaces/robile_interfaces_s__rosidl_typesupport_fastrtps_c.cpython-310-x86_64-linux-gnu.so
-- Up-to-date: /home/imnotarobot/ros2_ws/install/robile_interfaces/local/lib/python3.10/dist-packages/robile_interfaces/robile_interfaces_s__rosidl_typesupport_introspection_c.cpython-310-x86_64-linux-gnu.so
-- Up-to-date: /home/imnotarobot/ros2_ws/install/robile_interfaces/local/lib/python3.10/dist-packages/robile_interfaces/robile_interfaces_s__rosidl_typesupport_c.cpython-310-x86_64-linux-gnu.so
-- Up-to-date: /home/imnotarobot/ros2_ws/install/robile_interfaces/lib/librobile_interfaces__rosidl_generator_py.so
-- Up-to-date: /home/imnotarobot/ros2_ws/install/robile_interfaces/share/robile_interfaces/msg/PositionLabelled.idl
-- Up-to-date: /home/imnotarobot/ros2_ws/install/robile_interfaces/share/robile_interfaces/msg/PositionLabelledArray.idl
-- Up-to-date: /home/imnotarobot/ros2_ws/install/robile_interfaces/share/robile_interfaces/msg/PositionLabelled.msg
-- Up-to-date: /home/imnotarobot/ros2_ws/install/robile_interfaces/share/robile_interfaces/msg/PositionLabelledArray.msg
-- Up-to-date: /home/imnotarobot/ros2_ws/install/robile_interfaces/share/ament_index/resource_index/package_run_dependencies/robile_interfaces
-- Up-to-date: /home/imnotarobot/ros2_ws/install/robile_interfaces/share/ament_index/resource_index/parent_prefix_path/robile_interfaces
-- Up-to-date: /home/imnotarobot/ros2_ws/install/robile_interfaces/share/robile_interfaces/environment/ament_prefix_path.sh
-- Up-to-date: /home/imnotarobot/ros2_ws/install/robile_interfaces/share/robile_interfaces/environment/ament_prefix_path.dsv
-- Up-to-date: /home/imnotarobot/ros2_ws/install/robile_interfaces/share/robile_interfaces/environment/path.sh
-- Up-to-date: /home/imnotarobot/ros2_ws/install/robile_interfaces/share/robile_interfaces/environment/path.dsv
-- Up-to-date: /home/imnotarobot/ros2_ws/install/robile_interfaces/share/robile_interfaces/local_setup.bash
-- Up-to-date: /home/imnotarobot/ros2_ws/install/robile_interfaces/share/robile_interfaces/local_setup.sh
-- Up-to-date: /home/imnotarobot/ros2_ws/install/robile_interfaces/share/robile_interfaces/local_setup.zsh
-- Up-to-date: /home/imnotarobot/ros2_ws/install/robile_interfaces/share/robile_interfaces/local_setup.dsv
-- Installing: /home/imnotarobot/ros2_ws/install/robile_interfaces/share/robile_interfaces/package.dsv
-- Up-to-date: /home/imnotarobot/ros2_ws/install/robile_interfaces/share/ament_index/resource_index/packages/robile_interfaces
-- Up-to-date: /home/imnotarobot/ros2_ws/install/robile_interfaces/share/robile_interfaces/cmake/export_robile_interfaces__rosidl_generator_cExport.cmake
-- Up-to-date: /home/imnotarobot/ros2_ws/install/robile_interfaces/share/robile_interfaces/cmake/export_robile_interfaces__rosidl_generator_cExport-noconfig.cmake
-- Up-to-date: /home/imnotarobot/ros2_ws/install/robile_interfaces/share/robile_interfaces/cmake/export_robile_interfaces__rosidl_typesupport_fastrtps_cExport.cmake
-- Up-to-date: /home/imnotarobot/ros2_ws/install/robile_interfaces/share/robile_interfaces/cmake/export_robile_interfaces__rosidl_typesupport_fastrtps_cExport-noconfig.cmake
-- Up-to-date: /home/imnotarobot/ros2_ws/install/robile_interfaces/share/robile_interfaces/cmake/export_robile_interfaces__rosidl_generator_cppExport.cmake
-- Up-to-date: /home/imnotarobot/ros2_ws/install/robile_interfaces/share/robile_interfaces/cmake/export_robile_interfaces__rosidl_typesupport_fastrtps_cppExport.cmake
-- Up-to-date: /home/imnotarobot/ros2_ws/install/robile_interfaces/share/robile_interfaces/cmake/export_robile_interfaces__rosidl_typesupport_fastrtps_cppExport-noconfig.cmake
-- Up-to-date: /home/imnotarobot/ros2_ws/install/robile_interfaces/share/robile_interfaces/cmake/robile_interfaces__rosidl_typesupport_introspection_cExport.cmake
-- Up-to-date: /home/imnotarobot/ros2_ws/install/robile_interfaces/share/robile_interfaces/cmake/robile_interfaces__rosidl_typesupport_introspection_cExport-noconfig.cmake
-- Up-to-date: /home/imnotarobot/ros2_ws/install/robile_interfaces/share/robile_interfaces/cmake/robile_interfaces__rosidl_typesupport_cExport.cmake
-- Up-to-date: /home/imnotarobot/ros2_ws/install/robile_interfaces/share/robile_interfaces/cmake/robile_interfaces__rosidl_typesupport_cExport-noconfig.cmake
-- Up-to-date: /home/imnotarobot/ros2_ws/install/robile_interfaces/share/robile_interfaces/cmake/robile_interfaces__rosidl_typesupport_introspection_cppExport.cmake
-- Up-to-date: /home/imnotarobot/ros2_ws/install/robile_interfaces/share/robile_interfaces/cmake/robile_interfaces__rosidl_typesupport_introspection_cppExport-noconfig.cmake
-- Up-to-date: /home/imnotarobot/ros2_ws/install/robile_interfaces/share/robile_interfaces/cmake/robile_interfaces__rosidl_typesupport_cppExport.cmake
-- Up-to-date: /home/imnotarobot/ros2_ws/install/robile_interfaces/share/robile_interfaces/cmake/robile_interfaces__rosidl_typesupport_cppExport-noconfig.cmake
-- Up-to-date: /home/imnotarobot/ros2_ws/install/robile_interfaces/share/robile_interfaces/cmake/export_robile_interfaces__rosidl_generator_pyExport.cmake
-- Up-to-date: /home/imnotarobot/ros2_ws/install/robile_interfaces/share/robile_interfaces/cmake/export_robile_interfaces__rosidl_generator_pyExport-noconfig.cmake
-- Up-to-date: /home/imnotarobot/ros2_ws/install/robile_interfaces/share/robile_interfaces/cmake/rosidl_cmake-extras.cmake
-- Up-to-date: /home/imnotarobot/ros2_ws/install/robile_interfaces/share/robile_interfaces/cmake/ament_cmake_export_dependencies-extras.cmake
-- Up-to-date: /home/imnotarobot/ros2_ws/install/robile_interfaces/share/robile_interfaces/cmake/ament_cmake_export_include_directories-extras.cmake
-- Up-to-date: /home/imnotarobot/ros2_ws/install/robile_interfaces/share/robile_interfaces/cmake/ament_cmake_export_libraries-extras.cmake
-- Up-to-date: /home/imnotarobot/ros2_ws/install/robile_interfaces/share/robile_interfaces/cmake/ament_cmake_export_targets-extras.cmake
-- Up-to-date: /home/imnotarobot/ros2_ws/install/robile_interfaces/share/robile_interfaces/cmake/rosidl_cmake_export_typesupport_targets-extras.cmake
-- Up-to-date: /home/imnotarobot/ros2_ws/install/robile_interfaces/share/robile_interfaces/cmake/rosidl_cmake_export_typesupport_libraries-extras.cmake
-- Up-to-date: /home/imnotarobot/ros2_ws/install/robile_interfaces/share/robile_interfaces/cmake/robile_interfacesConfig.cmake
-- Up-to-date: /home/imnotarobot/ros2_ws/install/robile_interfaces/share/robile_interfaces/cmake/robile_interfacesConfig-version.cmake
-- Up-to-date: /home/imnotarobot/ros2_ws/install/robile_interfaces/share/robile_interfaces/package.xml
