[2.187s] Invoking command in '/home/imnotarobot/ros2_ws/src/py_trees_ros': PYTHONPATH=/home/imnotarobot/ros2_ws/build/py_trees_ros/prefix_override:/home/imnotarobot/ros2_ws/install/py_trees_ros/lib/python3.10/site-packages:${PYTHONPATH} /usr/bin/python3 setup.py egg_info --egg-base ../../build/py_trees_ros build --build-base /home/imnotarobot/ros2_ws/build/py_trees_ros/build install --record /home/imnotarobot/ros2_ws/build/py_trees_ros/install.log --single-version-externally-managed
[2.426s] running egg_info
[2.427s] writing ../../build/py_trees_ros/py_trees_ros.egg-info/PKG-INFO
[2.427s] writing dependency_links to ../../build/py_trees_ros/py_trees_ros.egg-info/dependency_links.txt
[2.428s] writing entry points to ../../build/py_trees_ros/py_trees_ros.egg-info/entry_points.txt
[2.428s] writing top-level names to ../../build/py_trees_ros/py_trees_ros.egg-info/top_level.txt
[2.429s] reading manifest file '../../build/py_trees_ros/py_trees_ros.egg-info/SOURCES.txt'
[2.429s] adding license file 'LICENSE'
[2.430s] writing manifest file '../../build/py_trees_ros/py_trees_ros.egg-info/SOURCES.txt'
[2.430s] running build
[2.430s] running build_py
[2.431s] running install
[2.432s] /usr/lib/python3/dist-packages/setuptools/command/install.py:34: SetuptoolsDeprecationWarning: setup.py install is deprecated. Use build and pip and other standards-based tools.
[2.432s]   warnings.warn(
[2.432s] running install_lib
[2.433s] running install_data
[2.434s] running install_egg_info
[2.436s] removing '/home/imnotarobot/ros2_ws/install/py_trees_ros/lib/python3.10/site-packages/py_trees_ros-2.2.2-py3.10.egg-info' (and everything under it)
[2.436s] Copying ../../build/py_trees_ros/py_trees_ros.egg-info to /home/imnotarobot/ros2_ws/install/py_trees_ros/lib/python3.10/site-packages/py_trees_ros-2.2.2-py3.10.egg-info
[2.437s] running install_scripts
[2.454s] Installing py-trees-blackboard-watcher script to /home/imnotarobot/ros2_ws/install/py_trees_ros/bin
[2.455s] Installing py-trees-tree-watcher script to /home/imnotarobot/ros2_ws/install/py_trees_ros/bin
[2.455s] writing list of installed files to '/home/imnotarobot/ros2_ws/build/py_trees_ros/install.log'
[2.511s] Invoked command in '/home/imnotarobot/ros2_ws/src/py_trees_ros' returned '0': PYTHONPATH=/home/imnotarobot/ros2_ws/build/py_trees_ros/prefix_override:/home/imnotarobot/ros2_ws/install/py_trees_ros/lib/python3.10/site-packages:${PYTHONPATH} /usr/bin/python3 setup.py egg_info --egg-base ../../build/py_trees_ros build --build-base /home/imnotarobot/ros2_ws/build/py_trees_ros/build install --record /home/imnotarobot/ros2_ws/build/py_trees_ros/install.log --single-version-externally-managed
