[0.421s] Invoking command in '/home/imnotarobot/ros2_ws/build/robile_interfaces': CMAKE_PREFIX_PATH=${CMAKE_PREFIX_PATH}:/home/imnotarobot/ros2_ws/install/robile_reach_goal:/home/imnotarobot/ros2_ws/install/robile_control_simple:/home/imnotarobot/ros2_ws/install/robile_bringup:/home/imnotarobot/ros2_ws/install/py_trees_ros:/opt/ros/humble /usr/bin/cmake --build /home/imnotarobot/ros2_ws/build/robile_interfaces -- -j12 -l12
[1.280s] [  2%] Built target robile_interfaces__cpp
[1.280s] [ 12%] Built target robile_interfaces__rosidl_generator_c
[1.280s] [ 12%] Built target ament_cmake_python_copy_robile_interfaces
[1.280s] [ 23%] Built target robile_interfaces__rosidl_typesupport_fastrtps_cpp
[1.280s] [ 33%] Built target robile_interfaces__rosidl_typesupport_cpp
[1.281s] [ 43%] Built target robile_interfaces__rosidl_typesupport_introspection_cpp
[1.281s] [ 53%] Built target robile_interfaces__rosidl_typesupport_introspection_c
[1.281s] [ 64%] Built target robile_interfaces__rosidl_typesupport_c
[1.281s] [ 74%] Built target robile_interfaces__rosidl_typesupport_fastrtps_c
[1.281s] [ 74%] Built target robile_interfaces
[1.281s] [ 76%] Built target robile_interfaces__py
[1.281s] [ 84%] Built target robile_interfaces__rosidl_generator_py
[1.281s] [100%] Built target robile_interfaces__rosidl_typesupport_c__pyext
[1.281s] [100%] Built target robile_interfaces__rosidl_typesupport_fastrtps_c__pyext
[1.281s] [100%] Built target robile_interfaces__rosidl_typesupport_introspection_c__pyext
[1.281s] running egg_info
[1.281s] writing robile_interfaces.egg-info/PKG-INFO
[1.282s] writing dependency_links to robile_interfaces.egg-info/dependency_links.txt
[1.282s] writing top-level names to robile_interfaces.egg-info/top_level.txt
[1.283s] reading manifest file 'robile_interfaces.egg-info/SOURCES.txt'
[1.283s] writing manifest file 'robile_interfaces.egg-info/SOURCES.txt'
[1.283s] [100%] Built target ament_cmake_python_build_robile_interfaces_egg
[1.559s] Invoked command in '/home/imnotarobot/ros2_ws/build/robile_interfaces' returned '0': CMAKE_PREFIX_PATH=${CMAKE_PREFIX_PATH}:/home/imnotarobot/ros2_ws/install/robile_reach_goal:/home/imnotarobot/ros2_ws/install/robile_control_simple:/home/imnotarobot/ros2_ws/install/robile_bringup:/home/imnotarobot/ros2_ws/install/py_trees_ros:/opt/ros/humble /usr/bin/cmake --build /home/imnotarobot/ros2_ws/build/robile_interfaces -- -j12 -l12
[1.666s] Invoking command in '/home/imnotarobot/ros2_ws/build/robile_interfaces': CMAKE_PREFIX_PATH=${CMAKE_PREFIX_PATH}:/home/imnotarobot/ros2_ws/install/robile_reach_goal:/home/imnotarobot/ros2_ws/install/robile_control_simple:/home/imnotarobot/ros2_ws/install/robile_bringup:/home/imnotarobot/ros2_ws/install/py_trees_ros:/opt/ros/humble /usr/bin/cmake --install /home/imnotarobot/ros2_ws/build/robile_interfaces
[1.675s] -- Install configuration: ""
[1.675s] -- Up-to-date: /home/imnotarobot/ros2_ws/install/robile_interfaces/share/ament_index/resource_index/rosidl_interfaces/robile_interfaces
[1.675s] -- Up-to-date: /home/imnotarobot/ros2_ws/install/robile_interfaces/include/robile_interfaces/robile_interfaces
[1.675s] -- Up-to-date: /home/imnotarobot/ros2_ws/install/robile_interfaces/include/robile_interfaces/robile_interfaces/msg
[1.675s] -- Up-to-date: /home/imnotarobot/ros2_ws/install/robile_interfaces/include/robile_interfaces/robile_interfaces/msg/position_labelled_array.h
[1.675s] -- Up-to-date: /home/imnotarobot/ros2_ws/install/robile_interfaces/include/robile_interfaces/robile_interfaces/msg/position_labelled.h
[1.675s] -- Up-to-date: /home/imnotarobot/ros2_ws/install/robile_interfaces/include/robile_interfaces/robile_interfaces/msg/rosidl_generator_c__visibility_control.h
[1.675s] -- Up-to-date: /home/imnotarobot/ros2_ws/install/robile_interfaces/include/robile_interfaces/robile_interfaces/msg/detail
[1.676s] -- Up-to-date: /home/imnotarobot/ros2_ws/install/robile_interfaces/include/robile_interfaces/robile_interfaces/msg/detail/position_labelled_array__functions.c
[1.676s] -- Up-to-date: /home/imnotarobot/ros2_ws/install/robile_interfaces/include/robile_interfaces/robile_interfaces/msg/detail/position_labelled__functions.h
[1.676s] -- Up-to-date: /home/imnotarobot/ros2_ws/install/robile_interfaces/include/robile_interfaces/robile_interfaces/msg/detail/position_labelled_array__struct.h
[1.676s] -- Up-to-date: /home/imnotarobot/ros2_ws/install/robile_interfaces/include/robile_interfaces/robile_interfaces/msg/detail/position_labelled__functions.c
[1.676s] -- Up-to-date: /home/imnotarobot/ros2_ws/install/robile_interfaces/include/robile_interfaces/robile_interfaces/msg/detail/position_labelled__struct.h
[1.676s] -- Up-to-date: /home/imnotarobot/ros2_ws/install/robile_interfaces/include/robile_interfaces/robile_interfaces/msg/detail/position_labelled_array__functions.h
[1.676s] -- Up-to-date: /home/imnotarobot/ros2_ws/install/robile_interfaces/include/robile_interfaces/robile_interfaces/msg/detail/position_labelled_array__type_support.h
[1.676s] -- Up-to-date: /home/imnotarobot/ros2_ws/install/robile_interfaces/include/robile_interfaces/robile_interfaces/msg/detail/position_labelled__type_support.h
[1.676s] -- Up-to-date: /home/imnotarobot/ros2_ws/install/robile_interfaces/share/robile_interfaces/environment/library_path.sh
[1.676s] -- Up-to-date: /home/imnotarobot/ros2_ws/install/robile_interfaces/share/robile_interfaces/environment/library_path.dsv
[1.677s] -- Up-to-date: /home/imnotarobot/ros2_ws/install/robile_interfaces/lib/librobile_interfaces__rosidl_generator_c.so
[1.677s] -- Up-to-date: /home/imnotarobot/ros2_ws/install/robile_interfaces/include/robile_interfaces/robile_interfaces
[1.677s] -- Up-to-date: /home/imnotarobot/ros2_ws/install/robile_interfaces/include/robile_interfaces/robile_interfaces/msg
[1.677s] -- Up-to-date: /home/imnotarobot/ros2_ws/install/robile_interfaces/include/robile_interfaces/robile_interfaces/msg/detail
[1.677s] -- Up-to-date: /home/imnotarobot/ros2_ws/install/robile_interfaces/include/robile_interfaces/robile_interfaces/msg/detail/position_labelled__rosidl_typesupport_fastrtps_c.h
[1.677s] -- Up-to-date: /home/imnotarobot/ros2_ws/install/robile_interfaces/include/robile_interfaces/robile_interfaces/msg/detail/position_labelled_array__rosidl_typesupport_fastrtps_c.h
[1.678s] -- Up-to-date: /home/imnotarobot/ros2_ws/install/robile_interfaces/include/robile_interfaces/robile_interfaces/msg/rosidl_typesupport_fastrtps_c__visibility_control.h
[1.678s] -- Up-to-date: /home/imnotarobot/ros2_ws/install/robile_interfaces/lib/librobile_interfaces__rosidl_typesupport_fastrtps_c.so
[1.678s] -- Up-to-date: /home/imnotarobot/ros2_ws/install/robile_interfaces/include/robile_interfaces/robile_interfaces
[1.678s] -- Up-to-date: /home/imnotarobot/ros2_ws/install/robile_interfaces/include/robile_interfaces/robile_interfaces/msg
[1.678s] -- Up-to-date: /home/imnotarobot/ros2_ws/install/robile_interfaces/include/robile_interfaces/robile_interfaces/msg/position_labelled_array.hpp
[1.678s] -- Up-to-date: /home/imnotarobot/ros2_ws/install/robile_interfaces/include/robile_interfaces/robile_interfaces/msg/detail
[1.678s] -- Up-to-date: /home/imnotarobot/ros2_ws/install/robile_interfaces/include/robile_interfaces/robile_interfaces/msg/detail/position_labelled__traits.hpp
[1.678s] -- Up-to-date: /home/imnotarobot/ros2_ws/install/robile_interfaces/include/robile_interfaces/robile_interfaces/msg/detail/position_labelled_array__traits.hpp
[1.678s] -- Up-to-date: /home/imnotarobot/ros2_ws/install/robile_interfaces/include/robile_interfaces/robile_interfaces/msg/detail/position_labelled_array__struct.hpp
[1.678s] -- Up-to-date: /home/imnotarobot/ros2_ws/install/robile_interfaces/include/robile_interfaces/robile_interfaces/msg/detail/position_labelled_array__builder.hpp
[1.678s] -- Up-to-date: /home/imnotarobot/ros2_ws/install/robile_interfaces/include/robile_interfaces/robile_interfaces/msg/detail/position_labelled__builder.hpp
[1.678s] -- Up-to-date: /home/imnotarobot/ros2_ws/install/robile_interfaces/include/robile_interfaces/robile_interfaces/msg/detail/position_labelled__struct.hpp
[1.678s] -- Up-to-date: /home/imnotarobot/ros2_ws/install/robile_interfaces/include/robile_interfaces/robile_interfaces/msg/position_labelled.hpp
[1.679s] -- Up-to-date: /home/imnotarobot/ros2_ws/install/robile_interfaces/include/robile_interfaces/robile_interfaces
[1.679s] -- Up-to-date: /home/imnotarobot/ros2_ws/install/robile_interfaces/include/robile_interfaces/robile_interfaces/msg
[1.679s] -- Up-to-date: /home/imnotarobot/ros2_ws/install/robile_interfaces/include/robile_interfaces/robile_interfaces/msg/detail
[1.679s] -- Up-to-date: /home/imnotarobot/ros2_ws/install/robile_interfaces/include/robile_interfaces/robile_interfaces/msg/detail/position_labelled_array__rosidl_typesupport_fastrtps_cpp.hpp
[1.679s] -- Up-to-date: /home/imnotarobot/ros2_ws/install/robile_interfaces/include/robile_interfaces/robile_interfaces/msg/detail/position_labelled__rosidl_typesupport_fastrtps_cpp.hpp
[1.679s] -- Up-to-date: /home/imnotarobot/ros2_ws/install/robile_interfaces/include/robile_interfaces/robile_interfaces/msg/detail/dds_fastrtps
[1.679s] -- Up-to-date: /home/imnotarobot/ros2_ws/install/robile_interfaces/include/robile_interfaces/robile_interfaces/msg/rosidl_typesupport_fastrtps_cpp__visibility_control.h
[1.679s] -- Up-to-date: /home/imnotarobot/ros2_ws/install/robile_interfaces/lib/librobile_interfaces__rosidl_typesupport_fastrtps_cpp.so
[1.679s] -- Up-to-date: /home/imnotarobot/ros2_ws/install/robile_interfaces/include/robile_interfaces/robile_interfaces
[1.679s] -- Up-to-date: /home/imnotarobot/ros2_ws/install/robile_interfaces/include/robile_interfaces/robile_interfaces/msg
[1.679s] -- Up-to-date: /home/imnotarobot/ros2_ws/install/robile_interfaces/include/robile_interfaces/robile_interfaces/msg/rosidl_typesupport_introspection_c__visibility_control.h
[1.679s] -- Up-to-date: /home/imnotarobot/ros2_ws/install/robile_interfaces/include/robile_interfaces/robile_interfaces/msg/detail
[1.679s] -- Up-to-date: /home/imnotarobot/ros2_ws/install/robile_interfaces/include/robile_interfaces/robile_interfaces/msg/detail/position_labelled__type_support.c
[1.679s] -- Up-to-date: /home/imnotarobot/ros2_ws/install/robile_interfaces/include/robile_interfaces/robile_interfaces/msg/detail/position_labelled_array__rosidl_typesupport_introspection_c.h
[1.680s] -- Up-to-date: /home/imnotarobot/ros2_ws/install/robile_interfaces/include/robile_interfaces/robile_interfaces/msg/detail/position_labelled__rosidl_typesupport_introspection_c.h
[1.680s] -- Up-to-date: /home/imnotarobot/ros2_ws/install/robile_interfaces/include/robile_interfaces/robile_interfaces/msg/detail/position_labelled_array__type_support.c
[1.680s] -- Up-to-date: /home/imnotarobot/ros2_ws/install/robile_interfaces/lib/librobile_interfaces__rosidl_typesupport_introspection_c.so
[1.680s] -- Up-to-date: /home/imnotarobot/ros2_ws/install/robile_interfaces/lib/librobile_interfaces__rosidl_typesupport_c.so
[1.680s] -- Up-to-date: /home/imnotarobot/ros2_ws/install/robile_interfaces/include/robile_interfaces/robile_interfaces
[1.680s] -- Up-to-date: /home/imnotarobot/ros2_ws/install/robile_interfaces/include/robile_interfaces/robile_interfaces/msg
[1.680s] -- Up-to-date: /home/imnotarobot/ros2_ws/install/robile_interfaces/include/robile_interfaces/robile_interfaces/msg/detail
[1.681s] -- Up-to-date: /home/imnotarobot/ros2_ws/install/robile_interfaces/include/robile_interfaces/robile_interfaces/msg/detail/position_labelled_array__type_support.cpp
[1.681s] -- Up-to-date: /home/imnotarobot/ros2_ws/install/robile_interfaces/include/robile_interfaces/robile_interfaces/msg/detail/position_labelled__type_support.cpp
[1.681s] -- Up-to-date: /home/imnotarobot/ros2_ws/install/robile_interfaces/include/robile_interfaces/robile_interfaces/msg/detail/position_labelled_array__rosidl_typesupport_introspection_cpp.hpp
[1.681s] -- Up-to-date: /home/imnotarobot/ros2_ws/install/robile_interfaces/include/robile_interfaces/robile_interfaces/msg/detail/position_labelled__rosidl_typesupport_introspection_cpp.hpp
[1.681s] -- Up-to-date: /home/imnotarobot/ros2_ws/install/robile_interfaces/lib/librobile_interfaces__rosidl_typesupport_introspection_cpp.so
[1.682s] -- Up-to-date: /home/imnotarobot/ros2_ws/install/robile_interfaces/lib/librobile_interfaces__rosidl_typesupport_cpp.so
[1.682s] -- Up-to-date: /home/imnotarobot/ros2_ws/install/robile_interfaces/share/robile_interfaces/environment/pythonpath.sh
[1.682s] -- Up-to-date: /home/imnotarobot/ros2_ws/install/robile_interfaces/share/robile_interfaces/environment/pythonpath.dsv
[1.682s] -- Up-to-date: /home/imnotarobot/ros2_ws/install/robile_interfaces/local/lib/python3.10/dist-packages/robile_interfaces-0.0.0-py3.10.egg-info
[1.682s] -- Installing: /home/imnotarobot/ros2_ws/install/robile_interfaces/local/lib/python3.10/dist-packages/robile_interfaces-0.0.0-py3.10.egg-info/dependency_links.txt
[1.683s] -- Installing: /home/imnotarobot/ros2_ws/install/robile_interfaces/local/lib/python3.10/dist-packages/robile_interfaces-0.0.0-py3.10.egg-info/top_level.txt
[1.683s] -- Installing: /home/imnotarobot/ros2_ws/install/robile_interfaces/local/lib/python3.10/dist-packages/robile_interfaces-0.0.0-py3.10.egg-info/SOURCES.txt
[1.683s] -- Installing: /home/imnotarobot/ros2_ws/install/robile_interfaces/local/lib/python3.10/dist-packages/robile_interfaces-0.0.0-py3.10.egg-info/PKG-INFO
[1.683s] -- Up-to-date: /home/imnotarobot/ros2_ws/install/robile_interfaces/local/lib/python3.10/dist-packages/robile_interfaces
[1.683s] -- Up-to-date: /home/imnotarobot/ros2_ws/install/robile_interfaces/local/lib/python3.10/dist-packages/robile_interfaces/_robile_interfaces_s.ep.rosidl_typesupport_introspection_c.c
[1.683s] -- Up-to-date: /home/imnotarobot/ros2_ws/install/robile_interfaces/local/lib/python3.10/dist-packages/robile_interfaces/robile_interfaces_s__rosidl_typesupport_c.cpython-310-x86_64-linux-gnu.so
[1.683s] -- Up-to-date: /home/imnotarobot/ros2_ws/install/robile_interfaces/local/lib/python3.10/dist-packages/robile_interfaces/librobile_interfaces__rosidl_generator_py.so
[1.683s] -- Up-to-date: /home/imnotarobot/ros2_ws/install/robile_interfaces/local/lib/python3.10/dist-packages/robile_interfaces/__init__.py
[1.683s] -- Up-to-date: /home/imnotarobot/ros2_ws/install/robile_interfaces/local/lib/python3.10/dist-packages/robile_interfaces/robile_interfaces_s__rosidl_typesupport_introspection_c.cpython-310-x86_64-linux-gnu.so
[1.683s] -- Up-to-date: /home/imnotarobot/ros2_ws/install/robile_interfaces/local/lib/python3.10/dist-packages/robile_interfaces/robile_interfaces_s__rosidl_typesupport_fastrtps_c.cpython-310-x86_64-linux-gnu.so
[1.683s] -- Up-to-date: /home/imnotarobot/ros2_ws/install/robile_interfaces/local/lib/python3.10/dist-packages/robile_interfaces/_robile_interfaces_s.ep.rosidl_typesupport_c.c
[1.684s] -- Up-to-date: /home/imnotarobot/ros2_ws/install/robile_interfaces/local/lib/python3.10/dist-packages/robile_interfaces/_robile_interfaces_s.ep.rosidl_typesupport_fastrtps_c.c
[1.684s] -- Up-to-date: /home/imnotarobot/ros2_ws/install/robile_interfaces/local/lib/python3.10/dist-packages/robile_interfaces/msg
[1.684s] -- Up-to-date: /home/imnotarobot/ros2_ws/install/robile_interfaces/local/lib/python3.10/dist-packages/robile_interfaces/msg/_position_labelled_s.c
[1.684s] -- Up-to-date: /home/imnotarobot/ros2_ws/install/robile_interfaces/local/lib/python3.10/dist-packages/robile_interfaces/msg/_position_labelled_array.py
[1.684s] -- Up-to-date: /home/imnotarobot/ros2_ws/install/robile_interfaces/local/lib/python3.10/dist-packages/robile_interfaces/msg/__init__.py
[1.684s] -- Up-to-date: /home/imnotarobot/ros2_ws/install/robile_interfaces/local/lib/python3.10/dist-packages/robile_interfaces/msg/_position_labelled_array_s.c
[1.684s] -- Up-to-date: /home/imnotarobot/ros2_ws/install/robile_interfaces/local/lib/python3.10/dist-packages/robile_interfaces/msg/_position_labelled.py
[1.723s] Listing '/home/imnotarobot/ros2_ws/install/robile_interfaces/local/lib/python3.10/dist-packages/robile_interfaces'...
[1.723s] Listing '/home/imnotarobot/ros2_ws/install/robile_interfaces/local/lib/python3.10/dist-packages/robile_interfaces/msg'...
[1.729s] -- Up-to-date: /home/imnotarobot/ros2_ws/install/robile_interfaces/local/lib/python3.10/dist-packages/robile_interfaces/robile_interfaces_s__rosidl_typesupport_fastrtps_c.cpython-310-x86_64-linux-gnu.so
[1.729s] -- Up-to-date: /home/imnotarobot/ros2_ws/install/robile_interfaces/local/lib/python3.10/dist-packages/robile_interfaces/robile_interfaces_s__rosidl_typesupport_introspection_c.cpython-310-x86_64-linux-gnu.so
[1.729s] -- Up-to-date: /home/imnotarobot/ros2_ws/install/robile_interfaces/local/lib/python3.10/dist-packages/robile_interfaces/robile_interfaces_s__rosidl_typesupport_c.cpython-310-x86_64-linux-gnu.so
[1.730s] -- Up-to-date: /home/imnotarobot/ros2_ws/install/robile_interfaces/lib/librobile_interfaces__rosidl_generator_py.so
[1.730s] -- Up-to-date: /home/imnotarobot/ros2_ws/install/robile_interfaces/share/robile_interfaces/msg/PositionLabelled.idl
[1.730s] -- Up-to-date: /home/imnotarobot/ros2_ws/install/robile_interfaces/share/robile_interfaces/msg/PositionLabelledArray.idl
[1.730s] -- Up-to-date: /home/imnotarobot/ros2_ws/install/robile_interfaces/share/robile_interfaces/msg/PositionLabelled.msg
[1.730s] -- Up-to-date: /home/imnotarobot/ros2_ws/install/robile_interfaces/share/robile_interfaces/msg/PositionLabelledArray.msg
[1.730s] -- Up-to-date: /home/imnotarobot/ros2_ws/install/robile_interfaces/share/ament_index/resource_index/package_run_dependencies/robile_interfaces
[1.730s] -- Up-to-date: /home/imnotarobot/ros2_ws/install/robile_interfaces/share/ament_index/resource_index/parent_prefix_path/robile_interfaces
[1.731s] -- Up-to-date: /home/imnotarobot/ros2_ws/install/robile_interfaces/share/robile_interfaces/environment/ament_prefix_path.sh
[1.731s] -- Up-to-date: /home/imnotarobot/ros2_ws/install/robile_interfaces/share/robile_interfaces/environment/ament_prefix_path.dsv
[1.731s] -- Up-to-date: /home/imnotarobot/ros2_ws/install/robile_interfaces/share/robile_interfaces/environment/path.sh
[1.731s] -- Up-to-date: /home/imnotarobot/ros2_ws/install/robile_interfaces/share/robile_interfaces/environment/path.dsv
[1.731s] -- Up-to-date: /home/imnotarobot/ros2_ws/install/robile_interfaces/share/robile_interfaces/local_setup.bash
[1.731s] -- Up-to-date: /home/imnotarobot/ros2_ws/install/robile_interfaces/share/robile_interfaces/local_setup.sh
[1.731s] -- Up-to-date: /home/imnotarobot/ros2_ws/install/robile_interfaces/share/robile_interfaces/local_setup.zsh
[1.731s] -- Up-to-date: /home/imnotarobot/ros2_ws/install/robile_interfaces/share/robile_interfaces/local_setup.dsv
[1.731s] -- Installing: /home/imnotarobot/ros2_ws/install/robile_interfaces/share/robile_interfaces/package.dsv
[1.731s] -- Up-to-date: /home/imnotarobot/ros2_ws/install/robile_interfaces/share/ament_index/resource_index/packages/robile_interfaces
[1.732s] -- Up-to-date: /home/imnotarobot/ros2_ws/install/robile_interfaces/share/robile_interfaces/cmake/export_robile_interfaces__rosidl_generator_cExport.cmake
[1.732s] -- Up-to-date: /home/imnotarobot/ros2_ws/install/robile_interfaces/share/robile_interfaces/cmake/export_robile_interfaces__rosidl_generator_cExport-noconfig.cmake
[1.732s] -- Up-to-date: /home/imnotarobot/ros2_ws/install/robile_interfaces/share/robile_interfaces/cmake/export_robile_interfaces__rosidl_typesupport_fastrtps_cExport.cmake
[1.732s] -- Up-to-date: /home/imnotarobot/ros2_ws/install/robile_interfaces/share/robile_interfaces/cmake/export_robile_interfaces__rosidl_typesupport_fastrtps_cExport-noconfig.cmake
[1.733s] -- Up-to-date: /home/imnotarobot/ros2_ws/install/robile_interfaces/share/robile_interfaces/cmake/export_robile_interfaces__rosidl_generator_cppExport.cmake
[1.733s] -- Up-to-date: /home/imnotarobot/ros2_ws/install/robile_interfaces/share/robile_interfaces/cmake/export_robile_interfaces__rosidl_typesupport_fastrtps_cppExport.cmake
[1.733s] -- Up-to-date: /home/imnotarobot/ros2_ws/install/robile_interfaces/share/robile_interfaces/cmake/export_robile_interfaces__rosidl_typesupport_fastrtps_cppExport-noconfig.cmake
[1.734s] -- Up-to-date: /home/imnotarobot/ros2_ws/install/robile_interfaces/share/robile_interfaces/cmake/robile_interfaces__rosidl_typesupport_introspection_cExport.cmake
[1.734s] -- Up-to-date: /home/imnotarobot/ros2_ws/install/robile_interfaces/share/robile_interfaces/cmake/robile_interfaces__rosidl_typesupport_introspection_cExport-noconfig.cmake
[1.734s] -- Up-to-date: /home/imnotarobot/ros2_ws/install/robile_interfaces/share/robile_interfaces/cmake/robile_interfaces__rosidl_typesupport_cExport.cmake
[1.734s] -- Up-to-date: /home/imnotarobot/ros2_ws/install/robile_interfaces/share/robile_interfaces/cmake/robile_interfaces__rosidl_typesupport_cExport-noconfig.cmake
[1.735s] -- Up-to-date: /home/imnotarobot/ros2_ws/install/robile_interfaces/share/robile_interfaces/cmake/robile_interfaces__rosidl_typesupport_introspection_cppExport.cmake
[1.735s] -- Up-to-date: /home/imnotarobot/ros2_ws/install/robile_interfaces/share/robile_interfaces/cmake/robile_interfaces__rosidl_typesupport_introspection_cppExport-noconfig.cmake
[1.735s] -- Up-to-date: /home/imnotarobot/ros2_ws/install/robile_interfaces/share/robile_interfaces/cmake/robile_interfaces__rosidl_typesupport_cppExport.cmake
[1.735s] -- Up-to-date: /home/imnotarobot/ros2_ws/install/robile_interfaces/share/robile_interfaces/cmake/robile_interfaces__rosidl_typesupport_cppExport-noconfig.cmake
[1.736s] -- Up-to-date: /home/imnotarobot/ros2_ws/install/robile_interfaces/share/robile_interfaces/cmake/export_robile_interfaces__rosidl_generator_pyExport.cmake
[1.736s] -- Up-to-date: /home/imnotarobot/ros2_ws/install/robile_interfaces/share/robile_interfaces/cmake/export_robile_interfaces__rosidl_generator_pyExport-noconfig.cmake
[1.736s] -- Up-to-date: /home/imnotarobot/ros2_ws/install/robile_interfaces/share/robile_interfaces/cmake/rosidl_cmake-extras.cmake
[1.736s] -- Up-to-date: /home/imnotarobot/ros2_ws/install/robile_interfaces/share/robile_interfaces/cmake/ament_cmake_export_dependencies-extras.cmake
[1.736s] -- Up-to-date: /home/imnotarobot/ros2_ws/install/robile_interfaces/share/robile_interfaces/cmake/ament_cmake_export_include_directories-extras.cmake
[1.736s] -- Up-to-date: /home/imnotarobot/ros2_ws/install/robile_interfaces/share/robile_interfaces/cmake/ament_cmake_export_libraries-extras.cmake
[1.736s] -- Up-to-date: /home/imnotarobot/ros2_ws/install/robile_interfaces/share/robile_interfaces/cmake/ament_cmake_export_targets-extras.cmake
[1.736s] -- Up-to-date: /home/imnotarobot/ros2_ws/install/robile_interfaces/share/robile_interfaces/cmake/rosidl_cmake_export_typesupport_targets-extras.cmake
[1.736s] -- Up-to-date: /home/imnotarobot/ros2_ws/install/robile_interfaces/share/robile_interfaces/cmake/rosidl_cmake_export_typesupport_libraries-extras.cmake
[1.736s] -- Up-to-date: /home/imnotarobot/ros2_ws/install/robile_interfaces/share/robile_interfaces/cmake/robile_interfacesConfig.cmake
[1.737s] -- Up-to-date: /home/imnotarobot/ros2_ws/install/robile_interfaces/share/robile_interfaces/cmake/robile_interfacesConfig-version.cmake
[1.737s] -- Up-to-date: /home/imnotarobot/ros2_ws/install/robile_interfaces/share/robile_interfaces/package.xml
[1.921s] Invoked command in '/home/imnotarobot/ros2_ws/build/robile_interfaces' returned '0': CMAKE_PREFIX_PATH=${CMAKE_PREFIX_PATH}:/home/imnotarobot/ros2_ws/install/robile_reach_goal:/home/imnotarobot/ros2_ws/install/robile_control_simple:/home/imnotarobot/ros2_ws/install/robile_bringup:/home/imnotarobot/ros2_ws/install/py_trees_ros:/opt/ros/humble /usr/bin/cmake --install /home/imnotarobot/ros2_ws/build/robile_interfaces
