[35m[1mConsolidate compiler generated dependencies of target soem[0m
[35m[1mConsolidate compiler generated dependencies of target tulip_velocity_controller[0m
[ 60%] Built target soem
[ 75%] Built target tulip_velocity_controller
[35m[1mConsolidate compiler generated dependencies of target platform_driver[0m
[100%] Built target platform_driver
-- Install configuration: ""
-- Up-to-date: /home/imnotarobot/ros2_ws/install/kelo_tulip/lib/kelo_tulip/platform_driver
-- Up-to-date: /home/imnotarobot/ros2_ws/install/kelo_tulip/lib/libtulip_velocity_controller.a
-- Up-to-date: /home/imnotarobot/ros2_ws/install/kelo_tulip/include
-- Up-to-date: /home/imnotarobot/ros2_ws/install/kelo_tulip/include/kelo_tulip
-- Up-to-date: /home/imnotarobot/ros2_ws/install/kelo_tulip/include/kelo_tulip/soem
-- Up-to-date: /home/imnotarobot/ros2_ws/install/kelo_tulip/include/kelo_tulip/soem/osal
-- Up-to-date: /home/imnotarobot/ros2_ws/install/kelo_tulip/include/kelo_tulip/soem/osal/linux
-- Up-to-date: /home/imnotarobot/ros2_ws/install/kelo_tulip/include/kelo_tulip/soem/osal/linux/osal_defs.h
-- Up-to-date: /home/imnotarobot/ros2_ws/install/kelo_tulip/include/kelo_tulip/soem/osal/linux/osal.c
-- Up-to-date: /home/imnotarobot/ros2_ws/install/kelo_tulip/include/kelo_tulip/soem/osal/intime
-- Up-to-date: /home/imnotarobot/ros2_ws/install/kelo_tulip/include/kelo_tulip/soem/osal/intime/osal_defs.h
-- Up-to-date: /home/imnotarobot/ros2_ws/install/kelo_tulip/include/kelo_tulip/soem/osal/intime/osal.c
-- Up-to-date: /home/imnotarobot/ros2_ws/install/kelo_tulip/include/kelo_tulip/soem/osal/rtk
-- Up-to-date: /home/imnotarobot/ros2_ws/install/kelo_tulip/include/kelo_tulip/soem/osal/rtk/osal_defs.h
-- Up-to-date: /home/imnotarobot/ros2_ws/install/kelo_tulip/include/kelo_tulip/soem/osal/rtk/osal.c
-- Up-to-date: /home/imnotarobot/ros2_ws/install/kelo_tulip/include/kelo_tulip/soem/osal/osal.h
-- Up-to-date: /home/imnotarobot/ros2_ws/install/kelo_tulip/include/kelo_tulip/soem/osal/vxworks
-- Up-to-date: /home/imnotarobot/ros2_ws/install/kelo_tulip/include/kelo_tulip/soem/osal/vxworks/osal_defs.h
-- Up-to-date: /home/imnotarobot/ros2_ws/install/kelo_tulip/include/kelo_tulip/soem/osal/vxworks/osal.c
-- Up-to-date: /home/imnotarobot/ros2_ws/install/kelo_tulip/include/kelo_tulip/soem/osal/rtems
-- Up-to-date: /home/imnotarobot/ros2_ws/install/kelo_tulip/include/kelo_tulip/soem/osal/rtems/osal_defs.h
-- Up-to-date: /home/imnotarobot/ros2_ws/install/kelo_tulip/include/kelo_tulip/soem/osal/rtems/osal.c
-- Up-to-date: /home/imnotarobot/ros2_ws/install/kelo_tulip/include/kelo_tulip/soem/osal/win32
-- Up-to-date: /home/imnotarobot/ros2_ws/install/kelo_tulip/include/kelo_tulip/soem/osal/win32/osal_defs.h
-- Up-to-date: /home/imnotarobot/ros2_ws/install/kelo_tulip/include/kelo_tulip/soem/osal/win32/osal_win32.h
-- Up-to-date: /home/imnotarobot/ros2_ws/install/kelo_tulip/include/kelo_tulip/soem/osal/win32/stdint.h
-- Up-to-date: /home/imnotarobot/ros2_ws/install/kelo_tulip/include/kelo_tulip/soem/osal/win32/osal.c
-- Up-to-date: /home/imnotarobot/ros2_ws/install/kelo_tulip/include/kelo_tulip/soem/osal/win32/inttypes.h
-- Up-to-date: /home/imnotarobot/ros2_ws/install/kelo_tulip/include/kelo_tulip/soem/ethercateoe.h
-- Up-to-date: /home/imnotarobot/ros2_ws/install/kelo_tulip/include/kelo_tulip/soem/ethercatconfiglist.h
-- Up-to-date: /home/imnotarobot/ros2_ws/install/kelo_tulip/include/kelo_tulip/soem/ethercattype.h
-- Up-to-date: /home/imnotarobot/ros2_ws/install/kelo_tulip/include/kelo_tulip/soem/ethercatdc.h
-- Up-to-date: /home/imnotarobot/ros2_ws/install/kelo_tulip/include/kelo_tulip/soem/oshw
-- Up-to-date: /home/imnotarobot/ros2_ws/install/kelo_tulip/include/kelo_tulip/soem/oshw/linux
-- Up-to-date: /home/imnotarobot/ros2_ws/install/kelo_tulip/include/kelo_tulip/soem/oshw/linux/nicdrv.c
-- Up-to-date: /home/imnotarobot/ros2_ws/install/kelo_tulip/include/kelo_tulip/soem/oshw/linux/oshw.h
-- Up-to-date: /home/imnotarobot/ros2_ws/install/kelo_tulip/include/kelo_tulip/soem/oshw/linux/nicdrv.h
-- Up-to-date: /home/imnotarobot/ros2_ws/install/kelo_tulip/include/kelo_tulip/soem/oshw/linux/oshw.c
-- Up-to-date: /home/imnotarobot/ros2_ws/install/kelo_tulip/include/kelo_tulip/soem/oshw/intime
-- Up-to-date: /home/imnotarobot/ros2_ws/install/kelo_tulip/include/kelo_tulip/soem/oshw/intime/nicdrv.c
-- Up-to-date: /home/imnotarobot/ros2_ws/install/kelo_tulip/include/kelo_tulip/soem/oshw/intime/oshw.h
-- Up-to-date: /home/imnotarobot/ros2_ws/install/kelo_tulip/include/kelo_tulip/soem/oshw/intime/nicdrv.h
-- Up-to-date: /home/imnotarobot/ros2_ws/install/kelo_tulip/include/kelo_tulip/soem/oshw/intime/oshw.c
-- Up-to-date: /home/imnotarobot/ros2_ws/install/kelo_tulip/include/kelo_tulip/soem/oshw/rtk
-- Up-to-date: /home/imnotarobot/ros2_ws/install/kelo_tulip/include/kelo_tulip/soem/oshw/rtk/nicdrv.c
-- Up-to-date: /home/imnotarobot/ros2_ws/install/kelo_tulip/include/kelo_tulip/soem/oshw/rtk/oshw.h
-- Up-to-date: /home/imnotarobot/ros2_ws/install/kelo_tulip/include/kelo_tulip/soem/oshw/rtk/nicdrv.h
-- Up-to-date: /home/imnotarobot/ros2_ws/install/kelo_tulip/include/kelo_tulip/soem/oshw/rtk/fec
-- Up-to-date: /home/imnotarobot/ros2_ws/install/kelo_tulip/include/kelo_tulip/soem/oshw/rtk/fec/fec_ecat.h
-- Up-to-date: /home/imnotarobot/ros2_ws/install/kelo_tulip/include/kelo_tulip/soem/oshw/rtk/fec/fec_ecat.c
-- Up-to-date: /home/imnotarobot/ros2_ws/install/kelo_tulip/include/kelo_tulip/soem/oshw/rtk/lw_mac
-- Up-to-date: /home/imnotarobot/ros2_ws/install/kelo_tulip/include/kelo_tulip/soem/oshw/rtk/lw_mac/lw_emac.c
-- Up-to-date: /home/imnotarobot/ros2_ws/install/kelo_tulip/include/kelo_tulip/soem/oshw/rtk/lw_mac/lw_emac.h
-- Up-to-date: /home/imnotarobot/ros2_ws/install/kelo_tulip/include/kelo_tulip/soem/oshw/rtk/oshw.c
-- Up-to-date: /home/imnotarobot/ros2_ws/install/kelo_tulip/include/kelo_tulip/soem/oshw/vxworks
-- Up-to-date: /home/imnotarobot/ros2_ws/install/kelo_tulip/include/kelo_tulip/soem/oshw/vxworks/nicdrv.c
-- Up-to-date: /home/imnotarobot/ros2_ws/install/kelo_tulip/include/kelo_tulip/soem/oshw/vxworks/oshw.h
-- Up-to-date: /home/imnotarobot/ros2_ws/install/kelo_tulip/include/kelo_tulip/soem/oshw/vxworks/nicdrv.h
-- Up-to-date: /home/imnotarobot/ros2_ws/install/kelo_tulip/include/kelo_tulip/soem/oshw/vxworks/oshw.c
-- Up-to-date: /home/imnotarobot/ros2_ws/install/kelo_tulip/include/kelo_tulip/soem/oshw/rtems
-- Up-to-date: /home/imnotarobot/ros2_ws/install/kelo_tulip/include/kelo_tulip/soem/oshw/rtems/nicdrv.c
-- Up-to-date: /home/imnotarobot/ros2_ws/install/kelo_tulip/include/kelo_tulip/soem/oshw/rtems/oshw.h
-- Up-to-date: /home/imnotarobot/ros2_ws/install/kelo_tulip/include/kelo_tulip/soem/oshw/rtems/nicdrv.h
-- Up-to-date: /home/imnotarobot/ros2_ws/install/kelo_tulip/include/kelo_tulip/soem/oshw/rtems/oshw.c
-- Up-to-date: /home/imnotarobot/ros2_ws/install/kelo_tulip/include/kelo_tulip/soem/oshw/win32
-- Up-to-date: /home/imnotarobot/ros2_ws/install/kelo_tulip/include/kelo_tulip/soem/oshw/win32/nicdrv.c
-- Up-to-date: /home/imnotarobot/ros2_ws/install/kelo_tulip/include/kelo_tulip/soem/oshw/win32/oshw.h
-- Up-to-date: /home/imnotarobot/ros2_ws/install/kelo_tulip/include/kelo_tulip/soem/oshw/win32/nicdrv.h
-- Up-to-date: /home/imnotarobot/ros2_ws/install/kelo_tulip/include/kelo_tulip/soem/oshw/win32/wpcap
-- Up-to-date: /home/imnotarobot/ros2_ws/install/kelo_tulip/include/kelo_tulip/soem/oshw/win32/wpcap/Include
-- Up-to-date: /home/imnotarobot/ros2_ws/install/kelo_tulip/include/kelo_tulip/soem/oshw/win32/wpcap/Include/pcap-namedb.h
-- Up-to-date: /home/imnotarobot/ros2_ws/install/kelo_tulip/include/kelo_tulip/soem/oshw/win32/wpcap/Include/pcap.h
-- Up-to-date: /home/imnotarobot/ros2_ws/install/kelo_tulip/include/kelo_tulip/soem/oshw/win32/wpcap/Include/Packet32.h
-- Up-to-date: /home/imnotarobot/ros2_ws/install/kelo_tulip/include/kelo_tulip/soem/oshw/win32/wpcap/Include/remote-ext.h
-- Up-to-date: /home/imnotarobot/ros2_ws/install/kelo_tulip/include/kelo_tulip/soem/oshw/win32/wpcap/Include/Win32-Extensions.h
-- Up-to-date: /home/imnotarobot/ros2_ws/install/kelo_tulip/include/kelo_tulip/soem/oshw/win32/wpcap/Include/pcap
-- Up-to-date: /home/imnotarobot/ros2_ws/install/kelo_tulip/include/kelo_tulip/soem/oshw/win32/wpcap/Include/pcap/namedb.h
-- Up-to-date: /home/imnotarobot/ros2_ws/install/kelo_tulip/include/kelo_tulip/soem/oshw/win32/wpcap/Include/pcap/pcap.h
-- Up-to-date: /home/imnotarobot/ros2_ws/install/kelo_tulip/include/kelo_tulip/soem/oshw/win32/wpcap/Include/pcap/vlan.h
-- Up-to-date: /home/imnotarobot/ros2_ws/install/kelo_tulip/include/kelo_tulip/soem/oshw/win32/wpcap/Include/pcap/bpf.h
-- Up-to-date: /home/imnotarobot/ros2_ws/install/kelo_tulip/include/kelo_tulip/soem/oshw/win32/wpcap/Include/pcap/sll.h
-- Up-to-date: /home/imnotarobot/ros2_ws/install/kelo_tulip/include/kelo_tulip/soem/oshw/win32/wpcap/Include/pcap/usb.h
-- Up-to-date: /home/imnotarobot/ros2_ws/install/kelo_tulip/include/kelo_tulip/soem/oshw/win32/wpcap/Include/pcap/bluetooth.h
-- Up-to-date: /home/imnotarobot/ros2_ws/install/kelo_tulip/include/kelo_tulip/soem/oshw/win32/wpcap/Include/bittypes.h
-- Up-to-date: /home/imnotarobot/ros2_ws/install/kelo_tulip/include/kelo_tulip/soem/oshw/win32/wpcap/Include/pcap-stdinc.h
-- Up-to-date: /home/imnotarobot/ros2_ws/install/kelo_tulip/include/kelo_tulip/soem/oshw/win32/wpcap/Include/pcap-bpf.h
-- Up-to-date: /home/imnotarobot/ros2_ws/install/kelo_tulip/include/kelo_tulip/soem/oshw/win32/wpcap/Include/ip6_misc.h
-- Up-to-date: /home/imnotarobot/ros2_ws/install/kelo_tulip/include/kelo_tulip/soem/oshw/win32/wpcap/Lib
-- Up-to-date: /home/imnotarobot/ros2_ws/install/kelo_tulip/include/kelo_tulip/soem/oshw/win32/wpcap/Lib/libpacket.a
-- Up-to-date: /home/imnotarobot/ros2_ws/install/kelo_tulip/include/kelo_tulip/soem/oshw/win32/wpcap/Lib/x64
-- Up-to-date: /home/imnotarobot/ros2_ws/install/kelo_tulip/include/kelo_tulip/soem/oshw/win32/wpcap/Lib/x64/wpcap.lib
-- Up-to-date: /home/imnotarobot/ros2_ws/install/kelo_tulip/include/kelo_tulip/soem/oshw/win32/wpcap/Lib/x64/Packet.lib
-- Up-to-date: /home/imnotarobot/ros2_ws/install/kelo_tulip/include/kelo_tulip/soem/oshw/win32/wpcap/Lib/libwpcap.a
-- Up-to-date: /home/imnotarobot/ros2_ws/install/kelo_tulip/include/kelo_tulip/soem/oshw/win32/wpcap/Lib/wpcap.lib
-- Up-to-date: /home/imnotarobot/ros2_ws/install/kelo_tulip/include/kelo_tulip/soem/oshw/win32/wpcap/Lib/Packet.lib
-- Up-to-date: /home/imnotarobot/ros2_ws/install/kelo_tulip/include/kelo_tulip/soem/oshw/win32/oshw.c
-- Up-to-date: /home/imnotarobot/ros2_ws/install/kelo_tulip/include/kelo_tulip/soem/ethercatfoe.h
-- Up-to-date: /home/imnotarobot/ros2_ws/install/kelo_tulip/include/kelo_tulip/soem/ethercatmain.h
-- Up-to-date: /home/imnotarobot/ros2_ws/install/kelo_tulip/include/kelo_tulip/soem/ethercatsoe.h
-- Up-to-date: /home/imnotarobot/ros2_ws/install/kelo_tulip/include/kelo_tulip/soem/ethercatconfig.h
-- Up-to-date: /home/imnotarobot/ros2_ws/install/kelo_tulip/include/kelo_tulip/soem/ethercat.h
-- Up-to-date: /home/imnotarobot/ros2_ws/install/kelo_tulip/include/kelo_tulip/soem/ethercatcoe.h
-- Up-to-date: /home/imnotarobot/ros2_ws/install/kelo_tulip/include/kelo_tulip/soem/ethercatprint.h
-- Up-to-date: /home/imnotarobot/ros2_ws/install/kelo_tulip/include/kelo_tulip/soem/ethercatbase.h
-- Up-to-date: /home/imnotarobot/ros2_ws/install/kelo_tulip/include/kelo_tulip/Utils.h
-- Up-to-date: /home/imnotarobot/ros2_ws/install/kelo_tulip/include/kelo_tulip/KeloDriveAPI.h
-- Up-to-date: /home/imnotarobot/ros2_ws/install/kelo_tulip/include/kelo_tulip/WheelConfig.h
-- Up-to-date: /home/imnotarobot/ros2_ws/install/kelo_tulip/include/kelo_tulip/Structs.h
-- Up-to-date: /home/imnotarobot/ros2_ws/install/kelo_tulip/include/kelo_tulip/modules
-- Up-to-date: /home/imnotarobot/ros2_ws/install/kelo_tulip/include/kelo_tulip/modules/RobileMasterBattery.h
-- Up-to-date: /home/imnotarobot/ros2_ws/install/kelo_tulip/include/kelo_tulip/VelocityPlatformController.h
-- Up-to-date: /home/imnotarobot/ros2_ws/install/kelo_tulip/include/kelo_tulip/EtherCATModule.h
-- Up-to-date: /home/imnotarobot/ros2_ws/install/kelo_tulip/include/kelo_tulip/PlatformDriver.h
-- Up-to-date: /home/imnotarobot/ros2_ws/install/kelo_tulip/include/kelo_tulip
-- Up-to-date: /home/imnotarobot/ros2_ws/install/kelo_tulip/include/kelo_tulip/soem
-- Up-to-date: /home/imnotarobot/ros2_ws/install/kelo_tulip/include/kelo_tulip/soem/osal
-- Up-to-date: /home/imnotarobot/ros2_ws/install/kelo_tulip/include/kelo_tulip/soem/osal/linux
-- Up-to-date: /home/imnotarobot/ros2_ws/install/kelo_tulip/include/kelo_tulip/soem/osal/linux/osal_defs.h
-- Up-to-date: /home/imnotarobot/ros2_ws/install/kelo_tulip/include/kelo_tulip/soem/osal/linux/osal.c
-- Up-to-date: /home/imnotarobot/ros2_ws/install/kelo_tulip/include/kelo_tulip/soem/osal/intime
-- Up-to-date: /home/imnotarobot/ros2_ws/install/kelo_tulip/include/kelo_tulip/soem/osal/intime/osal_defs.h
-- Up-to-date: /home/imnotarobot/ros2_ws/install/kelo_tulip/include/kelo_tulip/soem/osal/intime/osal.c
-- Up-to-date: /home/imnotarobot/ros2_ws/install/kelo_tulip/include/kelo_tulip/soem/osal/rtk
-- Up-to-date: /home/imnotarobot/ros2_ws/install/kelo_tulip/include/kelo_tulip/soem/osal/rtk/osal_defs.h
-- Up-to-date: /home/imnotarobot/ros2_ws/install/kelo_tulip/include/kelo_tulip/soem/osal/rtk/osal.c
-- Up-to-date: /home/imnotarobot/ros2_ws/install/kelo_tulip/include/kelo_tulip/soem/osal/osal.h
-- Up-to-date: /home/imnotarobot/ros2_ws/install/kelo_tulip/include/kelo_tulip/soem/osal/vxworks
-- Up-to-date: /home/imnotarobot/ros2_ws/install/kelo_tulip/include/kelo_tulip/soem/osal/vxworks/osal_defs.h
-- Up-to-date: /home/imnotarobot/ros2_ws/install/kelo_tulip/include/kelo_tulip/soem/osal/vxworks/osal.c
-- Up-to-date: /home/imnotarobot/ros2_ws/install/kelo_tulip/include/kelo_tulip/soem/osal/rtems
-- Up-to-date: /home/imnotarobot/ros2_ws/install/kelo_tulip/include/kelo_tulip/soem/osal/rtems/osal_defs.h
-- Up-to-date: /home/imnotarobot/ros2_ws/install/kelo_tulip/include/kelo_tulip/soem/osal/rtems/osal.c
-- Up-to-date: /home/imnotarobot/ros2_ws/install/kelo_tulip/include/kelo_tulip/soem/osal/win32
-- Up-to-date: /home/imnotarobot/ros2_ws/install/kelo_tulip/include/kelo_tulip/soem/osal/win32/osal_defs.h
-- Up-to-date: /home/imnotarobot/ros2_ws/install/kelo_tulip/include/kelo_tulip/soem/osal/win32/osal_win32.h
-- Up-to-date: /home/imnotarobot/ros2_ws/install/kelo_tulip/include/kelo_tulip/soem/osal/win32/stdint.h
-- Up-to-date: /home/imnotarobot/ros2_ws/install/kelo_tulip/include/kelo_tulip/soem/osal/win32/osal.c
-- Up-to-date: /home/imnotarobot/ros2_ws/install/kelo_tulip/include/kelo_tulip/soem/osal/win32/inttypes.h
-- Up-to-date: /home/imnotarobot/ros2_ws/install/kelo_tulip/include/kelo_tulip/soem/ethercateoe.h
-- Up-to-date: /home/imnotarobot/ros2_ws/install/kelo_tulip/include/kelo_tulip/soem/ethercatconfiglist.h
-- Up-to-date: /home/imnotarobot/ros2_ws/install/kelo_tulip/include/kelo_tulip/soem/ethercattype.h
-- Up-to-date: /home/imnotarobot/ros2_ws/install/kelo_tulip/include/kelo_tulip/soem/ethercatdc.h
-- Up-to-date: /home/imnotarobot/ros2_ws/install/kelo_tulip/include/kelo_tulip/soem/oshw
-- Up-to-date: /home/imnotarobot/ros2_ws/install/kelo_tulip/include/kelo_tulip/soem/oshw/linux
-- Up-to-date: /home/imnotarobot/ros2_ws/install/kelo_tulip/include/kelo_tulip/soem/oshw/linux/nicdrv.c
-- Up-to-date: /home/imnotarobot/ros2_ws/install/kelo_tulip/include/kelo_tulip/soem/oshw/linux/oshw.h
-- Up-to-date: /home/imnotarobot/ros2_ws/install/kelo_tulip/include/kelo_tulip/soem/oshw/linux/nicdrv.h
-- Up-to-date: /home/imnotarobot/ros2_ws/install/kelo_tulip/include/kelo_tulip/soem/oshw/linux/oshw.c
-- Up-to-date: /home/imnotarobot/ros2_ws/install/kelo_tulip/include/kelo_tulip/soem/oshw/intime
-- Up-to-date: /home/imnotarobot/ros2_ws/install/kelo_tulip/include/kelo_tulip/soem/oshw/intime/nicdrv.c
-- Up-to-date: /home/imnotarobot/ros2_ws/install/kelo_tulip/include/kelo_tulip/soem/oshw/intime/oshw.h
-- Up-to-date: /home/imnotarobot/ros2_ws/install/kelo_tulip/include/kelo_tulip/soem/oshw/intime/nicdrv.h
-- Up-to-date: /home/imnotarobot/ros2_ws/install/kelo_tulip/include/kelo_tulip/soem/oshw/intime/oshw.c
-- Up-to-date: /home/imnotarobot/ros2_ws/install/kelo_tulip/include/kelo_tulip/soem/oshw/rtk
-- Up-to-date: /home/imnotarobot/ros2_ws/install/kelo_tulip/include/kelo_tulip/soem/oshw/rtk/nicdrv.c
-- Up-to-date: /home/imnotarobot/ros2_ws/install/kelo_tulip/include/kelo_tulip/soem/oshw/rtk/oshw.h
-- Up-to-date: /home/imnotarobot/ros2_ws/install/kelo_tulip/include/kelo_tulip/soem/oshw/rtk/nicdrv.h
-- Up-to-date: /home/imnotarobot/ros2_ws/install/kelo_tulip/include/kelo_tulip/soem/oshw/rtk/fec
-- Up-to-date: /home/imnotarobot/ros2_ws/install/kelo_tulip/include/kelo_tulip/soem/oshw/rtk/fec/fec_ecat.h
-- Up-to-date: /home/imnotarobot/ros2_ws/install/kelo_tulip/include/kelo_tulip/soem/oshw/rtk/fec/fec_ecat.c
-- Up-to-date: /home/imnotarobot/ros2_ws/install/kelo_tulip/include/kelo_tulip/soem/oshw/rtk/lw_mac
-- Up-to-date: /home/imnotarobot/ros2_ws/install/kelo_tulip/include/kelo_tulip/soem/oshw/rtk/lw_mac/lw_emac.c
-- Up-to-date: /home/imnotarobot/ros2_ws/install/kelo_tulip/include/kelo_tulip/soem/oshw/rtk/lw_mac/lw_emac.h
-- Up-to-date: /home/imnotarobot/ros2_ws/install/kelo_tulip/include/kelo_tulip/soem/oshw/rtk/oshw.c
-- Up-to-date: /home/imnotarobot/ros2_ws/install/kelo_tulip/include/kelo_tulip/soem/oshw/vxworks
-- Up-to-date: /home/imnotarobot/ros2_ws/install/kelo_tulip/include/kelo_tulip/soem/oshw/vxworks/nicdrv.c
-- Up-to-date: /home/imnotarobot/ros2_ws/install/kelo_tulip/include/kelo_tulip/soem/oshw/vxworks/oshw.h
-- Up-to-date: /home/imnotarobot/ros2_ws/install/kelo_tulip/include/kelo_tulip/soem/oshw/vxworks/nicdrv.h
-- Up-to-date: /home/imnotarobot/ros2_ws/install/kelo_tulip/include/kelo_tulip/soem/oshw/vxworks/oshw.c
-- Up-to-date: /home/imnotarobot/ros2_ws/install/kelo_tulip/include/kelo_tulip/soem/oshw/rtems
-- Up-to-date: /home/imnotarobot/ros2_ws/install/kelo_tulip/include/kelo_tulip/soem/oshw/rtems/nicdrv.c
-- Up-to-date: /home/imnotarobot/ros2_ws/install/kelo_tulip/include/kelo_tulip/soem/oshw/rtems/oshw.h
-- Up-to-date: /home/imnotarobot/ros2_ws/install/kelo_tulip/include/kelo_tulip/soem/oshw/rtems/nicdrv.h
-- Up-to-date: /home/imnotarobot/ros2_ws/install/kelo_tulip/include/kelo_tulip/soem/oshw/rtems/oshw.c
-- Up-to-date: /home/imnotarobot/ros2_ws/install/kelo_tulip/include/kelo_tulip/soem/oshw/win32
-- Up-to-date: /home/imnotarobot/ros2_ws/install/kelo_tulip/include/kelo_tulip/soem/oshw/win32/nicdrv.c
-- Up-to-date: /home/imnotarobot/ros2_ws/install/kelo_tulip/include/kelo_tulip/soem/oshw/win32/oshw.h
-- Up-to-date: /home/imnotarobot/ros2_ws/install/kelo_tulip/include/kelo_tulip/soem/oshw/win32/nicdrv.h
-- Up-to-date: /home/imnotarobot/ros2_ws/install/kelo_tulip/include/kelo_tulip/soem/oshw/win32/wpcap
-- Up-to-date: /home/imnotarobot/ros2_ws/install/kelo_tulip/include/kelo_tulip/soem/oshw/win32/wpcap/Include
-- Up-to-date: /home/imnotarobot/ros2_ws/install/kelo_tulip/include/kelo_tulip/soem/oshw/win32/wpcap/Include/pcap-namedb.h
-- Up-to-date: /home/imnotarobot/ros2_ws/install/kelo_tulip/include/kelo_tulip/soem/oshw/win32/wpcap/Include/pcap.h
-- Up-to-date: /home/imnotarobot/ros2_ws/install/kelo_tulip/include/kelo_tulip/soem/oshw/win32/wpcap/Include/Packet32.h
-- Up-to-date: /home/imnotarobot/ros2_ws/install/kelo_tulip/include/kelo_tulip/soem/oshw/win32/wpcap/Include/remote-ext.h
-- Up-to-date: /home/imnotarobot/ros2_ws/install/kelo_tulip/include/kelo_tulip/soem/oshw/win32/wpcap/Include/Win32-Extensions.h
-- Up-to-date: /home/imnotarobot/ros2_ws/install/kelo_tulip/include/kelo_tulip/soem/oshw/win32/wpcap/Include/pcap
-- Up-to-date: /home/imnotarobot/ros2_ws/install/kelo_tulip/include/kelo_tulip/soem/oshw/win32/wpcap/Include/pcap/namedb.h
-- Up-to-date: /home/imnotarobot/ros2_ws/install/kelo_tulip/include/kelo_tulip/soem/oshw/win32/wpcap/Include/pcap/pcap.h
-- Up-to-date: /home/imnotarobot/ros2_ws/install/kelo_tulip/include/kelo_tulip/soem/oshw/win32/wpcap/Include/pcap/vlan.h
-- Up-to-date: /home/imnotarobot/ros2_ws/install/kelo_tulip/include/kelo_tulip/soem/oshw/win32/wpcap/Include/pcap/bpf.h
-- Up-to-date: /home/imnotarobot/ros2_ws/install/kelo_tulip/include/kelo_tulip/soem/oshw/win32/wpcap/Include/pcap/sll.h
-- Up-to-date: /home/imnotarobot/ros2_ws/install/kelo_tulip/include/kelo_tulip/soem/oshw/win32/wpcap/Include/pcap/usb.h
-- Up-to-date: /home/imnotarobot/ros2_ws/install/kelo_tulip/include/kelo_tulip/soem/oshw/win32/wpcap/Include/pcap/bluetooth.h
-- Up-to-date: /home/imnotarobot/ros2_ws/install/kelo_tulip/include/kelo_tulip/soem/oshw/win32/wpcap/Include/bittypes.h
-- Up-to-date: /home/imnotarobot/ros2_ws/install/kelo_tulip/include/kelo_tulip/soem/oshw/win32/wpcap/Include/pcap-stdinc.h
-- Up-to-date: /home/imnotarobot/ros2_ws/install/kelo_tulip/include/kelo_tulip/soem/oshw/win32/wpcap/Include/pcap-bpf.h
-- Up-to-date: /home/imnotarobot/ros2_ws/install/kelo_tulip/include/kelo_tulip/soem/oshw/win32/wpcap/Include/ip6_misc.h
-- Up-to-date: /home/imnotarobot/ros2_ws/install/kelo_tulip/include/kelo_tulip/soem/oshw/win32/wpcap/Lib
-- Up-to-date: /home/imnotarobot/ros2_ws/install/kelo_tulip/include/kelo_tulip/soem/oshw/win32/wpcap/Lib/libpacket.a
-- Up-to-date: /home/imnotarobot/ros2_ws/install/kelo_tulip/include/kelo_tulip/soem/oshw/win32/wpcap/Lib/x64
-- Up-to-date: /home/imnotarobot/ros2_ws/install/kelo_tulip/include/kelo_tulip/soem/oshw/win32/wpcap/Lib/x64/wpcap.lib
-- Up-to-date: /home/imnotarobot/ros2_ws/install/kelo_tulip/include/kelo_tulip/soem/oshw/win32/wpcap/Lib/x64/Packet.lib
-- Up-to-date: /home/imnotarobot/ros2_ws/install/kelo_tulip/include/kelo_tulip/soem/oshw/win32/wpcap/Lib/libwpcap.a
-- Up-to-date: /home/imnotarobot/ros2_ws/install/kelo_tulip/include/kelo_tulip/soem/oshw/win32/wpcap/Lib/wpcap.lib
-- Up-to-date: /home/imnotarobot/ros2_ws/install/kelo_tulip/include/kelo_tulip/soem/oshw/win32/wpcap/Lib/Packet.lib
-- Up-to-date: /home/imnotarobot/ros2_ws/install/kelo_tulip/include/kelo_tulip/soem/oshw/win32/oshw.c
-- Up-to-date: /home/imnotarobot/ros2_ws/install/kelo_tulip/include/kelo_tulip/soem/ethercatfoe.h
-- Up-to-date: /home/imnotarobot/ros2_ws/install/kelo_tulip/include/kelo_tulip/soem/ethercatmain.h
-- Up-to-date: /home/imnotarobot/ros2_ws/install/kelo_tulip/include/kelo_tulip/soem/ethercatsoe.h
-- Up-to-date: /home/imnotarobot/ros2_ws/install/kelo_tulip/include/kelo_tulip/soem/ethercatconfig.h
-- Up-to-date: /home/imnotarobot/ros2_ws/install/kelo_tulip/include/kelo_tulip/soem/ethercat.h
-- Up-to-date: /home/imnotarobot/ros2_ws/install/kelo_tulip/include/kelo_tulip/soem/ethercatcoe.h
-- Up-to-date: /home/imnotarobot/ros2_ws/install/kelo_tulip/include/kelo_tulip/soem/ethercatprint.h
-- Up-to-date: /home/imnotarobot/ros2_ws/install/kelo_tulip/include/kelo_tulip/soem/ethercatbase.h
-- Up-to-date: /home/imnotarobot/ros2_ws/install/kelo_tulip/include/kelo_tulip/Utils.h
-- Up-to-date: /home/imnotarobot/ros2_ws/install/kelo_tulip/include/kelo_tulip/KeloDriveAPI.h
-- Up-to-date: /home/imnotarobot/ros2_ws/install/kelo_tulip/include/kelo_tulip/WheelConfig.h
-- Up-to-date: /home/imnotarobot/ros2_ws/install/kelo_tulip/include/kelo_tulip/Structs.h
-- Up-to-date: /home/imnotarobot/ros2_ws/install/kelo_tulip/include/kelo_tulip/modules
-- Up-to-date: /home/imnotarobot/ros2_ws/install/kelo_tulip/include/kelo_tulip/modules/RobileMasterBattery.h
-- Up-to-date: /home/imnotarobot/ros2_ws/install/kelo_tulip/include/kelo_tulip/VelocityPlatformController.h
-- Up-to-date: /home/imnotarobot/ros2_ws/install/kelo_tulip/include/kelo_tulip/EtherCATModule.h
-- Up-to-date: /home/imnotarobot/ros2_ws/install/kelo_tulip/include/kelo_tulip/PlatformDriver.h
-- Up-to-date: /home/imnotarobot/ros2_ws/install/kelo_tulip/share/kelo_tulip/launch
-- Up-to-date: /home/imnotarobot/ros2_ws/install/kelo_tulip/share/kelo_tulip/launch/example_joypad.launch.py
-- Up-to-date: /home/imnotarobot/ros2_ws/install/kelo_tulip/share/kelo_tulip/launch/example.launch.py
-- Up-to-date: /home/imnotarobot/ros2_ws/install/kelo_tulip/share/kelo_tulip/config
-- Up-to-date: /home/imnotarobot/ros2_ws/install/kelo_tulip/share/kelo_tulip/config/robile4.yaml
-- Up-to-date: /home/imnotarobot/ros2_ws/install/kelo_tulip/share/kelo_tulip/config/example.yaml
-- Up-to-date: /home/imnotarobot/ros2_ws/install/kelo_tulip/share/kelo_tulip/config/robile3.yaml
-- Up-to-date: /home/imnotarobot/ros2_ws/install/kelo_tulip/share/kelo_tulip/config/robile1.yaml
-- Up-to-date: /home/imnotarobot/ros2_ws/install/kelo_tulip/share/kelo_tulip/config/robile2.yaml
-- Up-to-date: /home/imnotarobot/ros2_ws/install/kelo_tulip/share/ament_index/resource_index/package_run_dependencies/kelo_tulip
-- Up-to-date: /home/imnotarobot/ros2_ws/install/kelo_tulip/share/ament_index/resource_index/parent_prefix_path/kelo_tulip
-- Up-to-date: /home/imnotarobot/ros2_ws/install/kelo_tulip/share/kelo_tulip/environment/ament_prefix_path.sh
-- Up-to-date: /home/imnotarobot/ros2_ws/install/kelo_tulip/share/kelo_tulip/environment/ament_prefix_path.dsv
-- Up-to-date: /home/imnotarobot/ros2_ws/install/kelo_tulip/share/kelo_tulip/environment/path.sh
-- Up-to-date: /home/imnotarobot/ros2_ws/install/kelo_tulip/share/kelo_tulip/environment/path.dsv
-- Up-to-date: /home/imnotarobot/ros2_ws/install/kelo_tulip/share/kelo_tulip/local_setup.bash
-- Up-to-date: /home/imnotarobot/ros2_ws/install/kelo_tulip/share/kelo_tulip/local_setup.sh
-- Up-to-date: /home/imnotarobot/ros2_ws/install/kelo_tulip/share/kelo_tulip/local_setup.zsh
-- Up-to-date: /home/imnotarobot/ros2_ws/install/kelo_tulip/share/kelo_tulip/local_setup.dsv
-- Installing: /home/imnotarobot/ros2_ws/install/kelo_tulip/share/kelo_tulip/package.dsv
-- Up-to-date: /home/imnotarobot/ros2_ws/install/kelo_tulip/share/ament_index/resource_index/packages/kelo_tulip
-- Up-to-date: /home/imnotarobot/ros2_ws/install/kelo_tulip/share/kelo_tulip/cmake/kelo_tulipConfig.cmake
-- Up-to-date: /home/imnotarobot/ros2_ws/install/kelo_tulip/share/kelo_tulip/cmake/kelo_tulipConfig-version.cmake
-- Up-to-date: /home/imnotarobot/ros2_ws/install/kelo_tulip/share/kelo_tulip/package.xml
-- Up-to-date: /home/imnotarobot/ros2_ws/install/kelo_tulip/lib/libsoem.a
