[1.703s] Invoking command in '/home/imnotarobot/ros2_ws/src/Robile/robile_demos/robile_control_simple': PYTHONPATH=/home/imnotarobot/ros2_ws/build/robile_control_simple/prefix_override:/home/imnotarobot/ros2_ws/install/robile_control_simple/lib/python3.10/site-packages:${PYTHONPATH} /usr/bin/python3 setup.py egg_info --egg-base ../../../../build/robile_control_simple build --build-base /home/imnotarobot/ros2_ws/build/robile_control_simple/build install --record /home/imnotarobot/ros2_ws/build/robile_control_simple/install.log --single-version-externally-managed
[1.921s] running egg_info
[1.922s] writing ../../../../build/robile_control_simple/robile_control_simple.egg-info/PKG-INFO
[1.922s] writing dependency_links to ../../../../build/robile_control_simple/robile_control_simple.egg-info/dependency_links.txt
[1.922s] writing entry points to ../../../../build/robile_control_simple/robile_control_simple.egg-info/entry_points.txt
[1.922s] writing requirements to ../../../../build/robile_control_simple/robile_control_simple.egg-info/requires.txt
[1.923s] writing top-level names to ../../../../build/robile_control_simple/robile_control_simple.egg-info/top_level.txt
[1.924s] reading manifest file '../../../../build/robile_control_simple/robile_control_simple.egg-info/SOURCES.txt'
[1.924s] writing manifest file '../../../../build/robile_control_simple/robile_control_simple.egg-info/SOURCES.txt'
[1.924s] running build
[1.924s] running build_py
[1.925s] running install
[1.925s] /usr/lib/python3/dist-packages/setuptools/command/install.py:34: SetuptoolsDeprecationWarning: setup.py install is deprecated. Use build and pip and other standards-based tools.
[1.925s]   warnings.warn(
[1.925s] running install_lib
[1.926s] running install_data
[1.927s] running install_egg_info
[1.929s] removing '/home/imnotarobot/ros2_ws/install/robile_control_simple/lib/python3.10/site-packages/robile_control_simple-0.0.0-py3.10.egg-info' (and everything under it)
[1.930s] Copying ../../../../build/robile_control_simple/robile_control_simple.egg-info to /home/imnotarobot/ros2_ws/install/robile_control_simple/lib/python3.10/site-packages/robile_control_simple-0.0.0-py3.10.egg-info
[1.930s] running install_scripts
[1.948s] Installing circular_motion_publisher script to /home/imnotarobot/ros2_ws/install/robile_control_simple/lib/robile_control_simple
[1.948s] writing list of installed files to '/home/imnotarobot/ros2_ws/build/robile_control_simple/install.log'
[1.981s] Invoked command in '/home/imnotarobot/ros2_ws/src/Robile/robile_demos/robile_control_simple' returned '0': PYTHONPATH=/home/imnotarobot/ros2_ws/build/robile_control_simple/prefix_override:/home/imnotarobot/ros2_ws/install/robile_control_simple/lib/python3.10/site-packages:${PYTHONPATH} /usr/bin/python3 setup.py egg_info --egg-base ../../../../build/robile_control_simple build --build-base /home/imnotarobot/ros2_ws/build/robile_control_simple/build install --record /home/imnotarobot/ros2_ws/build/robile_control_simple/install.log --single-version-externally-managed
