running egg_info
writing ../../build/py_trees_ros/py_trees_ros.egg-info/PKG-INFO
writing dependency_links to ../../build/py_trees_ros/py_trees_ros.egg-info/dependency_links.txt
writing entry points to ../../build/py_trees_ros/py_trees_ros.egg-info/entry_points.txt
writing top-level names to ../../build/py_trees_ros/py_trees_ros.egg-info/top_level.txt
reading manifest file '../../build/py_trees_ros/py_trees_ros.egg-info/SOURCES.txt'
adding license file 'LICENSE'
writing manifest file '../../build/py_trees_ros/py_trees_ros.egg-info/SOURCES.txt'
running build
running build_py
running install
running install_lib
running install_data
running install_egg_info
removing '/home/imnotarobot/ros2_ws/install/py_trees_ros/lib/python3.10/site-packages/py_trees_ros-2.2.2-py3.10.egg-info' (and everything under it)
Copying ../../build/py_trees_ros/py_trees_ros.egg-info to /home/imnotarobot/ros2_ws/install/py_trees_ros/lib/python3.10/site-packages/py_trees_ros-2.2.2-py3.10.egg-info
running install_scripts
Installing py-trees-blackboard-watcher script to /home/imnotarobot/ros2_ws/install/py_trees_ros/bin
Installing py-trees-tree-watcher script to /home/imnotarobot/ros2_ws/install/py_trees_ros/bin
writing list of installed files to '/home/imnotarobot/ros2_ws/build/py_trees_ros/install.log'
