[1.222s] Invoking command in '/home/imnotarobot/ros2_ws/src/Robile/robile_bringup': PYTHONPATH=/home/imnotarobot/ros2_ws/build/robile_bringup/prefix_override:/home/imnotarobot/ros2_ws/install/robile_bringup/lib/python3.10/site-packages:${PYTHONPATH} /usr/bin/python3 setup.py egg_info --egg-base ../../../build/robile_bringup build --build-base /home/imnotarobot/ros2_ws/build/robile_bringup/build install --record /home/imnotarobot/ros2_ws/build/robile_bringup/install.log --single-version-externally-managed
[1.415s] running egg_info
[1.415s] creating ../../../build/robile_bringup/robile_bringup.egg-info
[1.415s] writing ../../../build/robile_bringup/robile_bringup.egg-info/PKG-INFO
[1.415s] writing dependency_links to ../../../build/robile_bringup/robile_bringup.egg-info/dependency_links.txt
[1.415s] writing entry points to ../../../build/robile_bringup/robile_bringup.egg-info/entry_points.txt
[1.416s] writing requirements to ../../../build/robile_bringup/robile_bringup.egg-info/requires.txt
[1.416s] writing top-level names to ../../../build/robile_bringup/robile_bringup.egg-info/top_level.txt
[1.416s] writing manifest file '../../../build/robile_bringup/robile_bringup.egg-info/SOURCES.txt'
[1.418s] reading manifest file '../../../build/robile_bringup/robile_bringup.egg-info/SOURCES.txt'
[1.418s] writing manifest file '../../../build/robile_bringup/robile_bringup.egg-info/SOURCES.txt'
[1.418s] running build
[1.418s] running build_py
[1.418s] creating /home/imnotarobot/ros2_ws/build/robile_bringup/build
[1.419s] creating /home/imnotarobot/ros2_ws/build/robile_bringup/build/lib
[1.419s] creating /home/imnotarobot/ros2_ws/build/robile_bringup/build/lib/robile_bringup
[1.419s] copying robile_bringup/__init__.py -> /home/imnotarobot/ros2_ws/build/robile_bringup/build/lib/robile_bringup
[1.419s] running install
[1.419s] /usr/lib/python3/dist-packages/setuptools/command/install.py:34: SetuptoolsDeprecationWarning: setup.py install is deprecated. Use build and pip and other standards-based tools.
[1.419s]   warnings.warn(
[1.420s] running install_lib
[1.420s] creating /home/imnotarobot/ros2_ws/install/robile_bringup/lib/python3.10/site-packages/robile_bringup
[1.420s] copying /home/imnotarobot/ros2_ws/build/robile_bringup/build/lib/robile_bringup/__init__.py -> /home/imnotarobot/ros2_ws/install/robile_bringup/lib/python3.10/site-packages/robile_bringup
[1.420s] byte-compiling /home/imnotarobot/ros2_ws/install/robile_bringup/lib/python3.10/site-packages/robile_bringup/__init__.py to __init__.cpython-310.pyc
[1.420s] running install_data
[1.421s] creating /home/imnotarobot/ros2_ws/install/robile_bringup/share/ament_index
[1.421s] creating /home/imnotarobot/ros2_ws/install/robile_bringup/share/ament_index/resource_index
[1.421s] creating /home/imnotarobot/ros2_ws/install/robile_bringup/share/ament_index/resource_index/packages
[1.421s] copying resource/robile_bringup -> /home/imnotarobot/ros2_ws/install/robile_bringup/share/ament_index/resource_index/packages
[1.421s] copying package.xml -> /home/imnotarobot/ros2_ws/install/robile_bringup/share/robile_bringup
[1.421s] copying launch/robot.launch.py -> /home/imnotarobot/ros2_ws/install/robile_bringup/share/robile_bringup
[1.421s] running install_egg_info
[1.422s] Copying ../../../build/robile_bringup/robile_bringup.egg-info to /home/imnotarobot/ros2_ws/install/robile_bringup/lib/python3.10/site-packages/robile_bringup-0.0.0-py3.10.egg-info
[1.422s] running install_scripts
[1.437s] writing list of installed files to '/home/imnotarobot/ros2_ws/build/robile_bringup/install.log'
[1.459s] Invoked command in '/home/imnotarobot/ros2_ws/src/Robile/robile_bringup' returned '0': PYTHONPATH=/home/imnotarobot/ros2_ws/build/robile_bringup/prefix_override:/home/imnotarobot/ros2_ws/install/robile_bringup/lib/python3.10/site-packages:${PYTHONPATH} /usr/bin/python3 setup.py egg_info --egg-base ../../../build/robile_bringup build --build-base /home/imnotarobot/ros2_ws/build/robile_bringup/build install --record /home/imnotarobot/ros2_ws/build/robile_bringup/install.log --single-version-externally-managed
