[0.497s] Invoking command in '/home/imnotarobot/ros2_ws/build/robile_description': CMAKE_PREFIX_PATH=${CMAKE_PREFIX_PATH}:/home/imnotarobot/ros2_ws/install/robile_reach_goal:/home/imnotarobot/ros2_ws/install/robile_control_simple:/home/imnotarobot/ros2_ws/install/robile_bringup:/home/imnotarobot/ros2_ws/install/py_trees_ros:/opt/ros/humble /usr/bin/cmake --build /home/imnotarobot/ros2_ws/build/robile_description -- -j12 -l12
[1.706s] Invoked command in '/home/imnotarobot/ros2_ws/build/robile_description' returned '0': CMAKE_PREFIX_PATH=${CMAKE_PREFIX_PATH}:/home/imnotarobot/ros2_ws/install/robile_reach_goal:/home/imnotarobot/ros2_ws/install/robile_control_simple:/home/imnotarobot/ros2_ws/install/robile_bringup:/home/imnotarobot/ros2_ws/install/py_trees_ros:/opt/ros/humble /usr/bin/cmake --build /home/imnotarobot/ros2_ws/build/robile_description -- -j12 -l12
[1.729s] Invoking command in '/home/imnotarobot/ros2_ws/build/robile_description': CMAKE_PREFIX_PATH=${CMAKE_PREFIX_PATH}:/home/imnotarobot/ros2_ws/install/robile_reach_goal:/home/imnotarobot/ros2_ws/install/robile_control_simple:/home/imnotarobot/ros2_ws/install/robile_bringup:/home/imnotarobot/ros2_ws/install/py_trees_ros:/opt/ros/humble /usr/bin/cmake --install /home/imnotarobot/ros2_ws/build/robile_description
[1.737s] -- Install configuration: ""
[1.738s] -- Up-to-date: /home/imnotarobot/ros2_ws/install/robile_description/share/robile_description//meshes
[1.738s] -- Up-to-date: /home/imnotarobot/ros2_ws/install/robile_description/share/robile_description//meshes/robile_brick_housing
[1.738s] -- Up-to-date: /home/imnotarobot/ros2_ws/install/robile_description/share/robile_description//meshes/robile_brick_housing/lid_cover_green.dae
[1.738s] -- Up-to-date: /home/imnotarobot/ros2_ws/install/robile_description/share/robile_description//meshes/robile_brick_housing/lid_cover_yellow.dae
[1.738s] -- Up-to-date: /home/imnotarobot/ros2_ws/install/robile_description/share/robile_description//meshes/robile_brick_housing/lid_cover_red.dae
[1.738s] -- Up-to-date: /home/imnotarobot/ros2_ws/install/robile_description/share/robile_description//meshes/robile_brick_housing/lid_cover_blue.dae
[1.739s] -- Up-to-date: /home/imnotarobot/ros2_ws/install/robile_description/share/robile_description//meshes/robile_brick_housing/lid.dae
[1.739s] -- Up-to-date: /home/imnotarobot/ros2_ws/install/robile_description/share/robile_description//meshes/robile_brick_housing/wheeled_brick_housing.dae
[1.739s] -- Up-to-date: /home/imnotarobot/ros2_ws/install/robile_description/share/robile_description//meshes/robile_brick_housing/general_brick_housing.dae
[1.739s] -- Up-to-date: /home/imnotarobot/ros2_ws/install/robile_description/share/robile_description//meshes/passive_caster_wheel
[1.739s] -- Up-to-date: /home/imnotarobot/ros2_ws/install/robile_description/share/robile_description//meshes/passive_caster_wheel/wheel.dae
[1.739s] -- Up-to-date: /home/imnotarobot/ros2_ws/install/robile_description/share/robile_description//meshes/passive_caster_wheel/pivot.dae
[1.739s] -- Up-to-date: /home/imnotarobot/ros2_ws/install/robile_description/share/robile_description//meshes/sensors
[1.739s] -- Up-to-date: /home/imnotarobot/ros2_ws/install/robile_description/share/robile_description//meshes/sensors/sick-lms1xx.dae
[1.739s] -- Up-to-date: /home/imnotarobot/ros2_ws/install/robile_description/share/robile_description//meshes/sensors/hokuyo_convex.dae
[1.739s] -- Up-to-date: /home/imnotarobot/ros2_ws/install/robile_description/share/robile_description//meshes/sensors/hokuyo.dae
[1.740s] -- Up-to-date: /home/imnotarobot/ros2_ws/install/robile_description/share/robile_description//meshes/kelo_drive
[1.740s] -- Up-to-date: /home/imnotarobot/ros2_ws/install/robile_description/share/robile_description//meshes/kelo_drive/kelo_drive_wheel.dae
[1.740s] -- Up-to-date: /home/imnotarobot/ros2_ws/install/robile_description/share/robile_description//meshes/kelo_drive/kelo_drive_base.dae
[1.740s] -- Up-to-date: /home/imnotarobot/ros2_ws/install/robile_description/share/robile_description//robots
[1.740s] -- Up-to-date: /home/imnotarobot/ros2_ws/install/robile_description/share/robile_description//robots/robile3_config.urdf.xacro
[1.740s] -- Up-to-date: /home/imnotarobot/ros2_ws/install/robile_description/share/robile_description//robots/6_wheel_config.urdf.xacro
[1.740s] -- Up-to-date: /home/imnotarobot/ros2_ws/install/robile_description/share/robile_description//robots/4_wheel_config.urdf.xacro
[1.740s] -- Up-to-date: /home/imnotarobot/ros2_ws/install/robile_description/share/robile_description//robots/2_wheel_config.urdf.xacro
[1.741s] -- Up-to-date: /home/imnotarobot/ros2_ws/install/robile_description/share/robile_description//urdf
[1.741s] -- Up-to-date: /home/imnotarobot/ros2_ws/install/robile_description/share/robile_description//urdf/base_macros
[1.741s] -- Up-to-date: /home/imnotarobot/ros2_ws/install/robile_description/share/robile_description//urdf/base_macros/kelo_drive_wheel.urdf.xacro
[1.741s] -- Up-to-date: /home/imnotarobot/ros2_ws/install/robile_description/share/robile_description//urdf/base_macros/passive_caster_wheel.urdf.xacro
[1.741s] -- Up-to-date: /home/imnotarobot/ros2_ws/install/robile_description/share/robile_description//urdf/base_macros/kelo_drive.urdf.xacro
[1.741s] -- Up-to-date: /home/imnotarobot/ros2_ws/install/robile_description/share/robile_description//urdf/base_macros/brick_housing.urdf.xacro
[1.742s] -- Up-to-date: /home/imnotarobot/ros2_ws/install/robile_description/share/robile_description//urdf/base_macros/materials.urdf.xacro
[1.743s] -- Up-to-date: /home/imnotarobot/ros2_ws/install/robile_description/share/robile_description//urdf/base_macros/common.xacro
[1.743s] -- Up-to-date: /home/imnotarobot/ros2_ws/install/robile_description/share/robile_description//urdf/robile_bricks
[1.743s] -- Up-to-date: /home/imnotarobot/ros2_ws/install/robile_description/share/robile_description//urdf/robile_bricks/robile_passive_wheel_brick.urdf.xacro
[1.744s] -- Up-to-date: /home/imnotarobot/ros2_ws/install/robile_description/share/robile_description//urdf/robile_bricks/robile_active_wheel_brick.urdf.xacro
[1.744s] -- Up-to-date: /home/imnotarobot/ros2_ws/install/robile_description/share/robile_description//urdf/robile_bricks/robile_cpu_brick.urdf.xacro
[1.744s] -- Up-to-date: /home/imnotarobot/ros2_ws/install/robile_description/share/robile_description//urdf/robile_bricks/robile_empty_brick.urdf.xacro
[1.744s] -- Up-to-date: /home/imnotarobot/ros2_ws/install/robile_description/share/robile_description//urdf/robile_bricks/robile_slave_battery_brick.urdf.xacro
[1.744s] -- Up-to-date: /home/imnotarobot/ros2_ws/install/robile_description/share/robile_description//urdf/robile_bricks/robile_master_battery_brick.urdf.xacro
[1.745s] -- Up-to-date: /home/imnotarobot/ros2_ws/install/robile_description/share/robile_description//urdf/sensors
[1.746s] -- Up-to-date: /home/imnotarobot/ros2_ws/install/robile_description/share/robile_description//urdf/sensors/hokuyo_urg04_laser.urdf.xacro
[1.746s] -- Up-to-date: /home/imnotarobot/ros2_ws/install/robile_description/share/robile_description//urdf/sensors/sick_lms1xx_mount.urdf.xacro
[1.746s] -- Up-to-date: /home/imnotarobot/ros2_ws/install/robile_description/share/robile_description//urdf/sensors/camera_front.urdf.xacro
[1.746s] -- Up-to-date: /home/imnotarobot/ros2_ws/install/robile_description/share/robile_description//urdf/sensors/hokuyo_urg04_laser.gazebo.xacro
[1.746s] -- Up-to-date: /home/imnotarobot/ros2_ws/install/robile_description/share/robile_description//urdf/sensors/sick_lms1xx.urdf.xacro
[1.746s] -- Up-to-date: /home/imnotarobot/ros2_ws/install/robile_description/share/robile_description//urdf/sensors/camera_front.gazebo.xacro
[1.746s] -- Up-to-date: /home/imnotarobot/ros2_ws/install/robile_description/share/robile_description//gazebo
[1.747s] -- Up-to-date: /home/imnotarobot/ros2_ws/install/robile_description/share/robile_description//gazebo/gazebo_ros_planar_move.xacro
[1.747s] -- Up-to-date: /home/imnotarobot/ros2_ws/install/robile_description/share/robile_description//gazebo/gazebo_ros_control.xacro
[1.747s] -- Up-to-date: /home/imnotarobot/ros2_ws/install/robile_description/share/robile_description//gazebo/gazebo_robile_laser_scanner.xacro
[1.747s] -- Up-to-date: /home/imnotarobot/ros2_ws/install/robile_description/share/robile_description//gazebo/gazebo_robile.xacro
[1.747s] -- Up-to-date: /home/imnotarobot/ros2_ws/install/robile_description/share/robile_description//gazebo/gazebo_robile_laserscanner_camera.xacro
[1.748s] -- Up-to-date: /home/imnotarobot/ros2_ws/install/robile_description/share/ament_index/resource_index/package_run_dependencies/robile_description
[1.748s] -- Up-to-date: /home/imnotarobot/ros2_ws/install/robile_description/share/ament_index/resource_index/parent_prefix_path/robile_description
[1.748s] -- Up-to-date: /home/imnotarobot/ros2_ws/install/robile_description/share/robile_description/environment/ament_prefix_path.sh
[1.748s] -- Up-to-date: /home/imnotarobot/ros2_ws/install/robile_description/share/robile_description/environment/ament_prefix_path.dsv
[1.748s] -- Up-to-date: /home/imnotarobot/ros2_ws/install/robile_description/share/robile_description/environment/path.sh
[1.748s] -- Up-to-date: /home/imnotarobot/ros2_ws/install/robile_description/share/robile_description/environment/path.dsv
[1.748s] -- Up-to-date: /home/imnotarobot/ros2_ws/install/robile_description/share/robile_description/local_setup.bash
[1.748s] -- Up-to-date: /home/imnotarobot/ros2_ws/install/robile_description/share/robile_description/local_setup.sh
[1.748s] -- Up-to-date: /home/imnotarobot/ros2_ws/install/robile_description/share/robile_description/local_setup.zsh
[1.748s] -- Up-to-date: /home/imnotarobot/ros2_ws/install/robile_description/share/robile_description/local_setup.dsv
[1.749s] -- Installing: /home/imnotarobot/ros2_ws/install/robile_description/share/robile_description/package.dsv
[1.749s] -- Up-to-date: /home/imnotarobot/ros2_ws/install/robile_description/share/ament_index/resource_index/packages/robile_description
[1.749s] -- Up-to-date: /home/imnotarobot/ros2_ws/install/robile_description/share/robile_description/cmake/robile_descriptionConfig.cmake
[1.749s] -- Up-to-date: /home/imnotarobot/ros2_ws/install/robile_description/share/robile_description/cmake/robile_descriptionConfig-version.cmake
[1.749s] -- Up-to-date: /home/imnotarobot/ros2_ws/install/robile_description/share/robile_description/package.xml
[1.750s] Invoked command in '/home/imnotarobot/ros2_ws/build/robile_description' returned '0': CMAKE_PREFIX_PATH=${CMAKE_PREFIX_PATH}:/home/imnotarobot/ros2_ws/install/robile_reach_goal:/home/imnotarobot/ros2_ws/install/robile_control_simple:/home/imnotarobot/ros2_ws/install/robile_bringup:/home/imnotarobot/ros2_ws/install/py_trees_ros:/opt/ros/humble /usr/bin/cmake --install /home/imnotarobot/ros2_ws/build/robile_description
