[2.092s] Invoking command in '/home/imnotarobot/ros2_ws/src/Robile/robile_bringup': PYTHONPATH=/home/imnotarobot/ros2_ws/build/robile_bringup/prefix_override:/home/imnotarobot/ros2_ws/install/robile_bringup/lib/python3.10/site-packages:${PYTHONPATH} /usr/bin/python3 setup.py egg_info --egg-base ../../../build/robile_bringup build --build-base /home/imnotarobot/ros2_ws/build/robile_bringup/build install --record /home/imnotarobot/ros2_ws/build/robile_bringup/install.log --single-version-externally-managed
[2.432s] running egg_info
[2.432s] writing ../../../build/robile_bringup/robile_bringup.egg-info/PKG-INFO
[2.433s] writing dependency_links to ../../../build/robile_bringup/robile_bringup.egg-info/dependency_links.txt
[2.433s] writing entry points to ../../../build/robile_bringup/robile_bringup.egg-info/entry_points.txt
[2.433s] writing requirements to ../../../build/robile_bringup/robile_bringup.egg-info/requires.txt
[2.433s] writing top-level names to ../../../build/robile_bringup/robile_bringup.egg-info/top_level.txt
[2.435s] reading manifest file '../../../build/robile_bringup/robile_bringup.egg-info/SOURCES.txt'
[2.436s] writing manifest file '../../../build/robile_bringup/robile_bringup.egg-info/SOURCES.txt'
[2.436s] running build
[2.436s] running build_py
[2.436s] running install
[2.437s] /usr/lib/python3/dist-packages/setuptools/command/install.py:34: SetuptoolsDeprecationWarning: setup.py install is deprecated. Use build and pip and other standards-based tools.
[2.437s]   warnings.warn(
[2.438s] running install_lib
[2.438s] running install_data
[2.439s] running install_egg_info
[2.439s] removing '/home/imnotarobot/ros2_ws/install/robile_bringup/lib/python3.10/site-packages/robile_bringup-0.0.0-py3.10.egg-info' (and everything under it)
[2.440s] Copying ../../../build/robile_bringup/robile_bringup.egg-info to /home/imnotarobot/ros2_ws/install/robile_bringup/lib/python3.10/site-packages/robile_bringup-0.0.0-py3.10.egg-info
[2.440s] running install_scripts
[2.458s] writing list of installed files to '/home/imnotarobot/ros2_ws/build/robile_bringup/install.log'
[2.729s] Invoked command in '/home/imnotarobot/ros2_ws/src/Robile/robile_bringup' returned '0': PYTHONPATH=/home/imnotarobot/ros2_ws/build/robile_bringup/prefix_override:/home/imnotarobot/ros2_ws/install/robile_bringup/lib/python3.10/site-packages:${PYTHONPATH} /usr/bin/python3 setup.py egg_info --egg-base ../../../build/robile_bringup build --build-base /home/imnotarobot/ros2_ws/build/robile_bringup/build install --record /home/imnotarobot/ros2_ws/build/robile_bringup/install.log --single-version-externally-managed
