[1.066s] Invoking command in '/home/imnotarobot/ros2_ws/src/Robile/robile_demos/robile_reach_goal': PYTHONPATH=/home/imnotarobot/ros2_ws/build/robile_reach_goal/prefix_override:/home/imnotarobot/ros2_ws/install/robile_reach_goal/lib/python3.10/site-packages:${PYTHONPATH} /usr/bin/python3 setup.py egg_info --egg-base ../../../../build/robile_reach_goal build --build-base /home/imnotarobot/ros2_ws/build/robile_reach_goal/build install --record /home/imnotarobot/ros2_ws/build/robile_reach_goal/install.log --single-version-externally-managed
[1.256s] running egg_info
[1.257s] creating ../../../../build/robile_reach_goal/robile_reach_goal.egg-info
[1.257s] writing ../../../../build/robile_reach_goal/robile_reach_goal.egg-info/PKG-INFO
[1.257s] writing dependency_links to ../../../../build/robile_reach_goal/robile_reach_goal.egg-info/dependency_links.txt
[1.258s] writing entry points to ../../../../build/robile_reach_goal/robile_reach_goal.egg-info/entry_points.txt
[1.258s] writing requirements to ../../../../build/robile_reach_goal/robile_reach_goal.egg-info/requires.txt
[1.259s] writing top-level names to ../../../../build/robile_reach_goal/robile_reach_goal.egg-info/top_level.txt
[1.259s] writing manifest file '../../../../build/robile_reach_goal/robile_reach_goal.egg-info/SOURCES.txt'
[1.260s] reading manifest file '../../../../build/robile_reach_goal/robile_reach_goal.egg-info/SOURCES.txt'
[1.261s] writing manifest file '../../../../build/robile_reach_goal/robile_reach_goal.egg-info/SOURCES.txt'
[1.261s] running build
[1.261s] running build_py
[1.261s] creating /home/imnotarobot/ros2_ws/build/robile_reach_goal/build
[1.261s] creating /home/imnotarobot/ros2_ws/build/robile_reach_goal/build/lib
[1.262s] creating /home/imnotarobot/ros2_ws/build/robile_reach_goal/build/lib/robile_reach_goal
[1.262s] copying robile_reach_goal/robile_reach_goal.py -> /home/imnotarobot/ros2_ws/build/robile_reach_goal/build/lib/robile_reach_goal
[1.262s] copying robile_reach_goal/__init__.py -> /home/imnotarobot/ros2_ws/build/robile_reach_goal/build/lib/robile_reach_goal
[1.262s] running install
[1.262s] /usr/lib/python3/dist-packages/setuptools/command/install.py:34: SetuptoolsDeprecationWarning: setup.py install is deprecated. Use build and pip and other standards-based tools.
[1.262s]   warnings.warn(
[1.262s] running install_lib
[1.263s] creating /home/imnotarobot/ros2_ws/install/robile_reach_goal/lib/python3.10/site-packages/robile_reach_goal
[1.263s] copying /home/imnotarobot/ros2_ws/build/robile_reach_goal/build/lib/robile_reach_goal/robile_reach_goal.py -> /home/imnotarobot/ros2_ws/install/robile_reach_goal/lib/python3.10/site-packages/robile_reach_goal
[1.263s] copying /home/imnotarobot/ros2_ws/build/robile_reach_goal/build/lib/robile_reach_goal/__init__.py -> /home/imnotarobot/ros2_ws/install/robile_reach_goal/lib/python3.10/site-packages/robile_reach_goal
[1.264s] byte-compiling /home/imnotarobot/ros2_ws/install/robile_reach_goal/lib/python3.10/site-packages/robile_reach_goal/robile_reach_goal.py to robile_reach_goal.cpython-310.pyc
[1.265s] byte-compiling /home/imnotarobot/ros2_ws/install/robile_reach_goal/lib/python3.10/site-packages/robile_reach_goal/__init__.py to __init__.cpython-310.pyc
[1.265s] running install_data
[1.265s] creating /home/imnotarobot/ros2_ws/install/robile_reach_goal/share/ament_index
[1.265s] creating /home/imnotarobot/ros2_ws/install/robile_reach_goal/share/ament_index/resource_index
[1.265s] creating /home/imnotarobot/ros2_ws/install/robile_reach_goal/share/ament_index/resource_index/packages
[1.265s] copying resource/robile_reach_goal -> /home/imnotarobot/ros2_ws/install/robile_reach_goal/share/ament_index/resource_index/packages
[1.265s] copying package.xml -> /home/imnotarobot/ros2_ws/install/robile_reach_goal/share/robile_reach_goal
[1.266s] running install_egg_info
[1.266s] Copying ../../../../build/robile_reach_goal/robile_reach_goal.egg-info to /home/imnotarobot/ros2_ws/install/robile_reach_goal/lib/python3.10/site-packages/robile_reach_goal-0.0.0-py3.10.egg-info
[1.267s] running install_scripts
[1.282s] Installing robile_reach_goal script to /home/imnotarobot/ros2_ws/install/robile_reach_goal/lib/robile_reach_goal
[1.282s] writing list of installed files to '/home/imnotarobot/ros2_ws/build/robile_reach_goal/install.log'
[1.391s] Invoked command in '/home/imnotarobot/ros2_ws/src/Robile/robile_demos/robile_reach_goal' returned '0': PYTHONPATH=/home/imnotarobot/ros2_ws/build/robile_reach_goal/prefix_override:/home/imnotarobot/ros2_ws/install/robile_reach_goal/lib/python3.10/site-packages:${PYTHONPATH} /usr/bin/python3 setup.py egg_info --egg-base ../../../../build/robile_reach_goal build --build-base /home/imnotarobot/ros2_ws/build/robile_reach_goal/build install --record /home/imnotarobot/ros2_ws/build/robile_reach_goal/install.log --single-version-externally-managed
