[1.809s] Invoking command in '/home/imnotarobot/ros2_ws/src/Robile/robile_demos/robile_reach_goal': PYTHONPATH=/home/imnotarobot/ros2_ws/build/robile_reach_goal/prefix_override:/home/imnotarobot/ros2_ws/install/robile_reach_goal/lib/python3.10/site-packages:${PYTHONPATH} /usr/bin/python3 setup.py egg_info --egg-base ../../../../build/robile_reach_goal build --build-base /home/imnotarobot/ros2_ws/build/robile_reach_goal/build install --record /home/imnotarobot/ros2_ws/build/robile_reach_goal/install.log --single-version-externally-managed
[2.044s] running egg_info
[2.044s] writing ../../../../build/robile_reach_goal/robile_reach_goal.egg-info/PKG-INFO
[2.044s] writing dependency_links to ../../../../build/robile_reach_goal/robile_reach_goal.egg-info/dependency_links.txt
[2.044s] writing entry points to ../../../../build/robile_reach_goal/robile_reach_goal.egg-info/entry_points.txt
[2.045s] writing requirements to ../../../../build/robile_reach_goal/robile_reach_goal.egg-info/requires.txt
[2.045s] writing top-level names to ../../../../build/robile_reach_goal/robile_reach_goal.egg-info/top_level.txt
[2.048s] reading manifest file '../../../../build/robile_reach_goal/robile_reach_goal.egg-info/SOURCES.txt'
[2.049s] writing manifest file '../../../../build/robile_reach_goal/robile_reach_goal.egg-info/SOURCES.txt'
[2.049s] running build
[2.049s] running build_py
[2.050s] running install
[2.051s] /usr/lib/python3/dist-packages/setuptools/command/install.py:34: SetuptoolsDeprecationWarning: setup.py install is deprecated. Use build and pip and other standards-based tools.
[2.051s]   warnings.warn(
[2.051s] running install_lib
[2.052s] running install_data
[2.052s] running install_egg_info
[2.055s] removing '/home/imnotarobot/ros2_ws/install/robile_reach_goal/lib/python3.10/site-packages/robile_reach_goal-0.0.0-py3.10.egg-info' (and everything under it)
[2.055s] Copying ../../../../build/robile_reach_goal/robile_reach_goal.egg-info to /home/imnotarobot/ros2_ws/install/robile_reach_goal/lib/python3.10/site-packages/robile_reach_goal-0.0.0-py3.10.egg-info
[2.055s] running install_scripts
[2.074s] Installing robile_reach_goal script to /home/imnotarobot/ros2_ws/install/robile_reach_goal/lib/robile_reach_goal
[2.074s] writing list of installed files to '/home/imnotarobot/ros2_ws/build/robile_reach_goal/install.log'
[2.236s] Invoked command in '/home/imnotarobot/ros2_ws/src/Robile/robile_demos/robile_reach_goal' returned '0': PYTHONPATH=/home/imnotarobot/ros2_ws/build/robile_reach_goal/prefix_override:/home/imnotarobot/ros2_ws/install/robile_reach_goal/lib/python3.10/site-packages:${PYTHONPATH} /usr/bin/python3 setup.py egg_info --egg-base ../../../../build/robile_reach_goal build --build-base /home/imnotarobot/ros2_ws/build/robile_reach_goal/build install --record /home/imnotarobot/ros2_ws/build/robile_reach_goal/install.log --single-version-externally-managed
