-- Install configuration: ""
-- Up-to-date: /home/imnotarobot/ros2_ws/install/robile_gazebo/share/robile_gazebo//config
-- Up-to-date: /home/imnotarobot/ros2_ws/install/robile_gazebo/share/robile_gazebo//config/rviz
-- Up-to-date: /home/imnotarobot/ros2_ws/install/robile_gazebo/share/robile_gazebo//config/rviz/robile_rolling.rviz
-- Up-to-date: /home/imnotarobot/ros2_ws/install/robile_gazebo/share/robile_gazebo//config/rviz/robile_foxy_nav.rviz
-- Up-to-date: /home/imnotarobot/ros2_ws/install/robile_gazebo/share/robile_gazebo//config/rviz/robile.rviz
-- Up-to-date: /home/imnotarobot/ros2_ws/install/robile_gazebo/share/robile_gazebo//config/doxygen
-- Up-to-date: /home/imnotarobot/ros2_ws/install/robile_gazebo/share/robile_gazebo//config/doxygen/Doxyfile.in
-- Up-to-date: /home/imnotarobot/ros2_ws/install/robile_gazebo/share/robile_gazebo//launch
-- Up-to-date: /home/imnotarobot/ros2_ws/install/robile_gazebo/share/robile_gazebo//launch/gazebo_4_wheel.launch.py
-- Up-to-date: /home/imnotarobot/ros2_ws/install/robile_gazebo/share/robile_gazebo//worlds
-- Up-to-date: /home/imnotarobot/ros2_ws/install/robile_gazebo/share/robile_gazebo//worlds/potential_field_gazebo.world
-- Up-to-date: /home/imnotarobot/ros2_ws/install/robile_gazebo/share/robile_gazebo//worlds/closed_walls.world
-- Up-to-date: /home/imnotarobot/ros2_ws/install/robile_gazebo/share/ament_index/resource_index/package_run_dependencies/robile_gazebo
-- Up-to-date: /home/imnotarobot/ros2_ws/install/robile_gazebo/share/ament_index/resource_index/parent_prefix_path/robile_gazebo
-- Up-to-date: /home/imnotarobot/ros2_ws/install/robile_gazebo/share/robile_gazebo/environment/ament_prefix_path.sh
-- Up-to-date: /home/imnotarobot/ros2_ws/install/robile_gazebo/share/robile_gazebo/environment/ament_prefix_path.dsv
-- Up-to-date: /home/imnotarobot/ros2_ws/install/robile_gazebo/share/robile_gazebo/environment/path.sh
-- Up-to-date: /home/imnotarobot/ros2_ws/install/robile_gazebo/share/robile_gazebo/environment/path.dsv
-- Up-to-date: /home/imnotarobot/ros2_ws/install/robile_gazebo/share/robile_gazebo/local_setup.bash
-- Up-to-date: /home/imnotarobot/ros2_ws/install/robile_gazebo/share/robile_gazebo/local_setup.sh
-- Up-to-date: /home/imnotarobot/ros2_ws/install/robile_gazebo/share/robile_gazebo/local_setup.zsh
-- Up-to-date: /home/imnotarobot/ros2_ws/install/robile_gazebo/share/robile_gazebo/local_setup.dsv
-- Up-to-date: /home/imnotarobot/ros2_ws/install/robile_gazebo/share/robile_gazebo/package.dsv
-- Up-to-date: /home/imnotarobot/ros2_ws/install/robile_gazebo/share/ament_index/resource_index/packages/robile_gazebo
-- Up-to-date: /home/imnotarobot/ros2_ws/install/robile_gazebo/share/robile_gazebo/cmake/ament_cmake_export_include_directories-extras.cmake
-- Up-to-date: /home/imnotarobot/ros2_ws/install/robile_gazebo/share/robile_gazebo/cmake/robile_gazeboConfig.cmake
-- Up-to-date: /home/imnotarobot/ros2_ws/install/robile_gazebo/share/robile_gazebo/cmake/robile_gazeboConfig-version.cmake
-- Up-to-date: /home/imnotarobot/ros2_ws/install/robile_gazebo/share/robile_gazebo/package.xml
