running egg_info
creating ../../../../build/robile_control_simple/robile_control_simple.egg-info
writing ../../../../build/robile_control_simple/robile_control_simple.egg-info/PKG-INFO
writing dependency_links to ../../../../build/robile_control_simple/robile_control_simple.egg-info/dependency_links.txt
writing entry points to ../../../../build/robile_control_simple/robile_control_simple.egg-info/entry_points.txt
writing requirements to ../../../../build/robile_control_simple/robile_control_simple.egg-info/requires.txt
writing top-level names to ../../../../build/robile_control_simple/robile_control_simple.egg-info/top_level.txt
writing manifest file '../../../../build/robile_control_simple/robile_control_simple.egg-info/SOURCES.txt'
reading manifest file '../../../../build/robile_control_simple/robile_control_simple.egg-info/SOURCES.txt'
writing manifest file '../../../../build/robile_control_simple/robile_control_simple.egg-info/SOURCES.txt'
running build
running build_py
creating /home/imnotarobot/ros2_ws/build/robile_control_simple/build
creating /home/imnotarobot/ros2_ws/build/robile_control_simple/build/lib
creating /home/imnotarobot/ros2_ws/build/robile_control_simple/build/lib/robile_control_simple
copying robile_control_simple/__init__.py -> /home/imnotarobot/ros2_ws/build/robile_control_simple/build/lib/robile_control_simple
copying robile_control_simple/robile_control_simple.py -> /home/imnotarobot/ros2_ws/build/robile_control_simple/build/lib/robile_control_simple
running install
/usr/lib/python3/dist-packages/setuptools/command/install.py:34: SetuptoolsDeprecationWarning: setup.py install is deprecated. Use build and pip and other standards-based tools.
  warnings.warn(
running install_lib
creating /home/imnotarobot/ros2_ws/install/robile_control_simple/lib/python3.10/site-packages/robile_control_simple
copying /home/imnotarobot/ros2_ws/build/robile_control_simple/build/lib/robile_control_simple/__init__.py -> /home/imnotarobot/ros2_ws/install/robile_control_simple/lib/python3.10/site-packages/robile_control_simple
copying /home/imnotarobot/ros2_ws/build/robile_control_simple/build/lib/robile_control_simple/robile_control_simple.py -> /home/imnotarobot/ros2_ws/install/robile_control_simple/lib/python3.10/site-packages/robile_control_simple
byte-compiling /home/imnotarobot/ros2_ws/install/robile_control_simple/lib/python3.10/site-packages/robile_control_simple/__init__.py to __init__.cpython-310.pyc
byte-compiling /home/imnotarobot/ros2_ws/install/robile_control_simple/lib/python3.10/site-packages/robile_control_simple/robile_control_simple.py to robile_control_simple.cpython-310.pyc
running install_data
creating /home/imnotarobot/ros2_ws/install/robile_control_simple/share/ament_index
creating /home/imnotarobot/ros2_ws/install/robile_control_simple/share/ament_index/resource_index
creating /home/imnotarobot/ros2_ws/install/robile_control_simple/share/ament_index/resource_index/packages
copying resource/robile_control_simple -> /home/imnotarobot/ros2_ws/install/robile_control_simple/share/ament_index/resource_index/packages
copying package.xml -> /home/imnotarobot/ros2_ws/install/robile_control_simple/share/robile_control_simple
running install_egg_info
Copying ../../../../build/robile_control_simple/robile_control_simple.egg-info to /home/imnotarobot/ros2_ws/install/robile_control_simple/lib/python3.10/site-packages/robile_control_simple-0.0.0-py3.10.egg-info
running install_scripts
Installing circular_motion_publisher script to /home/imnotarobot/ros2_ws/install/robile_control_simple/lib/robile_control_simple
writing list of installed files to '/home/imnotarobot/ros2_ws/build/robile_control_simple/install.log'
