[1.160s] Invoking command in '/home/imnotarobot/ros2_ws/src/Robile/robile_demos/robile_control_simple': PYTHONPATH=/home/imnotarobot/ros2_ws/build/robile_control_simple/prefix_override:/home/imnotarobot/ros2_ws/install/robile_control_simple/lib/python3.10/site-packages:${PYTHONPATH} /usr/bin/python3 setup.py egg_info --egg-base ../../../../build/robile_control_simple build --build-base /home/imnotarobot/ros2_ws/build/robile_control_simple/build install --record /home/imnotarobot/ros2_ws/build/robile_control_simple/install.log --single-version-externally-managed
[1.351s] running egg_info
[1.352s] creating ../../../../build/robile_control_simple/robile_control_simple.egg-info
[1.352s] writing ../../../../build/robile_control_simple/robile_control_simple.egg-info/PKG-INFO
[1.352s] writing dependency_links to ../../../../build/robile_control_simple/robile_control_simple.egg-info/dependency_links.txt
[1.352s] writing entry points to ../../../../build/robile_control_simple/robile_control_simple.egg-info/entry_points.txt
[1.352s] writing requirements to ../../../../build/robile_control_simple/robile_control_simple.egg-info/requires.txt
[1.353s] writing top-level names to ../../../../build/robile_control_simple/robile_control_simple.egg-info/top_level.txt
[1.353s] writing manifest file '../../../../build/robile_control_simple/robile_control_simple.egg-info/SOURCES.txt'
[1.354s] reading manifest file '../../../../build/robile_control_simple/robile_control_simple.egg-info/SOURCES.txt'
[1.355s] writing manifest file '../../../../build/robile_control_simple/robile_control_simple.egg-info/SOURCES.txt'
[1.355s] running build
[1.355s] running build_py
[1.355s] creating /home/imnotarobot/ros2_ws/build/robile_control_simple/build
[1.356s] creating /home/imnotarobot/ros2_ws/build/robile_control_simple/build/lib
[1.356s] creating /home/imnotarobot/ros2_ws/build/robile_control_simple/build/lib/robile_control_simple
[1.356s] copying robile_control_simple/__init__.py -> /home/imnotarobot/ros2_ws/build/robile_control_simple/build/lib/robile_control_simple
[1.356s] copying robile_control_simple/robile_control_simple.py -> /home/imnotarobot/ros2_ws/build/robile_control_simple/build/lib/robile_control_simple
[1.356s] running install
[1.357s] /usr/lib/python3/dist-packages/setuptools/command/install.py:34: SetuptoolsDeprecationWarning: setup.py install is deprecated. Use build and pip and other standards-based tools.
[1.357s]   warnings.warn(
[1.357s] running install_lib
[1.358s] creating /home/imnotarobot/ros2_ws/install/robile_control_simple/lib/python3.10/site-packages/robile_control_simple
[1.358s] copying /home/imnotarobot/ros2_ws/build/robile_control_simple/build/lib/robile_control_simple/__init__.py -> /home/imnotarobot/ros2_ws/install/robile_control_simple/lib/python3.10/site-packages/robile_control_simple
[1.358s] copying /home/imnotarobot/ros2_ws/build/robile_control_simple/build/lib/robile_control_simple/robile_control_simple.py -> /home/imnotarobot/ros2_ws/install/robile_control_simple/lib/python3.10/site-packages/robile_control_simple
[1.359s] byte-compiling /home/imnotarobot/ros2_ws/install/robile_control_simple/lib/python3.10/site-packages/robile_control_simple/__init__.py to __init__.cpython-310.pyc
[1.360s] byte-compiling /home/imnotarobot/ros2_ws/install/robile_control_simple/lib/python3.10/site-packages/robile_control_simple/robile_control_simple.py to robile_control_simple.cpython-310.pyc
[1.360s] running install_data
[1.361s] creating /home/imnotarobot/ros2_ws/install/robile_control_simple/share/ament_index
[1.361s] creating /home/imnotarobot/ros2_ws/install/robile_control_simple/share/ament_index/resource_index
[1.362s] creating /home/imnotarobot/ros2_ws/install/robile_control_simple/share/ament_index/resource_index/packages
[1.362s] copying resource/robile_control_simple -> /home/imnotarobot/ros2_ws/install/robile_control_simple/share/ament_index/resource_index/packages
[1.362s] copying package.xml -> /home/imnotarobot/ros2_ws/install/robile_control_simple/share/robile_control_simple
[1.362s] running install_egg_info
[1.364s] Copying ../../../../build/robile_control_simple/robile_control_simple.egg-info to /home/imnotarobot/ros2_ws/install/robile_control_simple/lib/python3.10/site-packages/robile_control_simple-0.0.0-py3.10.egg-info
[1.364s] running install_scripts
[1.379s] Installing circular_motion_publisher script to /home/imnotarobot/ros2_ws/install/robile_control_simple/lib/robile_control_simple
[1.379s] writing list of installed files to '/home/imnotarobot/ros2_ws/build/robile_control_simple/install.log'
[1.444s] Invoked command in '/home/imnotarobot/ros2_ws/src/Robile/robile_demos/robile_control_simple' returned '0': PYTHONPATH=/home/imnotarobot/ros2_ws/build/robile_control_simple/prefix_override:/home/imnotarobot/ros2_ws/install/robile_control_simple/lib/python3.10/site-packages:${PYTHONPATH} /usr/bin/python3 setup.py egg_info --egg-base ../../../../build/robile_control_simple build --build-base /home/imnotarobot/ros2_ws/build/robile_control_simple/build install --record /home/imnotarobot/ros2_ws/build/robile_control_simple/install.log --single-version-externally-managed
