[0.000000] (-) TimerEvent: {}
[0.000234] (-) JobUnselected: {'identifier': 'kelo_tulip'}
[0.000281] (-) JobUnselected: {'identifier': 'py_trees_ros'}
[0.000315] (-) JobUnselected: {'identifier': 'robile_bringup'}
[0.000329] (-) JobUnselected: {'identifier': 'robile_control_simple'}
[0.000356] (-) JobUnselected: {'identifier': 'robile_description'}
[0.000394] (-) JobUnselected: {'identifier': 'robile_gazebo'}
[0.000407] (-) JobUnselected: {'identifier': 'robile_interfaces'}
[0.000419] (-) JobUnselected: {'identifier': 'robile_reach_goal'}
[0.000447] (robile_navigation) JobQueued: {'identifier': 'robile_navigation', 'dependencies': OrderedDict([('robile_interfaces', '/home/imnotarobot/ros2_ws/install/robile_interfaces')])}
[0.000471] (robile_navigation) JobStarted: {'identifier': 'robile_navigation'}
[0.066531] (robile_navigation) JobProgress: {'identifier': 'robile_navigation', 'progress': 'cmake'}
[0.067147] (robile_navigation) JobProgress: {'identifier': 'robile_navigation', 'progress': 'build'}
[0.067243] (robile_navigation) Command: {'cmd': ['/usr/bin/cmake', '--build', '/home/imnotarobot/ros2_ws/build/robile_navigation', '--', '-j12', '-l12'], 'cwd': '/home/imnotarobot/ros2_ws/build/robile_navigation', 'env': OrderedDict([('LANGUAGE', 'en'), ('ROBOT_ENV', 'map1'), ('USER', 'imnotarobot'), ('LC_TIME', 'de_DE.UTF-8'), ('XDG_SESSION_TYPE', 'x11'), ('SHLVL', '1'), ('LD_LIBRARY_PATH', '/home/imnotarobot/ros2_ws/install/robile_interfaces/lib:/usr/lib/x86_64-linux-gnu/gazebo-11/plugins:/opt/ros/humble/opt/rviz_ogre_vendor/lib:/opt/ros/humble/lib/x86_64-linux-gnu:/opt/ros/humble/lib'), ('HOME', '/home/imnotarobot'), ('OLDPWD', '/home/imnotarobot/ros2_ws'), ('DESKTOP_SESSION', 'ubuntu'), ('ROS_PYTHON_VERSION', '3'), ('GNOME_SHELL_SESSION_MODE', 'ubuntu'), ('GTK_MODULES', 'gail:atk-bridge'), ('LC_MONETARY', 'de_DE.UTF-8'), ('DBUS_STARTER_BUS_TYPE', 'session'), ('SYSTEMD_EXEC_PID', '14136'), ('DBUS_SESSION_BUS_ADDRESS', 'unix:path=/run/user/1001/bus,guid=8c35dbba40c3d834dce7401765956e90'), ('COLORTERM', 'truecolor'), ('COLCON_PREFIX_PATH', '/home/imnotarobot/ros2_ws/install'), ('ROS_DISTRO', 'humble'), ('GTK_IM_MODULE', 'ibus'), ('LOGNAME', 'imnotarobot'), ('_', '/usr/bin/colcon'), ('ROS_VERSION', '2'), ('XDG_SESSION_CLASS', 'user'), ('USERNAME', 'imnotarobot'), ('TERM', 'xterm-256color'), ('GNOME_DESKTOP_SESSION_ID', 'this-is-deprecated'), ('ROBOT_NAME', 'robile_gazebo'), ('ROS_LOCALHOST_ONLY', '1'), ('WINDOWPATH', '3'), ('PATH', '/home/imnotarobot/ros2_ws/install/py_trees_ros/bin:/opt/ros/humble/bin:/home/imnotarobot/.local/bin:/usr/local/sbin:/usr/local/bin:/usr/sbin:/usr/bin:/sbin:/bin:/usr/games:/usr/local/games:/snap/bin:/snap/bin'), ('SESSION_MANAGER', 'local/primel:@/tmp/.ICE-unix/14136,unix/primel:/tmp/.ICE-unix/14136'), ('XDG_MENU_PREFIX', 'gnome-'), ('LC_ADDRESS', 'de_DE.UTF-8'), ('GNOME_TERMINAL_SCREEN', '/org/gnome/Terminal/screen/d9c9fa74_70c2_4b24_b576_2ca26d83fda5'), ('XDG_RUNTIME_DIR', '/run/user/1001'), ('DISPLAY', ':2'), ('LANG', 'en_US.UTF-8'), ('XDG_CURRENT_DESKTOP', 'ubuntu:GNOME'), ('LC_TELEPHONE', 'de_DE.UTF-8'), ('XMODIFIERS', '@im=ibus'), ('XDG_SESSION_DESKTOP', 'ubuntu'), ('XAUTHORITY', '/run/user/1001/gdm/Xauthority'), ('GNOME_TERMINAL_SERVICE', ':1.209'), ('SSH_AGENT_LAUNCHER', 'gnome-keyring'), ('SSH_AUTH_SOCK', '/run/user/1001/keyring/ssh'), ('ROS_DOMAIN_ID', '0'), ('AMENT_PREFIX_PATH', '/home/imnotarobot/ros2_ws/install/robile_reach_goal:/home/imnotarobot/ros2_ws/install/robile_navigation:/home/imnotarobot/ros2_ws/install/robile_interfaces:/home/imnotarobot/ros2_ws/install/robile_gazebo:/home/imnotarobot/ros2_ws/install/robile_description:/home/imnotarobot/ros2_ws/install/robile_control_simple:/home/imnotarobot/ros2_ws/install/robile_bringup:/home/imnotarobot/ros2_ws/install/py_trees_ros:/home/imnotarobot/ros2_ws/install/kelo_tulip:/opt/ros/humble'), ('SHELL', '/bin/bash'), ('LC_NAME', 'de_DE.UTF-8'), ('QT_ACCESSIBILITY', '1'), ('GDMSESSION', 'ubuntu'), ('LC_MEASUREMENT', 'de_DE.UTF-8'), ('GPG_AGENT_INFO', '/run/user/1001/gnupg/S.gpg-agent:0:1'), ('LC_IDENTIFICATION', 'de_DE.UTF-8'), ('QT_IM_MODULE', 'ibus'), ('PWD', '/home/imnotarobot/ros2_ws/build/robile_navigation'), ('LC_ALL', 'en_US.UTF-8'), ('XDG_CONFIG_DIRS', '/etc/xdg/xdg-ubuntu:/etc/xdg'), ('DBUS_STARTER_ADDRESS', 'unix:path=/run/user/1001/bus,guid=8c35dbba40c3d834dce7401765956e90'), ('XDG_DATA_DIRS', '/usr/share/ubuntu:/usr/share/gnome:/home/imnotarobot/.local/share/flatpak/exports/share:/var/lib/flatpak/exports/share:/usr/local/share/:/usr/share/:/var/lib/snapd/desktop'), ('PYTHONPATH', '/home/imnotarobot/ros2_ws/install/robile_reach_goal/lib/python3.10/site-packages:/home/imnotarobot/ros2_ws/install/robile_navigation/local/lib/python3.10/dist-packages:/home/imnotarobot/ros2_ws/install/robile_interfaces/local/lib/python3.10/dist-packages:/home/imnotarobot/ros2_ws/install/robile_control_simple/lib/python3.10/site-packages:/home/imnotarobot/ros2_ws/install/robile_bringup/lib/python3.10/site-packages:/home/imnotarobot/ros2_ws/install/py_trees_ros/lib/python3.10/site-packages:/opt/ros/humble/lib/python3.10/site-packages:/opt/ros/humble/local/lib/python3.10/dist-packages'), ('LC_NUMERIC', 'de_DE.UTF-8'), ('LC_PAPER', 'de_DE.UTF-8'), ('COLCON', '1'), ('VTE_VERSION', '6800'), ('CMAKE_PREFIX_PATH', '/home/imnotarobot/ros2_ws/install/robile_interfaces:/home/imnotarobot/ros2_ws/install/robile_navigation:/home/imnotarobot/ros2_ws/install/robile_gazebo:/home/imnotarobot/ros2_ws/install/robile_description:/home/imnotarobot/ros2_ws/install/kelo_tulip:/home/imnotarobot/ros2_ws/install/robile_reach_goal:/home/imnotarobot/ros2_ws/install/robile_control_simple:/home/imnotarobot/ros2_ws/install/robile_bringup:/home/imnotarobot/ros2_ws/install/py_trees_ros:/opt/ros/humble')]), 'shell': False}
[0.099270] (-) TimerEvent: {}
[0.107514] (robile_navigation) StdoutLine: {'line': b'Built target ament_cmake_python_copy_robile_navigation\n'}
[0.199380] (-) TimerEvent: {}
[0.299617] (-) TimerEvent: {}
[0.318023] (robile_navigation) StdoutLine: {'line': b'running egg_info\n'}
[0.318751] (robile_navigation) StdoutLine: {'line': b'writing robile_navigation.egg-info/PKG-INFO\n'}
[0.318870] (robile_navigation) StdoutLine: {'line': b'writing dependency_links to robile_navigation.egg-info/dependency_links.txt\n'}
[0.319014] (robile_navigation) StdoutLine: {'line': b'writing top-level names to robile_navigation.egg-info/top_level.txt\n'}
[0.320613] (robile_navigation) StdoutLine: {'line': b"reading manifest file 'robile_navigation.egg-info/SOURCES.txt'\n"}
[0.321063] (robile_navigation) StdoutLine: {'line': b"writing manifest file 'robile_navigation.egg-info/SOURCES.txt'\n"}
[0.340153] (robile_navigation) StdoutLine: {'line': b'Built target ament_cmake_python_build_robile_navigation_egg\n'}
[0.347630] (robile_navigation) CommandEnded: {'returncode': 0}
[0.362276] (robile_navigation) JobProgress: {'identifier': 'robile_navigation', 'progress': 'install'}
[0.369523] (robile_navigation) Command: {'cmd': ['/usr/bin/cmake', '--install', '/home/imnotarobot/ros2_ws/build/robile_navigation'], 'cwd': '/home/imnotarobot/ros2_ws/build/robile_navigation', 'env': OrderedDict([('LANGUAGE', 'en'), ('ROBOT_ENV', 'map1'), ('USER', 'imnotarobot'), ('LC_TIME', 'de_DE.UTF-8'), ('XDG_SESSION_TYPE', 'x11'), ('SHLVL', '1'), ('LD_LIBRARY_PATH', '/home/imnotarobot/ros2_ws/install/robile_interfaces/lib:/usr/lib/x86_64-linux-gnu/gazebo-11/plugins:/opt/ros/humble/opt/rviz_ogre_vendor/lib:/opt/ros/humble/lib/x86_64-linux-gnu:/opt/ros/humble/lib'), ('HOME', '/home/imnotarobot'), ('OLDPWD', '/home/imnotarobot/ros2_ws'), ('DESKTOP_SESSION', 'ubuntu'), ('ROS_PYTHON_VERSION', '3'), ('GNOME_SHELL_SESSION_MODE', 'ubuntu'), ('GTK_MODULES', 'gail:atk-bridge'), ('LC_MONETARY', 'de_DE.UTF-8'), ('DBUS_STARTER_BUS_TYPE', 'session'), ('SYSTEMD_EXEC_PID', '14136'), ('DBUS_SESSION_BUS_ADDRESS', 'unix:path=/run/user/1001/bus,guid=8c35dbba40c3d834dce7401765956e90'), ('COLORTERM', 'truecolor'), ('COLCON_PREFIX_PATH', '/home/imnotarobot/ros2_ws/install'), ('ROS_DISTRO', 'humble'), ('GTK_IM_MODULE', 'ibus'), ('LOGNAME', 'imnotarobot'), ('_', '/usr/bin/colcon'), ('ROS_VERSION', '2'), ('XDG_SESSION_CLASS', 'user'), ('USERNAME', 'imnotarobot'), ('TERM', 'xterm-256color'), ('GNOME_DESKTOP_SESSION_ID', 'this-is-deprecated'), ('ROBOT_NAME', 'robile_gazebo'), ('ROS_LOCALHOST_ONLY', '1'), ('WINDOWPATH', '3'), ('PATH', '/home/imnotarobot/ros2_ws/install/py_trees_ros/bin:/opt/ros/humble/bin:/home/imnotarobot/.local/bin:/usr/local/sbin:/usr/local/bin:/usr/sbin:/usr/bin:/sbin:/bin:/usr/games:/usr/local/games:/snap/bin:/snap/bin'), ('SESSION_MANAGER', 'local/primel:@/tmp/.ICE-unix/14136,unix/primel:/tmp/.ICE-unix/14136'), ('XDG_MENU_PREFIX', 'gnome-'), ('LC_ADDRESS', 'de_DE.UTF-8'), ('GNOME_TERMINAL_SCREEN', '/org/gnome/Terminal/screen/d9c9fa74_70c2_4b24_b576_2ca26d83fda5'), ('XDG_RUNTIME_DIR', '/run/user/1001'), ('DISPLAY', ':2'), ('LANG', 'en_US.UTF-8'), ('XDG_CURRENT_DESKTOP', 'ubuntu:GNOME'), ('LC_TELEPHONE', 'de_DE.UTF-8'), ('XMODIFIERS', '@im=ibus'), ('XDG_SESSION_DESKTOP', 'ubuntu'), ('XAUTHORITY', '/run/user/1001/gdm/Xauthority'), ('GNOME_TERMINAL_SERVICE', ':1.209'), ('SSH_AGENT_LAUNCHER', 'gnome-keyring'), ('SSH_AUTH_SOCK', '/run/user/1001/keyring/ssh'), ('ROS_DOMAIN_ID', '0'), ('AMENT_PREFIX_PATH', '/home/imnotarobot/ros2_ws/install/robile_reach_goal:/home/imnotarobot/ros2_ws/install/robile_navigation:/home/imnotarobot/ros2_ws/install/robile_interfaces:/home/imnotarobot/ros2_ws/install/robile_gazebo:/home/imnotarobot/ros2_ws/install/robile_description:/home/imnotarobot/ros2_ws/install/robile_control_simple:/home/imnotarobot/ros2_ws/install/robile_bringup:/home/imnotarobot/ros2_ws/install/py_trees_ros:/home/imnotarobot/ros2_ws/install/kelo_tulip:/opt/ros/humble'), ('SHELL', '/bin/bash'), ('LC_NAME', 'de_DE.UTF-8'), ('QT_ACCESSIBILITY', '1'), ('GDMSESSION', 'ubuntu'), ('LC_MEASUREMENT', 'de_DE.UTF-8'), ('GPG_AGENT_INFO', '/run/user/1001/gnupg/S.gpg-agent:0:1'), ('LC_IDENTIFICATION', 'de_DE.UTF-8'), ('QT_IM_MODULE', 'ibus'), ('PWD', '/home/imnotarobot/ros2_ws/build/robile_navigation'), ('LC_ALL', 'en_US.UTF-8'), ('XDG_CONFIG_DIRS', '/etc/xdg/xdg-ubuntu:/etc/xdg'), ('DBUS_STARTER_ADDRESS', 'unix:path=/run/user/1001/bus,guid=8c35dbba40c3d834dce7401765956e90'), ('XDG_DATA_DIRS', '/usr/share/ubuntu:/usr/share/gnome:/home/imnotarobot/.local/share/flatpak/exports/share:/var/lib/flatpak/exports/share:/usr/local/share/:/usr/share/:/var/lib/snapd/desktop'), ('PYTHONPATH', '/home/imnotarobot/ros2_ws/install/robile_reach_goal/lib/python3.10/site-packages:/home/imnotarobot/ros2_ws/install/robile_navigation/local/lib/python3.10/dist-packages:/home/imnotarobot/ros2_ws/install/robile_interfaces/local/lib/python3.10/dist-packages:/home/imnotarobot/ros2_ws/install/robile_control_simple/lib/python3.10/site-packages:/home/imnotarobot/ros2_ws/install/robile_bringup/lib/python3.10/site-packages:/home/imnotarobot/ros2_ws/install/py_trees_ros/lib/python3.10/site-packages:/opt/ros/humble/lib/python3.10/site-packages:/opt/ros/humble/local/lib/python3.10/dist-packages'), ('LC_NUMERIC', 'de_DE.UTF-8'), ('LC_PAPER', 'de_DE.UTF-8'), ('COLCON', '1'), ('VTE_VERSION', '6800'), ('CMAKE_PREFIX_PATH', '/home/imnotarobot/ros2_ws/install/robile_interfaces:/home/imnotarobot/ros2_ws/install/robile_navigation:/home/imnotarobot/ros2_ws/install/robile_gazebo:/home/imnotarobot/ros2_ws/install/robile_description:/home/imnotarobot/ros2_ws/install/kelo_tulip:/home/imnotarobot/ros2_ws/install/robile_reach_goal:/home/imnotarobot/ros2_ws/install/robile_control_simple:/home/imnotarobot/ros2_ws/install/robile_bringup:/home/imnotarobot/ros2_ws/install/py_trees_ros:/opt/ros/humble')]), 'shell': False}
[0.374244] (robile_navigation) StdoutLine: {'line': b'-- Install configuration: ""\n'}
[0.374323] (robile_navigation) StdoutLine: {'line': b'-- Up-to-date: /home/imnotarobot/ros2_ws/install/robile_navigation/share/robile_navigation/launch\n'}
[0.374417] (robile_navigation) StdoutLine: {'line': b'-- Up-to-date: /home/imnotarobot/ros2_ws/install/robile_navigation/share/robile_navigation/launch/navigation.launch.py\n'}
[0.374543] (robile_navigation) StdoutLine: {'line': b'-- Up-to-date: /home/imnotarobot/ros2_ws/install/robile_navigation/share/robile_navigation/launch/robile_nav2_bringup.launch.py\n'}
[0.374602] (robile_navigation) StdoutLine: {'line': b'-- Up-to-date: /home/imnotarobot/ros2_ws/install/robile_navigation/share/robile_navigation/launch/localization.launch.py\n'}
[0.374653] (robile_navigation) StdoutLine: {'line': b'-- Up-to-date: /home/imnotarobot/ros2_ws/install/robile_navigation/share/robile_navigation/launch/online_async.launch.py\n'}
[0.374701] (robile_navigation) StdoutLine: {'line': b'-- Up-to-date: /home/imnotarobot/ros2_ws/install/robile_navigation/share/robile_navigation/launch/landmark_based_localisation.launch.py\n'}
[0.374761] (robile_navigation) StdoutLine: {'line': b'-- Up-to-date: /home/imnotarobot/ros2_ws/install/robile_navigation/share/robile_navigation/config\n'}
[0.374819] (robile_navigation) StdoutLine: {'line': b'-- Up-to-date: /home/imnotarobot/ros2_ws/install/robile_navigation/share/robile_navigation/config/nav2_params.yaml\n'}
[0.374867] (robile_navigation) StdoutLine: {'line': b'-- Up-to-date: /home/imnotarobot/ros2_ws/install/robile_navigation/share/robile_navigation/config/smacPlannerLattice.json\n'}
[0.374926] (robile_navigation) StdoutLine: {'line': b'-- Up-to-date: /home/imnotarobot/ros2_ws/install/robile_navigation/share/robile_navigation/config/mapper_params_online_async.yaml\n'}
[0.374973] (robile_navigation) StdoutLine: {'line': b'-- Up-to-date: /home/imnotarobot/ros2_ws/install/robile_navigation/share/robile_navigation/config/robile_nav_params.yaml\n'}
[0.375020] (robile_navigation) StdoutLine: {'line': b'-- Up-to-date: /home/imnotarobot/ros2_ws/install/robile_navigation/share/robile_navigation/config/amcl_config.yaml\n'}
[0.375067] (robile_navigation) StdoutLine: {'line': b'-- Up-to-date: /home/imnotarobot/ros2_ws/install/robile_navigation/share/robile_navigation/config/robile_ros2_nav.rviz\n'}
[0.375131] (robile_navigation) StdoutLine: {'line': b'-- Up-to-date: /home/imnotarobot/ros2_ws/install/robile_navigation/share/robile_navigation/maps\n'}
[0.375212] (robile_navigation) StdoutLine: {'line': b'-- Up-to-date: /home/imnotarobot/ros2_ws/install/robile_navigation/share/robile_navigation/maps/map1.pgm\n'}
[0.375276] (robile_navigation) StdoutLine: {'line': b'-- Up-to-date: /home/imnotarobot/ros2_ws/install/robile_navigation/share/robile_navigation/maps/map.yaml\n'}
[0.375321] (robile_navigation) StdoutLine: {'line': b'-- Up-to-date: /home/imnotarobot/ros2_ws/install/robile_navigation/share/robile_navigation/maps/map1.yaml\n'}
[0.375367] (robile_navigation) StdoutLine: {'line': b'-- Up-to-date: /home/imnotarobot/ros2_ws/install/robile_navigation/share/robile_navigation/maps/closed_walls_map.pgm\n'}
[0.375413] (robile_navigation) StdoutLine: {'line': b'-- Up-to-date: /home/imnotarobot/ros2_ws/install/robile_navigation/share/robile_navigation/maps/map.pgm\n'}
[0.375458] (robile_navigation) StdoutLine: {'line': b'-- Up-to-date: /home/imnotarobot/ros2_ws/install/robile_navigation/share/robile_navigation/maps/closed_walls_map.yaml\n'}
[0.375503] (robile_navigation) StdoutLine: {'line': b'-- Up-to-date: /home/imnotarobot/ros2_ws/install/robile_navigation/share/robile_navigation/environment/pythonpath.sh\n'}
[0.375548] (robile_navigation) StdoutLine: {'line': b'-- Up-to-date: /home/imnotarobot/ros2_ws/install/robile_navigation/share/robile_navigation/environment/pythonpath.dsv\n'}
[0.375593] (robile_navigation) StdoutLine: {'line': b'-- Up-to-date: /home/imnotarobot/ros2_ws/install/robile_navigation/local/lib/python3.10/dist-packages/robile_navigation-0.0.0-py3.10.egg-info\n'}
[0.375639] (robile_navigation) StdoutLine: {'line': b'-- Installing: /home/imnotarobot/ros2_ws/install/robile_navigation/local/lib/python3.10/dist-packages/robile_navigation-0.0.0-py3.10.egg-info/dependency_links.txt\n'}
[0.375685] (robile_navigation) StdoutLine: {'line': b'-- Installing: /home/imnotarobot/ros2_ws/install/robile_navigation/local/lib/python3.10/dist-packages/robile_navigation-0.0.0-py3.10.egg-info/top_level.txt\n'}
[0.375731] (robile_navigation) StdoutLine: {'line': b'-- Installing: /home/imnotarobot/ros2_ws/install/robile_navigation/local/lib/python3.10/dist-packages/robile_navigation-0.0.0-py3.10.egg-info/SOURCES.txt\n'}
[0.375803] (robile_navigation) StdoutLine: {'line': b'-- Installing: /home/imnotarobot/ros2_ws/install/robile_navigation/local/lib/python3.10/dist-packages/robile_navigation-0.0.0-py3.10.egg-info/PKG-INFO\n'}
[0.375866] (robile_navigation) StdoutLine: {'line': b'-- Up-to-date: /home/imnotarobot/ros2_ws/install/robile_navigation/local/lib/python3.10/dist-packages/robile_navigation\n'}
[0.375912] (robile_navigation) StdoutLine: {'line': b'-- Up-to-date: /home/imnotarobot/ros2_ws/install/robile_navigation/local/lib/python3.10/dist-packages/robile_navigation/__init__.py\n'}
[0.399044] (robile_navigation) StdoutLine: {'line': b"Listing '/home/imnotarobot/ros2_ws/install/robile_navigation/local/lib/python3.10/dist-packages/robile_navigation'...\n"}
[0.399674] (-) TimerEvent: {}
[0.401803] (robile_navigation) StdoutLine: {'line': b'-- Up-to-date: /home/imnotarobot/ros2_ws/install/robile_navigation/lib/robile_navigation/robile_rfid_tag_finder.py\n'}
[0.401954] (robile_navigation) StdoutLine: {'line': b'-- Up-to-date: /home/imnotarobot/ros2_ws/install/robile_navigation/share/ament_index/resource_index/package_run_dependencies/robile_navigation\n'}
[0.402037] (robile_navigation) StdoutLine: {'line': b'-- Up-to-date: /home/imnotarobot/ros2_ws/install/robile_navigation/share/ament_index/resource_index/parent_prefix_path/robile_navigation\n'}
[0.402085] (robile_navigation) StdoutLine: {'line': b'-- Up-to-date: /home/imnotarobot/ros2_ws/install/robile_navigation/share/robile_navigation/environment/ament_prefix_path.sh\n'}
[0.402133] (robile_navigation) StdoutLine: {'line': b'-- Up-to-date: /home/imnotarobot/ros2_ws/install/robile_navigation/share/robile_navigation/environment/ament_prefix_path.dsv\n'}
[0.402181] (robile_navigation) StdoutLine: {'line': b'-- Up-to-date: /home/imnotarobot/ros2_ws/install/robile_navigation/share/robile_navigation/environment/path.sh\n'}
[0.402229] (robile_navigation) StdoutLine: {'line': b'-- Up-to-date: /home/imnotarobot/ros2_ws/install/robile_navigation/share/robile_navigation/environment/path.dsv\n'}
[0.402275] (robile_navigation) StdoutLine: {'line': b'-- Up-to-date: /home/imnotarobot/ros2_ws/install/robile_navigation/share/robile_navigation/local_setup.bash\n'}
[0.402322] (robile_navigation) StdoutLine: {'line': b'-- Up-to-date: /home/imnotarobot/ros2_ws/install/robile_navigation/share/robile_navigation/local_setup.sh\n'}
[0.402369] (robile_navigation) StdoutLine: {'line': b'-- Up-to-date: /home/imnotarobot/ros2_ws/install/robile_navigation/share/robile_navigation/local_setup.zsh\n'}
[0.402415] (robile_navigation) StdoutLine: {'line': b'-- Up-to-date: /home/imnotarobot/ros2_ws/install/robile_navigation/share/robile_navigation/local_setup.dsv\n'}
[0.402462] (robile_navigation) StdoutLine: {'line': b'-- Installing: /home/imnotarobot/ros2_ws/install/robile_navigation/share/robile_navigation/package.dsv\n'}
[0.402530] (robile_navigation) StdoutLine: {'line': b'-- Up-to-date: /home/imnotarobot/ros2_ws/install/robile_navigation/share/ament_index/resource_index/packages/robile_navigation\n'}
[0.402575] (robile_navigation) StdoutLine: {'line': b'-- Up-to-date: /home/imnotarobot/ros2_ws/install/robile_navigation/share/robile_navigation/cmake/robile_navigationConfig.cmake\n'}
[0.402626] (robile_navigation) StdoutLine: {'line': b'-- Up-to-date: /home/imnotarobot/ros2_ws/install/robile_navigation/share/robile_navigation/cmake/robile_navigationConfig-version.cmake\n'}
[0.402670] (robile_navigation) StdoutLine: {'line': b'-- Up-to-date: /home/imnotarobot/ros2_ws/install/robile_navigation/share/robile_navigation/package.xml\n'}
[0.403505] (robile_navigation) CommandEnded: {'returncode': 0}
[0.499751] (-) TimerEvent: {}
[0.527078] (robile_navigation) JobEnded: {'identifier': 'robile_navigation', 'rc': 0}
[0.527787] (-) EventReactorShutdown: {}
