[2.068s] Invoking command in '/home/imnotarobot/ros2_ws/src/py_trees_ros': PYTHONPATH=/home/imnotarobot/ros2_ws/build/py_trees_ros/prefix_override:/home/imnotarobot/ros2_ws/install/py_trees_ros/lib/python3.10/site-packages:${PYTHONPATH} /usr/bin/python3 setup.py egg_info --egg-base ../../build/py_trees_ros build --build-base /home/imnotarobot/ros2_ws/build/py_trees_ros/build install --record /home/imnotarobot/ros2_ws/build/py_trees_ros/install.log --single-version-externally-managed
[2.304s] running egg_info
[2.304s] writing ../../build/py_trees_ros/py_trees_ros.egg-info/PKG-INFO
[2.305s] writing dependency_links to ../../build/py_trees_ros/py_trees_ros.egg-info/dependency_links.txt
[2.305s] writing entry points to ../../build/py_trees_ros/py_trees_ros.egg-info/entry_points.txt
[2.305s] writing top-level names to ../../build/py_trees_ros/py_trees_ros.egg-info/top_level.txt
[2.308s] reading manifest file '../../build/py_trees_ros/py_trees_ros.egg-info/SOURCES.txt'
[2.309s] adding license file 'LICENSE'
[2.310s] writing manifest file '../../build/py_trees_ros/py_trees_ros.egg-info/SOURCES.txt'
[2.310s] running build
[2.310s] running build_py
[2.311s] running install
[2.311s] /usr/lib/python3/dist-packages/setuptools/command/install.py:34: SetuptoolsDeprecationWarning: setup.py install is deprecated. Use build and pip and other standards-based tools.
[2.312s]   warnings.warn(
[2.312s] running install_lib
[2.313s] running install_data
[2.314s] running install_egg_info
[2.318s] removing '/home/imnotarobot/ros2_ws/install/py_trees_ros/lib/python3.10/site-packages/py_trees_ros-2.2.2-py3.10.egg-info' (and everything under it)
[2.318s] Copying ../../build/py_trees_ros/py_trees_ros.egg-info to /home/imnotarobot/ros2_ws/install/py_trees_ros/lib/python3.10/site-packages/py_trees_ros-2.2.2-py3.10.egg-info
[2.319s] running install_scripts
[2.336s] Installing py-trees-blackboard-watcher script to /home/imnotarobot/ros2_ws/install/py_trees_ros/bin
[2.336s] Installing py-trees-tree-watcher script to /home/imnotarobot/ros2_ws/install/py_trees_ros/bin
[2.337s] writing list of installed files to '/home/imnotarobot/ros2_ws/build/py_trees_ros/install.log'
[2.435s] Invoked command in '/home/imnotarobot/ros2_ws/src/py_trees_ros' returned '0': PYTHONPATH=/home/imnotarobot/ros2_ws/build/py_trees_ros/prefix_override:/home/imnotarobot/ros2_ws/install/py_trees_ros/lib/python3.10/site-packages:${PYTHONPATH} /usr/bin/python3 setup.py egg_info --egg-base ../../build/py_trees_ros build --build-base /home/imnotarobot/ros2_ws/build/py_trees_ros/build install --record /home/imnotarobot/ros2_ws/build/py_trees_ros/install.log --single-version-externally-managed
