-- Install configuration: ""
-- Up-to-date: /home/imnotarobot/ros2_ws/install/robile_description/share/robile_description//meshes
-- Up-to-date: /home/imnotarobot/ros2_ws/install/robile_description/share/robile_description//meshes/robile_brick_housing
-- Up-to-date: /home/imnotarobot/ros2_ws/install/robile_description/share/robile_description//meshes/robile_brick_housing/lid_cover_green.dae
-- Up-to-date: /home/imnotarobot/ros2_ws/install/robile_description/share/robile_description//meshes/robile_brick_housing/lid_cover_yellow.dae
-- Up-to-date: /home/imnotarobot/ros2_ws/install/robile_description/share/robile_description//meshes/robile_brick_housing/lid_cover_red.dae
-- Up-to-date: /home/imnotarobot/ros2_ws/install/robile_description/share/robile_description//meshes/robile_brick_housing/lid_cover_blue.dae
-- Up-to-date: /home/imnotarobot/ros2_ws/install/robile_description/share/robile_description//meshes/robile_brick_housing/lid.dae
-- Up-to-date: /home/imnotarobot/ros2_ws/install/robile_description/share/robile_description//meshes/robile_brick_housing/wheeled_brick_housing.dae
-- Up-to-date: /home/imnotarobot/ros2_ws/install/robile_description/share/robile_description//meshes/robile_brick_housing/general_brick_housing.dae
-- Up-to-date: /home/imnotarobot/ros2_ws/install/robile_description/share/robile_description//meshes/passive_caster_wheel
-- Up-to-date: /home/imnotarobot/ros2_ws/install/robile_description/share/robile_description//meshes/passive_caster_wheel/wheel.dae
-- Up-to-date: /home/imnotarobot/ros2_ws/install/robile_description/share/robile_description//meshes/passive_caster_wheel/pivot.dae
-- Up-to-date: /home/imnotarobot/ros2_ws/install/robile_description/share/robile_description//meshes/sensors
-- Up-to-date: /home/imnotarobot/ros2_ws/install/robile_description/share/robile_description//meshes/sensors/sick-lms1xx.dae
-- Up-to-date: /home/imnotarobot/ros2_ws/install/robile_description/share/robile_description//meshes/sensors/hokuyo_convex.dae
-- Up-to-date: /home/imnotarobot/ros2_ws/install/robile_description/share/robile_description//meshes/sensors/hokuyo.dae
-- Up-to-date: /home/imnotarobot/ros2_ws/install/robile_description/share/robile_description//meshes/kelo_drive
-- Up-to-date: /home/imnotarobot/ros2_ws/install/robile_description/share/robile_description//meshes/kelo_drive/kelo_drive_wheel.dae
-- Up-to-date: /home/imnotarobot/ros2_ws/install/robile_description/share/robile_description//meshes/kelo_drive/kelo_drive_base.dae
-- Up-to-date: /home/imnotarobot/ros2_ws/install/robile_description/share/robile_description//robots
-- Up-to-date: /home/imnotarobot/ros2_ws/install/robile_description/share/robile_description//robots/robile3_config.urdf.xacro
-- Up-to-date: /home/imnotarobot/ros2_ws/install/robile_description/share/robile_description//robots/6_wheel_config.urdf.xacro
-- Up-to-date: /home/imnotarobot/ros2_ws/install/robile_description/share/robile_description//robots/4_wheel_config.urdf.xacro
-- Up-to-date: /home/imnotarobot/ros2_ws/install/robile_description/share/robile_description//robots/2_wheel_config.urdf.xacro
-- Up-to-date: /home/imnotarobot/ros2_ws/install/robile_description/share/robile_description//urdf
-- Up-to-date: /home/imnotarobot/ros2_ws/install/robile_description/share/robile_description//urdf/base_macros
-- Up-to-date: /home/imnotarobot/ros2_ws/install/robile_description/share/robile_description//urdf/base_macros/kelo_drive_wheel.urdf.xacro
-- Up-to-date: /home/imnotarobot/ros2_ws/install/robile_description/share/robile_description//urdf/base_macros/passive_caster_wheel.urdf.xacro
-- Up-to-date: /home/imnotarobot/ros2_ws/install/robile_description/share/robile_description//urdf/base_macros/kelo_drive.urdf.xacro
-- Up-to-date: /home/imnotarobot/ros2_ws/install/robile_description/share/robile_description//urdf/base_macros/brick_housing.urdf.xacro
-- Up-to-date: /home/imnotarobot/ros2_ws/install/robile_description/share/robile_description//urdf/base_macros/materials.urdf.xacro
-- Up-to-date: /home/imnotarobot/ros2_ws/install/robile_description/share/robile_description//urdf/base_macros/common.xacro
-- Up-to-date: /home/imnotarobot/ros2_ws/install/robile_description/share/robile_description//urdf/robile_bricks
-- Up-to-date: /home/imnotarobot/ros2_ws/install/robile_description/share/robile_description//urdf/robile_bricks/robile_passive_wheel_brick.urdf.xacro
-- Up-to-date: /home/imnotarobot/ros2_ws/install/robile_description/share/robile_description//urdf/robile_bricks/robile_active_wheel_brick.urdf.xacro
-- Up-to-date: /home/imnotarobot/ros2_ws/install/robile_description/share/robile_description//urdf/robile_bricks/robile_cpu_brick.urdf.xacro
-- Up-to-date: /home/imnotarobot/ros2_ws/install/robile_description/share/robile_description//urdf/robile_bricks/robile_empty_brick.urdf.xacro
-- Up-to-date: /home/imnotarobot/ros2_ws/install/robile_description/share/robile_description//urdf/robile_bricks/robile_slave_battery_brick.urdf.xacro
-- Up-to-date: /home/imnotarobot/ros2_ws/install/robile_description/share/robile_description//urdf/robile_bricks/robile_master_battery_brick.urdf.xacro
-- Up-to-date: /home/imnotarobot/ros2_ws/install/robile_description/share/robile_description//urdf/sensors
-- Up-to-date: /home/imnotarobot/ros2_ws/install/robile_description/share/robile_description//urdf/sensors/hokuyo_urg04_laser.urdf.xacro
-- Up-to-date: /home/imnotarobot/ros2_ws/install/robile_description/share/robile_description//urdf/sensors/sick_lms1xx_mount.urdf.xacro
-- Up-to-date: /home/imnotarobot/ros2_ws/install/robile_description/share/robile_description//urdf/sensors/camera_front.urdf.xacro
-- Up-to-date: /home/imnotarobot/ros2_ws/install/robile_description/share/robile_description//urdf/sensors/hokuyo_urg04_laser.gazebo.xacro
-- Up-to-date: /home/imnotarobot/ros2_ws/install/robile_description/share/robile_description//urdf/sensors/sick_lms1xx.urdf.xacro
-- Up-to-date: /home/imnotarobot/ros2_ws/install/robile_description/share/robile_description//urdf/sensors/camera_front.gazebo.xacro
-- Up-to-date: /home/imnotarobot/ros2_ws/install/robile_description/share/robile_description//gazebo
-- Up-to-date: /home/imnotarobot/ros2_ws/install/robile_description/share/robile_description//gazebo/gazebo_ros_planar_move.xacro
-- Up-to-date: /home/imnotarobot/ros2_ws/install/robile_description/share/robile_description//gazebo/gazebo_ros_control.xacro
-- Up-to-date: /home/imnotarobot/ros2_ws/install/robile_description/share/robile_description//gazebo/gazebo_robile_laser_scanner.xacro
-- Up-to-date: /home/imnotarobot/ros2_ws/install/robile_description/share/robile_description//gazebo/gazebo_robile.xacro
-- Up-to-date: /home/imnotarobot/ros2_ws/install/robile_description/share/robile_description//gazebo/gazebo_robile_laserscanner_camera.xacro
-- Up-to-date: /home/imnotarobot/ros2_ws/install/robile_description/share/ament_index/resource_index/package_run_dependencies/robile_description
-- Up-to-date: /home/imnotarobot/ros2_ws/install/robile_description/share/ament_index/resource_index/parent_prefix_path/robile_description
-- Up-to-date: /home/imnotarobot/ros2_ws/install/robile_description/share/robile_description/environment/ament_prefix_path.sh
-- Up-to-date: /home/imnotarobot/ros2_ws/install/robile_description/share/robile_description/environment/ament_prefix_path.dsv
-- Up-to-date: /home/imnotarobot/ros2_ws/install/robile_description/share/robile_description/environment/path.sh
-- Up-to-date: /home/imnotarobot/ros2_ws/install/robile_description/share/robile_description/environment/path.dsv
-- Up-to-date: /home/imnotarobot/ros2_ws/install/robile_description/share/robile_description/local_setup.bash
-- Up-to-date: /home/imnotarobot/ros2_ws/install/robile_description/share/robile_description/local_setup.sh
-- Up-to-date: /home/imnotarobot/ros2_ws/install/robile_description/share/robile_description/local_setup.zsh
-- Up-to-date: /home/imnotarobot/ros2_ws/install/robile_description/share/robile_description/local_setup.dsv
-- Up-to-date: /home/imnotarobot/ros2_ws/install/robile_description/share/robile_description/package.dsv
-- Up-to-date: /home/imnotarobot/ros2_ws/install/robile_description/share/ament_index/resource_index/packages/robile_description
-- Up-to-date: /home/imnotarobot/ros2_ws/install/robile_description/share/robile_description/cmake/robile_descriptionConfig.cmake
-- Up-to-date: /home/imnotarobot/ros2_ws/install/robile_description/share/robile_description/cmake/robile_descriptionConfig-version.cmake
-- Up-to-date: /home/imnotarobot/ros2_ws/install/robile_description/share/robile_description/package.xml
