[0.071s] Invoking command in '/home/imnotarobot/ros2_ws/build/robile_gazebo': CMAKE_PREFIX_PATH=${CMAKE_PREFIX_PATH}:/home/imnotarobot/ros2_ws/install/robile_reach_goal:/home/imnotarobot/ros2_ws/install/robile_control_simple:/home/imnotarobot/ros2_ws/install/robile_bringup:/opt/ros/humble /usr/bin/cmake /home/imnotarobot/ros2_ws/src/robile_gazebo -DCMAKE_INSTALL_PREFIX=/home/imnotarobot/ros2_ws/install/robile_gazebo
[0.118s] -- The C compiler identification is GNU 11.4.0
[0.164s] -- The CXX compiler identification is GNU 11.4.0
[0.172s] -- Detecting C compiler ABI info
[0.246s] -- Detecting C compiler ABI info - done
[0.256s] -- Check for working C compiler: /usr/bin/cc - skipped
[0.256s] -- Detecting C compile features
[0.257s] -- Detecting C compile features - done
[0.260s] -- Detecting CXX compiler ABI info
[0.329s] -- Detecting CXX compiler ABI info - done
[0.341s] -- Check for working CXX compiler: /usr/bin/c++ - skipped
[0.342s] -- Detecting CXX compile features
[0.342s] -- Detecting CXX compile features - done
[0.345s] -- Found ament_cmake: 1.3.6 (/opt/ros/humble/share/ament_cmake/cmake)
[0.514s] -- Found Python3: /usr/bin/python3.10 (found version "3.10.12") found components: Interpreter 
[0.707s] -- Found rclcpp: 16.0.7 (/opt/ros/humble/share/rclcpp/cmake)
[0.776s] -- Found rosidl_generator_c: 3.1.5 (/opt/ros/humble/share/rosidl_generator_c/cmake)
[0.782s] -- Found rosidl_adapter: 3.1.5 (/opt/ros/humble/share/rosidl_adapter/cmake)
[0.793s] -- Found rosidl_generator_cpp: 3.1.5 (/opt/ros/humble/share/rosidl_generator_cpp/cmake)
[0.807s] -- Using all available rosidl_typesupport_c: rosidl_typesupport_fastrtps_c;rosidl_typesupport_introspection_c
[0.832s] -- Using all available rosidl_typesupport_cpp: rosidl_typesupport_fastrtps_cpp;rosidl_typesupport_introspection_cpp
[0.932s] -- Found rmw_implementation_cmake: 6.1.1 (/opt/ros/humble/share/rmw_implementation_cmake/cmake)
[0.936s] -- Found rmw_fastrtps_cpp: 6.2.5 (/opt/ros/humble/share/rmw_fastrtps_cpp/cmake)
[1.041s] -- Found OpenSSL: /usr/lib/x86_64-linux-gnu/libcrypto.so (found version "3.0.2")  
[1.062s] -- Found FastRTPS: /opt/ros/humble/include  
[1.107s] -- Using RMW implementation 'rmw_fastrtps_cpp' as default
[1.115s] -- Looking for pthread.h
[1.166s] -- Looking for pthread.h - found
[1.166s] -- Performing Test CMAKE_HAVE_LIBC_PTHREAD
[1.246s] -- Performing Test CMAKE_HAVE_LIBC_PTHREAD - Success
[1.248s] -- Found Threads: TRUE  
[1.502s] [33mCMake Warning (dev) at /usr/share/cmake-3.22/Modules/FindPackageHandleStandardArgs.cmake:438 (message):
[1.502s]   The package name passed to `find_package_handle_standard_args` (PkgConfig)
[1.502s]   does not match the name of the calling package (gazebo).  This can lead to
[1.502s]   problems in calling code that expects `find_package` result variables
[1.503s]   (e.g., `_FOUND`) to follow a certain pattern.
[1.503s] Call Stack (most recent call first):
[1.503s]   /usr/share/cmake-3.22/Modules/FindPkgConfig.cmake:99 (find_package_handle_standard_args)
[1.503s]   /usr/lib/x86_64-linux-gnu/cmake/gazebo/gazebo-config.cmake:72 (include)
[1.503s]   CMakeLists.txt:16 (find_package)
[1.503s] This warning is for project developers.  Use -Wno-dev to suppress it.
[1.503s] [0m
[1.503s] -- Found PkgConfig: /usr/bin/pkg-config (found version "0.29.2") 
[1.504s] -- Checking for module 'bullet>=2.82'
[1.515s] --   Found bullet, version 3.05
[1.605s] -- Found fcl: /usr/include (found suitable version "0.7.0", minimum required is "0.5.0") 
[1.643s] -- Found assimp: /usr/include (found version "5.2.0") 
[1.668s] -- Found DART: /usr/include (Required is at least version "6.6") found components: dart 
[1.695s] -- Found Boost: /usr/lib/x86_64-linux-gnu/cmake/Boost-1.74.0/BoostConfig.cmake (found suitable version "1.74.0", minimum required is "1.40.0") found components: thread system filesystem program_options regex iostreams date_time 
[1.716s] -- Found Protobuf: /usr/lib/x86_64-linux-gnu/libprotobuf.so (found version "3.12.4") 
[1.720s] -- Looking for ignition-math6 -- found version 6.15.0
[1.726s] -- Searching for dependencies of ignition-math6
[1.728s] -- Looking for OGRE...
[1.729s] -- OGRE_PREFIX_WATCH changed.
[1.732s] -- Checking for module 'OGRE'
[1.740s] --   Found OGRE, version 1.9.0
[1.758s] -- Found Ogre Ghadamon (1.9.0)
[1.763s] -- Found OGRE: optimized;/usr/lib/x86_64-linux-gnu/libOgreMain.so;debug;/usr/lib/x86_64-linux-gnu/libOgreMain.so
[1.770s] -- Looking for OGRE_Paging...
[1.774s] -- Found OGRE_Paging: optimized;/usr/lib/x86_64-linux-gnu/libOgrePaging.so;debug;/usr/lib/x86_64-linux-gnu/libOgrePaging.so
[1.774s] -- Looking for OGRE_Terrain...
[1.777s] -- Found OGRE_Terrain: optimized;/usr/lib/x86_64-linux-gnu/libOgreTerrain.so;debug;/usr/lib/x86_64-linux-gnu/libOgreTerrain.so
[1.778s] -- Looking for OGRE_Property...
[1.781s] -- Found OGRE_Property: optimized;/usr/lib/x86_64-linux-gnu/libOgreProperty.so;debug;/usr/lib/x86_64-linux-gnu/libOgreProperty.so
[1.781s] -- Looking for OGRE_RTShaderSystem...
[1.785s] -- Found OGRE_RTShaderSystem: optimized;/usr/lib/x86_64-linux-gnu/libOgreRTShaderSystem.so;debug;/usr/lib/x86_64-linux-gnu/libOgreRTShaderSystem.so
[1.785s] -- Looking for OGRE_Volume...
[1.788s] -- Found OGRE_Volume: optimized;/usr/lib/x86_64-linux-gnu/libOgreVolume.so;debug;/usr/lib/x86_64-linux-gnu/libOgreVolume.so
[1.788s] -- Looking for OGRE_Overlay...
[1.792s] -- Found OGRE_Overlay: optimized;/usr/lib/x86_64-linux-gnu/libOgreOverlay.so;debug;/usr/lib/x86_64-linux-gnu/libOgreOverlay.so
[1.871s] -- Looking for ignition-math6 -- found version 6.15.0
[1.875s] -- Looking for ignition-transport8 -- found version 8.2.1
[1.876s] -- Searching for dependencies of ignition-transport8
[1.889s] -- Found Protobuf: /usr/lib/x86_64-linux-gnu/libprotobuf.so (found suitable version "3.12.4", minimum required is "3") 
[1.897s] -- Config-file not installed for ZeroMQ -- checking for pkg-config
[1.901s] -- Checking for module 'libzmq >= 4'
[1.911s] --   Found libzmq , version 4.3.4
[1.934s] -- Found ZeroMQ: TRUE (Required is at least version "4") 
[1.938s] -- Checking for module 'uuid'
[1.946s] --   Found uuid, version 2.37.2
[1.965s] -- Found UUID: TRUE  
[1.967s] -- Looking for ignition-msgs5 -- found version 5.8.1
[1.967s] -- Searching for dependencies of ignition-msgs5
[1.981s] -- Looking for ignition-math6 -- found version 6.15.0
[1.985s] -- Checking for module 'tinyxml2'
[1.993s] --   Found tinyxml2, version 9.0.0
[2.017s] -- Looking for ignition-msgs5 -- found version 5.8.1
[2.020s] -- Looking for ignition-common3 -- found version 3.14.0
[2.020s] -- Searching for dependencies of ignition-common3
[2.021s] -- Looking for dlfcn.h - found
[2.021s] -- Looking for libdl - found
[2.022s] -- Found DL: TRUE  
[2.031s] -- Found tinyobjloader: /usr/lib/x86_64-linux-gnu/cmake/tinyobjloader/tinyobjloader-config.cmake (found version "2.0.0") 
[2.033s] -- Searching for <ignition-common3> component [graphics]
[2.035s] -- Looking for ignition-common3-graphics -- found version 3.14.0
[2.035s] -- Searching for dependencies of ignition-common3-graphics
[2.036s] -- Looking for ignition-math6 -- found version 6.15.0
[2.038s] -- Looking for ignition-fuel_tools4 -- found version 4.4.0
[2.039s] -- Searching for dependencies of ignition-fuel_tools4
[2.090s] -- Found CURL: /usr/lib/x86_64-linux-gnu/libcurl.so (found version "7.81.0")  
[2.097s] -- Checking for module 'jsoncpp'
[2.108s] --   Found jsoncpp, version 1.9.5
[2.133s] -- Found JSONCPP: TRUE  
[2.137s] -- Checking for module 'libzip'
[2.146s] --   Found libzip, version 1.7.3
[2.166s] -- Found ZIP: TRUE  
[2.167s] -- Looking for ignition-common3 -- found version 3.14.0
[2.167s] -- Looking for ignition-math6 -- found version 6.15.0
[2.168s] -- Looking for ignition-msgs5 -- found version 5.8.1
[2.172s] -- Found gazebo_ros_pkgs: 3.7.0 (/opt/ros/humble/share/gazebo_ros_pkgs/cmake)
[2.174s] -- Found geometry_msgs: 4.2.3 (/opt/ros/humble/share/geometry_msgs/cmake)
[2.217s] -- Found nav_msgs: 4.2.3 (/opt/ros/humble/share/nav_msgs/cmake)
[2.293s] -- Found sensor_msgs: 4.2.3 (/opt/ros/humble/share/sensor_msgs/cmake)
[2.367s] -- Found tf2: 0.25.5 (/opt/ros/humble/share/tf2/cmake)
[2.426s] -- Configuring done
[2.430s] -- Generating done
[2.432s] -- Build files have been written to: /home/imnotarobot/ros2_ws/build/robile_gazebo
[2.468s] Invoked command in '/home/imnotarobot/ros2_ws/build/robile_gazebo' returned '0': CMAKE_PREFIX_PATH=${CMAKE_PREFIX_PATH}:/home/imnotarobot/ros2_ws/install/robile_reach_goal:/home/imnotarobot/ros2_ws/install/robile_control_simple:/home/imnotarobot/ros2_ws/install/robile_bringup:/opt/ros/humble /usr/bin/cmake /home/imnotarobot/ros2_ws/src/robile_gazebo -DCMAKE_INSTALL_PREFIX=/home/imnotarobot/ros2_ws/install/robile_gazebo
[2.469s] Invoking command in '/home/imnotarobot/ros2_ws/build/robile_gazebo': CMAKE_PREFIX_PATH=${CMAKE_PREFIX_PATH}:/home/imnotarobot/ros2_ws/install/robile_reach_goal:/home/imnotarobot/ros2_ws/install/robile_control_simple:/home/imnotarobot/ros2_ws/install/robile_bringup:/opt/ros/humble /usr/bin/cmake --build /home/imnotarobot/ros2_ws/build/robile_gazebo -- -j12 -l12
[2.499s] Invoked command in '/home/imnotarobot/ros2_ws/build/robile_gazebo' returned '0': CMAKE_PREFIX_PATH=${CMAKE_PREFIX_PATH}:/home/imnotarobot/ros2_ws/install/robile_reach_goal:/home/imnotarobot/ros2_ws/install/robile_control_simple:/home/imnotarobot/ros2_ws/install/robile_bringup:/opt/ros/humble /usr/bin/cmake --build /home/imnotarobot/ros2_ws/build/robile_gazebo -- -j12 -l12
[2.516s] Invoking command in '/home/imnotarobot/ros2_ws/build/robile_gazebo': CMAKE_PREFIX_PATH=${CMAKE_PREFIX_PATH}:/home/imnotarobot/ros2_ws/install/robile_reach_goal:/home/imnotarobot/ros2_ws/install/robile_control_simple:/home/imnotarobot/ros2_ws/install/robile_bringup:/opt/ros/humble /usr/bin/cmake --install /home/imnotarobot/ros2_ws/build/robile_gazebo
[2.521s] -- Install configuration: ""
[2.521s] -- Installing: /home/imnotarobot/ros2_ws/install/robile_gazebo/share/robile_gazebo//config
[2.521s] -- Installing: /home/imnotarobot/ros2_ws/install/robile_gazebo/share/robile_gazebo//config/rviz
[2.521s] -- Installing: /home/imnotarobot/ros2_ws/install/robile_gazebo/share/robile_gazebo//config/rviz/robile_rolling.rviz
[2.521s] -- Installing: /home/imnotarobot/ros2_ws/install/robile_gazebo/share/robile_gazebo//config/rviz/robile_foxy_nav.rviz
[2.521s] -- Installing: /home/imnotarobot/ros2_ws/install/robile_gazebo/share/robile_gazebo//config/rviz/robile.rviz
[2.521s] -- Installing: /home/imnotarobot/ros2_ws/install/robile_gazebo/share/robile_gazebo//config/doxygen
[2.521s] -- Installing: /home/imnotarobot/ros2_ws/install/robile_gazebo/share/robile_gazebo//config/doxygen/Doxyfile.in
[2.521s] -- Installing: /home/imnotarobot/ros2_ws/install/robile_gazebo/share/robile_gazebo//launch
[2.522s] -- Installing: /home/imnotarobot/ros2_ws/install/robile_gazebo/share/robile_gazebo//launch/gazebo_4_wheel.launch.py
[2.522s] -- Installing: /home/imnotarobot/ros2_ws/install/robile_gazebo/share/robile_gazebo//worlds
[2.522s] -- Installing: /home/imnotarobot/ros2_ws/install/robile_gazebo/share/robile_gazebo//worlds/potential_field_gazebo.world
[2.522s] -- Installing: /home/imnotarobot/ros2_ws/install/robile_gazebo/share/robile_gazebo//worlds/closed_walls.world
[2.522s] -- Installing: /home/imnotarobot/ros2_ws/install/robile_gazebo/share/ament_index/resource_index/package_run_dependencies/robile_gazebo
[2.522s] -- Installing: /home/imnotarobot/ros2_ws/install/robile_gazebo/share/ament_index/resource_index/parent_prefix_path/robile_gazebo
[2.522s] -- Installing: /home/imnotarobot/ros2_ws/install/robile_gazebo/share/robile_gazebo/environment/ament_prefix_path.sh
[2.522s] -- Installing: /home/imnotarobot/ros2_ws/install/robile_gazebo/share/robile_gazebo/environment/ament_prefix_path.dsv
[2.522s] -- Installing: /home/imnotarobot/ros2_ws/install/robile_gazebo/share/robile_gazebo/environment/path.sh
[2.522s] -- Installing: /home/imnotarobot/ros2_ws/install/robile_gazebo/share/robile_gazebo/environment/path.dsv
[2.522s] -- Installing: /home/imnotarobot/ros2_ws/install/robile_gazebo/share/robile_gazebo/local_setup.bash
[2.523s] -- Installing: /home/imnotarobot/ros2_ws/install/robile_gazebo/share/robile_gazebo/local_setup.sh
[2.523s] -- Installing: /home/imnotarobot/ros2_ws/install/robile_gazebo/share/robile_gazebo/local_setup.zsh
[2.523s] -- Installing: /home/imnotarobot/ros2_ws/install/robile_gazebo/share/robile_gazebo/local_setup.dsv
[2.523s] -- Installing: /home/imnotarobot/ros2_ws/install/robile_gazebo/share/robile_gazebo/package.dsv
[2.523s] -- Installing: /home/imnotarobot/ros2_ws/install/robile_gazebo/share/ament_index/resource_index/packages/robile_gazebo
[2.523s] -- Installing: /home/imnotarobot/ros2_ws/install/robile_gazebo/share/robile_gazebo/cmake/ament_cmake_export_include_directories-extras.cmake
[2.523s] -- Installing: /home/imnotarobot/ros2_ws/install/robile_gazebo/share/robile_gazebo/cmake/robile_gazeboConfig.cmake
[2.523s] -- Installing: /home/imnotarobot/ros2_ws/install/robile_gazebo/share/robile_gazebo/cmake/robile_gazeboConfig-version.cmake
[2.523s] -- Installing: /home/imnotarobot/ros2_ws/install/robile_gazebo/share/robile_gazebo/package.xml
[2.525s] Invoked command in '/home/imnotarobot/ros2_ws/build/robile_gazebo' returned '0': CMAKE_PREFIX_PATH=${CMAKE_PREFIX_PATH}:/home/imnotarobot/ros2_ws/install/robile_reach_goal:/home/imnotarobot/ros2_ws/install/robile_control_simple:/home/imnotarobot/ros2_ws/install/robile_bringup:/opt/ros/humble /usr/bin/cmake --install /home/imnotarobot/ros2_ws/build/robile_gazebo
