running egg_info
writing ../../../../build/robile_reach_goal/robile_reach_goal.egg-info/PKG-INFO
writing dependency_links to ../../../../build/robile_reach_goal/robile_reach_goal.egg-info/dependency_links.txt
writing entry points to ../../../../build/robile_reach_goal/robile_reach_goal.egg-info/entry_points.txt
writing requirements to ../../../../build/robile_reach_goal/robile_reach_goal.egg-info/requires.txt
writing top-level names to ../../../../build/robile_reach_goal/robile_reach_goal.egg-info/top_level.txt
reading manifest file '../../../../build/robile_reach_goal/robile_reach_goal.egg-info/SOURCES.txt'
writing manifest file '../../../../build/robile_reach_goal/robile_reach_goal.egg-info/SOURCES.txt'
running build
running build_py
/usr/lib/python3/dist-packages/setuptools/command/install.py:34: SetuptoolsDeprecationWarning: setup.py install is deprecated. Use build and pip and other standards-based tools.
  warnings.warn(
running install
running install_lib
running install_data
running install_egg_info
removing '/home/imnotarobot/ros2_ws/install/robile_reach_goal/lib/python3.10/site-packages/robile_reach_goal-0.0.0-py3.10.egg-info' (and everything under it)
Copying ../../../../build/robile_reach_goal/robile_reach_goal.egg-info to /home/imnotarobot/ros2_ws/install/robile_reach_goal/lib/python3.10/site-packages/robile_reach_goal-0.0.0-py3.10.egg-info
running install_scripts
Installing robile_reach_goal script to /home/imnotarobot/ros2_ws/install/robile_reach_goal/lib/robile_reach_goal
writing list of installed files to '/home/imnotarobot/ros2_ws/build/robile_reach_goal/install.log'
