Built target ament_cmake_python_copy_robile_navigation
running egg_info
writing robile_navigation.egg-info/PKG-INFO
writing dependency_links to robile_navigation.egg-info/dependency_links.txt
writing top-level names to robile_navigation.egg-info/top_level.txt
reading manifest file 'robile_navigation.egg-info/SOURCES.txt'
writing manifest file 'robile_navigation.egg-info/SOURCES.txt'
Built target ament_cmake_python_build_robile_navigation_egg
-- Install configuration: ""
-- Up-to-date: /home/imnotarobot/ros2_ws/install/robile_navigation/share/robile_navigation/launch
-- Up-to-date: /home/imnotarobot/ros2_ws/install/robile_navigation/share/robile_navigation/launch/navigation.launch.py
-- Up-to-date: /home/imnotarobot/ros2_ws/install/robile_navigation/share/robile_navigation/launch/robile_nav2_bringup.launch.py
-- Up-to-date: /home/imnotarobot/ros2_ws/install/robile_navigation/share/robile_navigation/launch/localization.launch.py
-- Up-to-date: /home/imnotarobot/ros2_ws/install/robile_navigation/share/robile_navigation/launch/online_async.launch.py
-- Up-to-date: /home/imnotarobot/ros2_ws/install/robile_navigation/share/robile_navigation/launch/landmark_based_localisation.launch.py
-- Up-to-date: /home/imnotarobot/ros2_ws/install/robile_navigation/share/robile_navigation/config
-- Up-to-date: /home/imnotarobot/ros2_ws/install/robile_navigation/share/robile_navigation/config/nav2_params.yaml
-- Up-to-date: /home/imnotarobot/ros2_ws/install/robile_navigation/share/robile_navigation/config/smacPlannerLattice.json
-- Up-to-date: /home/imnotarobot/ros2_ws/install/robile_navigation/share/robile_navigation/config/mapper_params_online_async.yaml
-- Up-to-date: /home/imnotarobot/ros2_ws/install/robile_navigation/share/robile_navigation/config/robile_nav_params.yaml
-- Up-to-date: /home/imnotarobot/ros2_ws/install/robile_navigation/share/robile_navigation/config/amcl_config.yaml
-- Up-to-date: /home/imnotarobot/ros2_ws/install/robile_navigation/share/robile_navigation/config/robile_ros2_nav.rviz
-- Up-to-date: /home/imnotarobot/ros2_ws/install/robile_navigation/share/robile_navigation/maps
-- Installing: /home/imnotarobot/ros2_ws/install/robile_navigation/share/robile_navigation/maps/map1.pgm
-- Up-to-date: /home/imnotarobot/ros2_ws/install/robile_navigation/share/robile_navigation/maps/map.yaml
-- Installing: /home/imnotarobot/ros2_ws/install/robile_navigation/share/robile_navigation/maps/map1.yaml
-- Up-to-date: /home/imnotarobot/ros2_ws/install/robile_navigation/share/robile_navigation/maps/closed_walls_map.pgm
-- Up-to-date: /home/imnotarobot/ros2_ws/install/robile_navigation/share/robile_navigation/maps/map.pgm
-- Up-to-date: /home/imnotarobot/ros2_ws/install/robile_navigation/share/robile_navigation/maps/closed_walls_map.yaml
-- Up-to-date: /home/imnotarobot/ros2_ws/install/robile_navigation/share/robile_navigation/environment/pythonpath.sh
-- Up-to-date: /home/imnotarobot/ros2_ws/install/robile_navigation/share/robile_navigation/environment/pythonpath.dsv
-- Up-to-date: /home/imnotarobot/ros2_ws/install/robile_navigation/local/lib/python3.10/dist-packages/robile_navigation-0.0.0-py3.10.egg-info
-- Installing: /home/imnotarobot/ros2_ws/install/robile_navigation/local/lib/python3.10/dist-packages/robile_navigation-0.0.0-py3.10.egg-info/dependency_links.txt
-- Installing: /home/imnotarobot/ros2_ws/install/robile_navigation/local/lib/python3.10/dist-packages/robile_navigation-0.0.0-py3.10.egg-info/top_level.txt
-- Installing: /home/imnotarobot/ros2_ws/install/robile_navigation/local/lib/python3.10/dist-packages/robile_navigation-0.0.0-py3.10.egg-info/SOURCES.txt
-- Installing: /home/imnotarobot/ros2_ws/install/robile_navigation/local/lib/python3.10/dist-packages/robile_navigation-0.0.0-py3.10.egg-info/PKG-INFO
-- Up-to-date: /home/imnotarobot/ros2_ws/install/robile_navigation/local/lib/python3.10/dist-packages/robile_navigation
-- Up-to-date: /home/imnotarobot/ros2_ws/install/robile_navigation/local/lib/python3.10/dist-packages/robile_navigation/__init__.py
Listing '/home/imnotarobot/ros2_ws/install/robile_navigation/local/lib/python3.10/dist-packages/robile_navigation'...
-- Up-to-date: /home/imnotarobot/ros2_ws/install/robile_navigation/lib/robile_navigation/robile_rfid_tag_finder.py
-- Up-to-date: /home/imnotarobot/ros2_ws/install/robile_navigation/share/ament_index/resource_index/package_run_dependencies/robile_navigation
-- Up-to-date: /home/imnotarobot/ros2_ws/install/robile_navigation/share/ament_index/resource_index/parent_prefix_path/robile_navigation
-- Up-to-date: /home/imnotarobot/ros2_ws/install/robile_navigation/share/robile_navigation/environment/ament_prefix_path.sh
-- Up-to-date: /home/imnotarobot/ros2_ws/install/robile_navigation/share/robile_navigation/environment/ament_prefix_path.dsv
-- Up-to-date: /home/imnotarobot/ros2_ws/install/robile_navigation/share/robile_navigation/environment/path.sh
-- Up-to-date: /home/imnotarobot/ros2_ws/install/robile_navigation/share/robile_navigation/environment/path.dsv
-- Up-to-date: /home/imnotarobot/ros2_ws/install/robile_navigation/share/robile_navigation/local_setup.bash
-- Up-to-date: /home/imnotarobot/ros2_ws/install/robile_navigation/share/robile_navigation/local_setup.sh
-- Up-to-date: /home/imnotarobot/ros2_ws/install/robile_navigation/share/robile_navigation/local_setup.zsh
-- Up-to-date: /home/imnotarobot/ros2_ws/install/robile_navigation/share/robile_navigation/local_setup.dsv
-- Up-to-date: /home/imnotarobot/ros2_ws/install/robile_navigation/share/robile_navigation/package.dsv
-- Up-to-date: /home/imnotarobot/ros2_ws/install/robile_navigation/share/ament_index/resource_index/packages/robile_navigation
-- Up-to-date: /home/imnotarobot/ros2_ws/install/robile_navigation/share/robile_navigation/cmake/robile_navigationConfig.cmake
-- Up-to-date: /home/imnotarobot/ros2_ws/install/robile_navigation/share/robile_navigation/cmake/robile_navigationConfig-version.cmake
-- Up-to-date: /home/imnotarobot/ros2_ws/install/robile_navigation/share/robile_navigation/package.xml
